07:21:26.509 > Registered to start:
07:21:26.509 >  ears
07:21:26.509 >  upnp
07:21:26.509 >  onof
07:21:26.509 >  tick
07:21:26.509 >  gpio
07:21:26.509 >  mqtt
07:21:26.509 >  cmd
07:21:26.509 >  wifi
07:21:26.509 >  wink
07:21:26.509 >  beat
07:21:26.509 > GPIOs defined:
07:21:26.509 >  02 S=0 C=4 NPL=1
07:21:26.509 > H4P_PinMachine::svcUp 1
07:21:26.509 > START PINS:  P02 S=LO P=1 L=1 C=BLACK V=1 O=1 A=0
07:21:26.509 > 
07:21:26.509 > Brownout detector was triggered
07:21:26.509 > 
07:21:26.509 > ets Jun  8 2016 00:22:57
07:21:26.509 > 
07:21:26.509 > rst:0xc (SW_CPU_RESET),boot:0x13 (SPI_FAST_FLASH_BOOT)
07:21:26.509 > configsip: 0, SPIWP:0xee
07:21:26.509 > clk_drv:0x00,q_drv:0x00,d_drv:0x00,cs0_drv:0x00,hd_drv:0x00,wp_drv:0x00
07:21:26.509 > mode:DIO, clock div:2
07:21:26.509 > load:0x3fff0030,len:1184
07:21:26.509 > load:0x40078000,len:13192
07:21:26.509 > load:0x40080400,len:3028
07:21:26.509 > entry 0x400805e4
07:21:26.509 > Registered to start:
07:21:26.509 >  ears
07:21:26.509 >  upnp
07:21:26.509 >  onof
07:21:26.509 >  tick
07:21:26.509 >  gpio
07:21:26.509 >  mqtt
07:21:26.509 >  cmd
07:21:26.509 >  wifi
07:21:26.509 >  wink
07:21:26.509 >  beat
07:21:26.509 > GPIOs defined:
07:21:26.509 >  02 S=0 C=4 NPL=1
07:21:26.509 > H4P_PinMachine::svcUp 1
07:21:26.509 > START PINS:  P02 S=LO P=1 L=0 C=BLACK V=0 O=1 A=0
07:21:26.509 > AARD:1: CONNECTING to 192.168.1.34:1883 secure=0 FH=110580
07:21:26.509 > AARD:1: Connected Max packet size 51194 TCP_MSS=1436 SND_BUF=5744 TCP_WND=5744
07:21:26.509 > AARD:1: ----> TX 51 bytes
07:21:26.509 > AARD:1: <---- RX 3FFDAC2A len=4 PSH=1 stored=0 FH=110580
07:21:26.509 > PANG:1: MQTT CONNACK
07:21:26.509 > PANG:2:  Data @ 0x3ffdac2a len=4 RL=2
07:21:26.509 > PANG:1: CONNECTED FH=110580 MaxPL=53242 SESSION CLEAN
07:21:26.509 > AARD:1: ----> TX 12 bytes
07:21:26.509 > PANG:1: MQTT PUBLISH
07:21:26.509 > PANG:2:  Data @ 0x3ffdae84 len=66 RL=64
07:21:26.509 > AARD:1: ----> TX 15 bytes
07:21:26.509 > AARD:1: <---- RX 3FFDB78A len=5 PSH=1 stored=0 FH=110580
07:21:26.509 > PANG:1: MQTT SUBACK
07:21:26.509 > PANG:2:  Data @ 0x3ffdb78a len=5 RL=3
07:21:26.509 > AARD:1: ----> TX 20 bytes
07:21:26.509 > AARD:1: <---- RX 3FFDB606 len=5 PSH=1 stored=0 FH=110580
07:21:26.509 > PANG:1: MQTT SUBACK
07:21:26.509 > PANG:2:  Data @ 0x3ffdb606 len=5 RL=3
07:21:26.509 > AARD:1: ----> TX 18 bytes
07:21:26.509 > AARD:1: <---- RX 3FFDB78A len=5 PSH=1 stored=0 FH=110580
07:21:26.509 > PANG:1: MQTT SUBACK
07:21:26.509 > PANG:2:  Data @ 0x3ffdb78a len=5 RL=3
07:21:26.509 > AARD:1: ----> TX 18 bytes
07:21:26.509 > AARD:1: <---- RX 3FFDB606 len=5 PSH=1 stored=0 FH=110580
07:21:26.509 > PANG:1: MQTT SUBACK
07:21:26.509 > PANG:2:  Data @ 0x3ffdb606 len=5 RL=3
07:21:26.509 > AARD:1: ----> TX 66 bytes
07:21:26.509 > AARD:1: <---- RX 3FFDB78A len=5 PSH=1 stored=0 FH=110580
07:21:26.509 > PANG:1: MQTT SUBACK
07:21:26.509 > PANG:2:  Data @ 0x3ffdb78a len=5 RL=3
07:21:28.850 > Publishing 110580 to heap
07:21:28.854 > PANG:1: MQTT PUBLISH
07:21:28.856 > PANG:2:  Data @ 0x3ffd4ac0 len=28 RL=26
07:21:28.860 > AARD:1: ----> TX 28 bytes
07:21:28.861 > Publishing 5337 to millis
07:21:28.862 > PANG:1: MQTT PUBLISH
07:21:28.866 > PANG:2:  Data @ 0x3ffd9f1c len=28 RL=26
07:21:28.870 > Heap: 110580
07:21:28.871 > PANG:1: MQTT PUBLISH
07:21:28.873 > PANG:2:  Data @ 0x3ffdab60 len=106 RL=104
07:21:28.887 > AARD:1: ----> TX 28 bytes
07:21:28.891 > AARD:1: <---- RX 3FFDB9F6 len=4 PSH=1 stored=0 FH=110580
07:21:28.896 > PANG:1: MQTT PUBACK
07:21:28.898 > PANG:2:  Data @ 0x3ffdb9f6 len=4 RL=2
07:21:28.901 > AARD:1: ----> TX 106 bytes
07:21:28.903 > AARD:1: <---- RX 3FFDB9F6 len=4 PSH=1 stored=0 FH=110580
07:21:28.908 > PANG:1: MQTT PUBACK
07:21:28.910 > PANG:2:  Data @ 0x3ffdb9f6 len=4 RL=2
07:21:28.913 > AARD:1: TCP onDisconnect
07:21:28.916 > AARD:1: ON DISCONNECT FH=110580 r=0
07:21:28.919 > PANG:1: TCP CHOPPED US! 0
07:21:33.857 > Publishing 110580 to heap
07:21:33.860 > PANG:1: NOTIFY e=8 inf=0
07:21:33.869 > Publishing 10350 to millis
07:21:33.871 > PANG:1: NOTIFY e=8 inf=0
07:21:33.874 > Heap: 110580
07:21:33.875 > PANG:1: NOTIFY e=8 inf=0
07:21:38.854 > Publishing 110580 to heap
07:21:38.854 > PANG:1: NOTIFY e=8 inf=0
07:21:38.870 > Publishing 15351 to millis
07:21:38.872 > PANG:1: NOTIFY e=8 inf=0
07:21:38.876 > Heap: 110580
07:21:38.877 > PANG:1: NOTIFY e=8 inf=0
07:21:43.855 > Publishing 110580 to heap
07:21:43.855 > PANG:1: NOTIFY e=8 inf=0
07:21:43.871 > Publishing 20352 to millis
07:21:43.873 > PANG:1: NOTIFY e=8 inf=0
07:21:43.876 > Heap: 110580
07:21:43.878 > PANG:1: NOTIFY e=8 inf=0
07:21:48.854 > Publishing 110580 to heap
07:21:48.854 > PANG:1: NOTIFY e=8 inf=0
07:21:48.871 > Publishing 25352 to millis
07:21:48.873 > PANG:1: NOTIFY e=8 inf=0
07:21:48.876 > Heap: 110580
07:21:48.877 > PANG:1: NOTIFY e=8 inf=0
07:21:48.915 > AARD:1: CONNECTING to 192.168.1.34:1883 secure=0 FH=110580
07:21:48.924 > AARD:1: Connected Max packet size 51194 TCP_MSS=1436 SND_BUF=5744 TCP_WND=5744
07:21:48.935 > AARD:1: ----> TX 51 bytes
07:21:48.940 > AARD:1: <---- RX 3FFDAC2A len=4 PSH=1 stored=0 FH=110580
07:21:48.945 > PANG:1: MQTT CONNACK
07:21:48.947 > PANG:2:  Data @ 0x3ffdac2a len=4 RL=2
07:21:48.950 > PANG:1: CONNECTED FH=110580 MaxPL=53242 SESSION CLEAN
07:21:48.955 > AARD:1: ----> TX 12 bytes
07:21:48.960 > PANG:1: MQTT PUBLISH
07:21:48.962 > PANG:2:  Data @ 0x3ffd534c len=66 RL=64
07:21:48.969 > AARD:1: ----> TX 15 bytes
07:21:48.973 > AARD:1: <---- RX 3FFDBAF6 len=5 PSH=1 stored=0 FH=110580
07:21:48.977 > PANG:1: MQTT SUBACK
07:21:48.979 > PANG:2:  Data @ 0x3ffdbaf6 len=5 RL=3
07:21:48.982 > AARD:1: ----> TX 20 bytes
07:21:48.985 > AARD:1: <---- RX 3FFDBAD6 len=5 PSH=1 stored=0 FH=110580
07:21:48.990 > PANG:1: MQTT SUBACK
07:21:48.991 > PANG:2:  Data @ 0x3ffdbad6 len=5 RL=3
07:21:48.995 > AARD:1: ----> TX 18 bytes
07:21:48.997 > AARD:1: <---- RX 3FFDAC2A len=5 PSH=1 stored=0 FH=110580
07:21:49.002 > PANG:1: MQTT SUBACK
07:21:49.004 > PANG:2:  Data @ 0x3ffdac2a len=5 RL=3
07:21:49.007 > AARD:1: ----> TX 18 bytes
07:21:49.009 > AARD:1: <---- RX 3FFDBAD6 len=5 PSH=1 stored=0 FH=110580
07:21:49.014 > PANG:1: MQTT SUBACK
07:21:49.016 > PANG:2:  Data @ 0x3ffdbad6 len=5 RL=3
07:21:49.019 > AARD:1: ----> TX 66 bytes
07:21:49.021 > AARD:1: <---- RX 3FFDAC2A len=5 PSH=1 stored=0 FH=110580
07:21:49.026 > PANG:1: MQTT SUBACK
07:21:49.028 > PANG:2:  Data @ 0x3ffdac2a len=5 RL=3
07:21:53.855 > Publishing 110580 to heap
07:21:53.855 > PANG:1: MQTT PUBLISH
07:21:53.861 > PANG:2:  Data @ 0x3ffd4ac0 len=28 RL=26
07:21:53.864 > AARD:1: ----> TX 28 bytes
07:21:53.870 > AARD:1: <---- RX 3FFDBAD6 len=4 PSH=1 stored=0 FH=110580
07:21:53.876 > PANG:1: MQTT PUBACK
07:21:53.877 > PANG:2:  Data @ 0x3ffdbad6 len=4 RL=2
07:21:53.881 > Publishing 30353 to millis
07:21:53.882 > PANG:1: MQTT PUBLISH
07:21:53.885 > PANG:2:  Data @ 0x3ffd9f1c len=29 RL=27
07:21:53.888 > AARD:1: ----> TX 29 bytes
07:21:53.890 > Heap: 110580
07:21:53.892 > PANG:1: MQTT PUBLISH
07:21:53.893 > PANG:2:  Data @ 0x3ffda564 len=106 RL=104
07:21:53.897 > AARD:1: ----> TX 106 bytes
07:21:53.899 > AARD:1: <---- RX 3FFDBAD6 len=4 PSH=1 stored=0 FH=110580
07:21:53.904 > PANG:1: MQTT PUBACK
07:21:53.906 > PANG:2:  Data @ 0x3ffdbad6 len=4 RL=2
07:21:53.909 > AARD:1: TCP onDisconnect
07:21:53.911 > AARD:1: ON DISCONNECT FH=110580 r=0
07:21:53.914 > PANG:1: TCP CHOPPED US! 0
07:21:58.861 > Publishing 110580 to heap
07:21:58.864 > PANG:1: NOTIFY e=8 inf=0
07:21:58.888 > Publishing 35369 to millis
07:21:58.890 > PANG:1: NOTIFY e=8 inf=0
07:21:58.893 > Heap: 110580
07:21:58.894 > PANG:1: NOTIFY e=8 inf=0
07:22:03.861 > Publishing 110580 to heap
07:22:03.864 > PANG:1: NOTIFY e=8 inf=0
07:22:03.889 > Publishing 40370 to millis
07:22:03.892 > PANG:1: NOTIFY e=8 inf=0
07:22:03.894 > Heap: 110580
07:22:03.895 > PANG:1: NOTIFY e=8 inf=0
07:22:08.854 > Publishing 110580 to heap
07:22:08.864 > PANG:1: NOTIFY e=8 inf=0
07:22:08.890 > Publishing 45371 to millis
07:22:08.892 > PANG:1: NOTIFY e=8 inf=0
07:22:08.895 > Heap: 110580
07:22:08.896 > PANG:1: NOTIFY e=8 inf=0
07:22:13.854 > Publishing 110580 to heap
07:22:13.864 > PANG:1: NOTIFY e=8 inf=0
07:22:13.890 > Publishing 50372 to millis
07:22:13.894 > PANG:1: NOTIFY e=8 inf=0
07:22:13.896 > Heap: 110580
07:22:13.897 > PANG:1: NOTIFY e=8 inf=0
07:22:13.911 > AARD:1: CONNECTING to 192.168.1.34:1883 secure=0 FH=110580
07:22:13.921 > AARD:1: Connected Max packet size 51194 TCP_MSS=1436 SND_BUF=5744 TCP_WND=5744
07:22:13.929 > AARD:1: ----> TX 51 bytes
07:22:13.936 > AARD:1: <---- RX 3FFDBAD6 len=4 PSH=1 stored=0 FH=110580
07:22:13.941 > PANG:1: MQTT CONNACK
07:22:13.943 > PANG:2:  Data @ 0x3ffdbad6 len=4 RL=2
07:22:13.946 > PANG:1: CONNECTED FH=110580 MaxPL=53242 SESSION CLEAN
07:22:13.951 > AARD:1: ----> TX 12 bytes
07:22:13.956 > PANG:1: MQTT PUBLISH
07:22:13.958 > PANG:2:  Data @ 0x3ffd4b3c len=66 RL=64
07:22:13.968 > AARD:1: ----> TX 15 bytes
07:22:13.972 > AARD:1: <---- RX 3FFDBAD6 len=5 PSH=1 stored=0 FH=110580
07:22:13.975 > PANG:1: MQTT SUBACK
07:22:13.977 > PANG:2:  Data @ 0x3ffdbad6 len=5 RL=3
07:22:13.982 > AARD:1: ----> TX 20 bytes
07:22:13.984 > AARD:1: <---- RX 3FFDBAD6 len=5 PSH=1 stored=0 FH=110580
07:22:13.988 > PANG:1: MQTT SUBACK
07:22:13.989 > PANG:2:  Data @ 0x3ffdbad6 len=5 RL=3
07:22:13.994 > AARD:1: ----> TX 18 bytes
07:22:13.996 > AARD:1: <---- RX 3FFDB80A len=5 PSH=1 stored=0 FH=110580
07:22:14.001 > PANG:1: MQTT SUBACK
07:22:14.003 > PANG:2:  Data @ 0x3ffdb80a len=5 RL=3
07:22:14.006 > AARD:1: ----> TX 18 bytes
07:22:14.008 > AARD:1: <---- RX 3FFDBAD6 len=5 PSH=1 stored=0 FH=110580
07:22:14.013 > PANG:1: MQTT SUBACK
07:22:14.015 > PANG:2:  Data @ 0x3ffdbad6 len=5 RL=3
07:22:14.018 > AARD:1: ----> TX 66 bytes
07:22:14.020 > AARD:1: <---- RX 3FFB6EAA len=5 PSH=1 stored=0 FH=110580
07:22:14.025 > PANG:1: MQTT SUBACK
07:22:14.027 > PANG:2:  Data @ 0x3ffb6eaa len=5 RL=3
07:22:18.861 > Publishing 110580 to heap
07:22:18.864 > PANG:1: MQTT PUBLISH
07:22:18.865 > PANG:2:  Data @ 0x3ffb6e78 len=28 RL=26
07:22:18.869 > AARD:1: ----> TX 28 bytes
07:22:18.873 > AARD:1: <---- RX 3FFDBAD6 len=4 PSH=1 stored=0 FH=110580
07:22:18.879 > PANG:1: MQTT PUBACK
07:22:18.881 > PANG:2:  Data @ 0x3ffdbad6 len=4 RL=2
07:22:18.892 > Publishing 55373 to millis
07:22:18.895 > PANG:1: MQTT PUBLISH
07:22:18.896 > PANG:2:  Data @ 0x3ffb6e7c len=29 RL=27
07:22:18.900 > AARD:1: ----> TX 29 bytes
07:22:18.902 > Heap: 110580
07:22:18.903 > PANG:1: MQTT PUBLISH
07:22:18.905 > PANG:2:  Data @ 0x3ffb6f58 len=106 RL=104
07:22:18.909 > AARD:1: ----> TX 106 bytes
07:22:18.912 > AARD:1: <---- RX 3FFDBAD6 len=4 PSH=1 stored=0 FH=110580
07:22:18.922 > PANG:1: MQTT PUBACK
07:22:18.922 > PANG:2:  Data @ 0x3ffdbad6 len=4 RL=2
07:22:18.923 > AARD:1: TCP onDisconnect
07:22:18.925 > AARD:1: ON DISCONNECT FH=110580 r=0
07:22:18.928 > PANG:1: TCP CHOPPED US! 0
07:22:23.866 > Publishing 110580 to heap
07:22:23.867 > PANG:1: NOTIFY e=8 inf=0
07:22:23.895 > Publishing 60378 to millis
07:22:23.895 > PANG:1: NOTIFY e=8 inf=0
07:22:23.901 > Heap: 110580
07:22:23.902 > PANG:1: NOTIFY e=8 inf=0
07:22:28.866 > Publishing 110580 to heap
07:22:28.869 > PANG:1: NOTIFY e=8 inf=0
07:22:28.897 > Publishing 65378 to millis
07:22:28.900 > PANG:1: NOTIFY e=8 inf=0
07:22:28.902 > Heap: 110580
07:22:28.902 > PANG:1: NOTIFY e=8 inf=0
07:22:33.867 > Publishing 110580 to heap
07:22:33.869 > PANG:1: NOTIFY e=8 inf=0
07:22:33.898 > Publishing 70379 to millis
07:22:33.901 > PANG:1: NOTIFY e=8 inf=0
07:22:33.903 > Heap: 110580
07:22:33.904 > PANG:1: NOTIFY e=8 inf=0
07:22:39.024 > Publishing 110580 to heap
07:22:39.034 > PANG:1: NOTIFY e=8 inf=0
07:22:39.037 > Publishing 75514 to millis
07:22:39.038 > PANG:1: NOTIFY e=8 inf=0
07:22:39.040 > Heap: 110580
07:22:39.041 > PANG:1: NOTIFY e=8 inf=0
07:22:39.044 > AARD:1: CONNECTING to 192.168.1.34:1883 secure=0 FH=110580
07:22:39.051 > AARD:1: Connected Max packet size 51194 TCP_MSS=1436 SND_BUF=5744 TCP_WND=5744
07:22:39.054 > AARD:1: ----> TX 51 bytes
07:22:39.076 > AARD:1: <---- RX 3FFB6F3E len=4 PSH=1 stored=0 FH=110580
07:22:39.076 > PANG:1: MQTT CONNACK
07:22:39.085 > PANG:2:  Data @ 0x3ffb6f3e len=4 RL=2
07:22:39.088 > PANG:1: CONNECTED FH=110580 MaxPL=53242 SESSION CLEAN
07:22:39.093 > AARD:1: ----> TX 12 bytes
07:22:39.097 > PANG:1: MQTT PUBLISH
07:22:39.099 > PANG:2:  Data @ 0x3ffdae84 len=66 RL=64
07:22:39.105 > AARD:1: ----> TX 15 bytes
07:22:39.109 > AARD:1: <---- RX 3FFDB80A len=5 PSH=1 stored=0 FH=110580
07:22:39.114 > PANG:1: MQTT SUBACK
07:22:39.115 > PANG:2:  Data @ 0x3ffdb80a len=5 RL=3
07:22:39.119 > AARD:1: ----> TX 20 bytes
07:22:39.121 > AARD:1: <---- RX 3FFDB80A len=5 PSH=1 stored=0 FH=110580
07:22:39.126 > PANG:1: MQTT SUBACK
07:22:39.128 > PANG:2:  Data @ 0x3ffdb80a len=5 RL=3
07:22:39.131 > AARD:1: ----> TX 18 bytes
07:22:39.133 > AARD:1: <---- RX 3FFDAC2A len=5 PSH=1 stored=0 FH=110580
07:22:39.138 > PANG:1: MQTT SUBACK
07:22:39.139 > PANG:2:  Data @ 0x3ffdac2a len=5 RL=3
07:22:39.146 > AARD:1: ----> TX 18 bytes
07:22:39.149 > AARD:1: <---- RX 3FFB6ECA len=5 PSH=1 stored=0 FH=110580
07:22:39.154 > PANG:1: MQTT SUBACK
07:22:39.155 > PANG:2:  Data @ 0x3ffb6eca len=5 RL=3
07:22:39.158 > AARD:1: ----> TX 66 bytes
07:22:39.160 > AARD:1: <---- RX 3FFB6ECA len=5 PSH=1 stored=0 FH=110580
07:22:39.166 > PANG:1: MQTT SUBACK
07:22:39.167 > PANG:2:  Data @ 0x3ffb6eca len=5 RL=3
07:22:44.032 > Publishing 110580 to heap
07:22:44.035 > PANG:1: MQTT PUBLISH
07:22:44.037 > PANG:2:  Data @ 0x3ffb6e78 len=28 RL=26
07:22:44.041 > AARD:1: ----> TX 28 bytes
07:22:44.043 > Publishing 80520 to millis
07:22:44.045 > PANG:1: MQTT PUBLISH
07:22:44.047 > PANG:2:  Data @ 0x3ffb6f98 len=29 RL=27
07:22:44.050 > Heap: 110580
07:22:44.051 > PANG:1: MQTT PUBLISH
07:22:44.054 > PANG:2:  Data @ 0x3ffdb828 len=106 RL=104
07:22:44.057 > AARD:1: ----> TX 29 bytes
07:22:44.059 > AARD:1: <---- RX 3FFDAC2A len=4 PSH=1 stored=0 FH=110580
07:22:44.065 > PANG:1: MQTT PUBACK
07:22:44.067 > PANG:2:  Data @ 0x3ffdac2a len=4 RL=2
07:22:44.070 > AARD:1: ----> TX 106 bytes
07:22:44.073 > AARD:1: <---- RX 3FFDB9F6 len=4 PSH=1 stored=0 FH=110580
07:22:44.078 > PANG:1: MQTT PUBACK
07:22:44.080 > PANG:2:  Data @ 0x3ffdb9f6 len=4 RL=2
07:22:44.083 > AARD:1: TCP onDisconnect
07:22:44.084 > AARD:1: ON DISCONNECT FH=110580 r=0
07:22:44.087 > PANG:1: TCP CHOPPED US! 0
07:22:49.039 > Publishing 110580 to heap
07:22:49.042 > PANG:1: NOTIFY e=8 inf=0
07:22:49.141 > Publishing 85593 to millis
07:22:49.144 > PANG:1: NOTIFY e=8 inf=0
07:22:49.148 > Heap: 110580
07:22:49.149 > PANG:1: NOTIFY e=8 inf=0
07:22:54.040 > Publishing 110580 to heap
07:22:54.042 > PANG:1: NOTIFY e=8 inf=0
07:22:54.144 > Publishing 90626 to millis
07:22:54.147 > PANG:1: NOTIFY e=8 inf=0
07:22:54.149 > Heap: 110580
07:22:54.150 > PANG:1: NOTIFY e=8 inf=0
07:22:59.035 > Publishing 110580 to heap
07:22:59.035 > PANG:1: NOTIFY e=8 inf=0
07:22:59.184 > Publishing 95674 to millis
07:22:59.196 > PANG:1: NOTIFY e=8 inf=0
07:22:59.285 > Heap: 110580
07:22:59.286 > PANG:1: NOTIFY e=8 inf=0
07:23:04.082 > Publishing 110580 to heap
07:23:04.085 > PANG:1: NOTIFY e=8 inf=0
07:23:04.138 > AARD:1: CONNECTING to 192.168.1.34:1883 secure=0 FH=110580
07:23:04.224 > AARD:1: Connected Max packet size 51194 TCP_MSS=1436 SND_BUF=5744 TCP_WND=5744
07:23:04.231 > AARD:1: ----> TX 51 bytes
07:23:04.239 > AARD:1: <---- RX 3FFB6F1E len=4 PSH=1 stored=0 FH=110580
07:23:04.244 > PANG:1: MQTT CONNACK
07:23:04.246 > PANG:2:  Data @ 0x3ffb6f1e len=4 RL=2
07:23:04.249 > PANG:1: CONNECTED FH=110580 MaxPL=53242 SESSION CLEAN
07:23:04.254 > AARD:1: ----> TX 12 bytes
07:23:04.260 > AARD:1: ----> TX 15 bytes
07:23:04.262 > PANG:1: MQTT PUBLISH
07:23:04.264 > PANG:2:  Data @ 0x3ffda5cc len=66 RL=64
07:23:04.267 > AARD:1: <---- RX 3FFDAC2A len=5 PSH=1 stored=0 FH=110580
07:23:04.272 > PANG:1: MQTT SUBACK
07:23:04.274 > PANG:2:  Data @ 0x3ffdac2a len=5 RL=3
07:23:04.277 > AARD:1: ----> TX 20 bytes
07:23:04.279 > AARD:1: <---- RX 3FFDB80A len=5 PSH=1 stored=0 FH=110580
07:23:04.284 > PANG:1: MQTT SUBACK
07:23:04.286 > PANG:2:  Data @ 0x3ffdb80a len=5 RL=3
07:23:04.289 > Publishing 100766 to millis
07:23:04.292 > PANG:1: MQTT PUBLISH
07:23:04.294 > PANG:2:  Data @ 0x3ffb6e04 len=30 RL=28
07:23:04.297 > Heap: 110580
07:23:04.298 > AARD:1: ----> TX 18 bytes
07:23:04.301 > PANG:1: MQTT PUBLISH
07:23:04.302 > PANG:2:  Data @ 0x3ffdb830 len=106 RL=104
07:23:04.305 > AARD:1: <---- RX 3FFDB80A len=5 PSH=1 stored=0 FH=110580
07:23:04.310 > PANG:1: MQTT SUBACK
07:23:04.312 > PANG:2:  Data @ 0x3ffdb80a len=5 RL=3
07:23:04.316 > AARD:1: ----> TX 18 bytes
07:23:04.319 > AARD:1: <---- RX 3FFDB9F6 len=5 PSH=1 stored=0 FH=110580
07:23:04.324 > PANG:1: MQTT SUBACK
07:23:04.325 > PANG:2:  Data @ 0x3ffdb9f6 len=5 RL=3
07:23:04.329 > AARD:1: ----> TX 66 bytes
07:23:04.331 > AARD:1: <---- RX 3FFDB9F6 len=5 PSH=1 stored=0 FH=110580
07:23:04.336 > PANG:1: MQTT SUBACK
07:23:04.337 > PANG:2:  Data @ 0x3ffdb9f6 len=5 RL=3
07:23:04.375 > AARD:1: ----> TX 30 bytes
07:23:04.426 > AARD:1: ----> TX 106 bytes
07:23:04.430 > AARD:1: <---- RX 3FFB6FB6 len=4 PSH=1 stored=0 FH=110580
07:23:04.435 > PANG:1: MQTT PUBACK
07:23:04.436 > PANG:2:  Data @ 0x3ffb6fb6 len=4 RL=2
07:23:04.440 > AARD:1: TCP onDisconnect
07:23:04.442 > AARD:1: ON DISCONNECT FH=110580 r=0
07:23:04.445 > PANG:1: TCP CHOPPED US! 0
07:23:09.135 > Publishing 110580 to heap
07:23:09.135 > PANG:1: NOTIFY e=8 inf=0
07:23:09.294 > Publishing 105780 to millis
07:23:09.299 > PANG:1: NOTIFY e=8 inf=0
07:23:09.303 > Heap: 110580
07:23:09.304 > PANG:1: NOTIFY e=8 inf=0
07:23:14.161 > Publishing 110580 to heap
07:23:14.216 > PANG:1: NOTIFY e=8 inf=0
07:23:14.348 > Publishing 110793 to millis
07:23:14.351 > PANG:1: NOTIFY e=8 inf=0
07:23:14.353 > Heap: 110580
07:23:14.354 > PANG:1: NOTIFY e=8 inf=0
07:23:19.364 > Publishing 110580 to heap
07:23:19.400 > PANG:1: NOTIFY e=8 inf=0
07:23:19.403 > Publishing 115882 to millis
07:23:19.404 > PANG:1: NOTIFY e=8 inf=0
07:23:19.407 > Heap: 110580
07:23:19.408 > PANG:1: NOTIFY e=8 inf=0
07:23:24.488 > Publishing 110580 to heap
07:23:24.491 > PANG:1: NOTIFY e=8 inf=0
07:23:24.493 > Publishing 120971 to millis
07:23:24.496 > PANG:1: NOTIFY e=8 inf=0
07:23:24.652 > Heap: 110580
07:23:24.653 > PANG:1: NOTIFY e=8 inf=0
07:23:24.662 > AARD:1: CONNECTING to 192.168.1.34:1883 secure=0 FH=110580
07:23:25.087 > AARD:1: Connected Max packet size 51194 TCP_MSS=1436 SND_BUF=5744 TCP_WND=5744
07:23:25.094 > AARD:1: ----> TX 51 bytes
07:23:25.109 > AARD:1: <---- RX 3FFDB80A len=4 PSH=1 stored=0 FH=110580
07:23:25.115 > PANG:1: MQTT CONNACK
07:23:25.116 > PANG:2:  Data @ 0x3ffdb80a len=4 RL=2
07:23:25.120 > PANG:1: CONNECTED FH=110580 MaxPL=53242 SESSION CLEAN
07:23:25.124 > AARD:1: ----> TX 12 bytes
07:23:25.128 > PANG:1: MQTT PUBLISH
07:23:25.130 > PANG:2:  Data @ 0x3ffd9b50 len=66 RL=64
07:23:25.134 > AARD:1: ----> TX 15 bytes
07:23:25.136 > AARD:1: <---- RX 3FFDB9F6 len=5 PSH=1 stored=0 FH=110580
07:23:25.140 > PANG:1: MQTT SUBACK
07:23:25.142 > PANG:2:  Data @ 0x3ffdb9f6 len=5 RL=3
07:23:25.145 > AARD:1: ----> TX 20 bytes
07:23:25.147 > AARD:1: <---- RX 3FFDB9F6 len=5 PSH=1 stored=0 FH=110580
07:23:25.153 > PANG:1: MQTT SUBACK
07:23:25.155 > PANG:2:  Data @ 0x3ffdb9f6 len=5 RL=3
07:23:25.158 > AARD:1: ----> TX 18 bytes
07:23:25.161 > AARD:1: <---- RX 3FFDBAE6 len=5 PSH=1 stored=0 FH=110580
07:23:25.166 > PANG:1: MQTT SUBACK
07:23:25.166 > PANG:2:  Data @ 0x3ffdbae6 len=5 RL=3
07:23:25.171 > AARD:1: ----> TX 18 bytes
07:23:25.174 > AARD:1: <---- RX 3FFDAC2A len=5 PSH=1 stored=0 FH=110580
07:23:25.177 > PANG:1: MQTT SUBACK
07:23:25.179 > PANG:2:  Data @ 0x3ffdac2a len=5 RL=3
07:23:25.182 > AARD:1: ----> TX 66 bytes
07:23:25.186 > AARD:1: <---- RX 3FFB6EAA len=5 PSH=1 stored=0 FH=110580
07:23:25.191 > PANG:1: MQTT SUBACK
07:23:25.192 > PANG:2:  Data @ 0x3ffb6eaa len=5 RL=3
07:23:29.484 > Publishing 110580 to heap
07:23:29.484 > PANG:1: MQTT PUBLISH
07:23:29.493 > PANG:2:  Data @ 0x3ffb6e78 len=28 RL=26
07:23:29.496 > AARD:1: ----> TX 28 bytes
07:23:29.499 > AARD:1: <---- RX 3FFDB9F6 len=4 PSH=1 stored=0 FH=110580
07:23:29.505 > PANG:1: MQTT PUBACK
07:23:29.506 > PANG:2:  Data @ 0x3ffdb9f6 len=4 RL=2
07:23:29.702 > Publishing 126183 to millis
07:23:29.907 > PANG:1: MQTT PUBLISH
07:23:29.909 > PANG:2:  Data @ 0x3ffda5d8 len=30 RL=28
07:23:29.913 > AARD:1: ----> TX 30 bytes
07:23:29.960 > Heap: 110580
07:23:29.963 > PANG:1: MQTT PUBLISH
07:23:29.964 > PANG:2:  Data @ 0x3ffd9c70 len=106 RL=104
07:23:29.969 > AARD:1: ----> TX 106 bytes
07:23:29.973 > AARD:1: <---- RX 3FFDCF16 len=4 PSH=1 stored=0 FH=110580
07:23:29.978 > PANG:1: MQTT PUBACK
07:23:29.980 > PANG:2:  Data @ 0x3ffdcf16 len=4 RL=2
07:23:29.983 > AARD:1: TCP onDisconnect
07:23:29.984 > AARD:1: ON DISCONNECT FH=110580 r=0
07:23:29.988 > PANG:1: TCP CHOPPED US! 0
07:23:34.611 > Publishing 110580 to heap
07:23:34.613 > PANG:1: NOTIFY e=8 inf=0
07:23:35.011 > Publishing 131493 to millis
07:23:35.014 > PANG:1: NOTIFY e=8 inf=0
07:23:35.016 > Heap: 110580
07:23:35.027 > PANG:1: NOTIFY e=8 inf=0
07:23:39.604 > Publishing 110580 to heap
07:23:39.614 > PANG:1: NOTIFY e=8 inf=0
07:23:40.054 > Publishing 136538 to millis
07:23:40.054 > PANG:1: NOTIFY e=8 inf=0
07:23:40.062 > Heap: 110580
07:23:40.064 > PANG:1: NOTIFY e=8 inf=0
07:23:44.606 > Publishing 110580 to heap
07:23:44.606 > PANG:1: NOTIFY e=8 inf=0
07:23:45.054 > Publishing 141540 to millis
07:23:45.054 > PANG:1: NOTIFY e=8 inf=0
07:23:45.064 > Heap: 110580
07:23:45.065 > PANG:1: NOTIFY e=8 inf=0
07:23:49.608 > Publishing 110580 to heap
07:23:49.614 > PANG:1: NOTIFY e=8 inf=0
07:23:49.984 > AARD:1: CONNECTING to 192.168.1.34:1883 secure=0 FH=110580
07:23:49.997 > AARD:1: Connected Max packet size 51194 TCP_MSS=1436 SND_BUF=5744 TCP_WND=5744
07:23:50.005 > AARD:1: ----> TX 51 bytes
07:23:50.009 > AARD:1: <---- RX 3FFDB9F6 len=4 PSH=1 stored=0 FH=110580
07:23:50.015 > PANG:1: MQTT CONNACK
07:23:50.017 > PANG:2:  Data @ 0x3ffdb9f6 len=4 RL=2
07:23:50.020 > PANG:1: CONNECTED FH=110580 MaxPL=53242 SESSION CLEAN
07:23:50.025 > AARD:1: ----> TX 12 bytes
07:23:50.029 > PANG:1: MQTT PUBLISH
07:23:50.032 > PANG:2:  Data @ 0x3ffd534c len=66 RL=64
07:23:50.035 > AARD:1: ----> TX 15 bytes
07:23:50.036 > AARD:1: <---- RX 3FFDCDAE len=5 PSH=1 stored=0 FH=110580
07:23:50.041 > PANG:1: MQTT SUBACK
07:23:50.043 > PANG:2:  Data @ 0x3ffdcdae len=5 RL=3
07:23:50.047 > AARD:1: ----> TX 20 bytes
07:23:50.050 > AARD:1: <---- RX 3FFDB9F6 len=5 PSH=1 stored=0 FH=110580
07:23:50.054 > PANG:1: MQTT SUBACK
07:23:50.055 > PANG:2:  Data @ 0x3ffdb9f6 len=5 RL=3
07:23:50.060 > AARD:1: ----> TX 18 bytes
07:23:50.062 > Publishing 146541 to millis
07:23:50.064 > PANG:1: MQTT PUBLISH
07:23:50.066 > PANG:2:  Data @ 0x3ffd9b50 len=30 RL=28
07:23:50.070 > Heap: 110580
07:23:50.071 > AARD:1: <---- RX 3FFDBAE6 len=5 PSH=1 stored=0 FH=110580
07:23:50.076 > PANG:1: MQTT PUBLISH
07:23:50.078 > PANG:2:  Data @ 0x3ffd5588 len=106 RL=104
07:23:50.081 > PANG:1: MQTT SUBACK
07:23:50.083 > PANG:2:  Data @ 0x3ffdbae6 len=5 RL=3
07:23:50.085 > AARD:1: ----> TX 18 bytes
07:23:50.090 > AARD:1: <---- RX 3FFDAC2A len=5 PSH=1 stored=0 FH=110580
07:23:50.096 > PANG:1: MQTT SUBACK
07:23:50.097 > PANG:2:  Data @ 0x3ffdac2a len=5 RL=3
07:23:50.101 > AARD:1: ----> TX 66 bytes
07:23:50.102 > AARD:1: <---- RX 3FFDB9F6 len=5 PSH=1 stored=0 FH=110580
07:23:50.107 > PANG:1: MQTT SUBACK
07:23:50.109 > PANG:2:  Data @ 0x3ffdb9f6 len=5 RL=3
07:23:50.155 > AARD:1: ----> TX 30 bytes
07:23:50.163 > AARD:1: ----> TX 106 bytes
07:23:50.166 > AARD:1: <---- RX 3FFDB9F6 len=4 PSH=1 stored=0 FH=110580
07:23:50.170 > PANG:1: MQTT PUBACK
07:23:50.172 > PANG:2:  Data @ 0x3ffdb9f6 len=4 RL=2
07:23:50.174 > AARD:1: TCP onDisconnect
07:23:50.177 > AARD:1: ON DISCONNECT FH=110580 r=0
07:23:50.181 > PANG:1: TCP CHOPPED US! 0
07:23:54.604 > Publishing 110580 to heap
07:23:54.614 > PANG:1: NOTIFY e=8 inf=0
07:23:55.096 > Publishing 151578 to millis
07:23:55.100 > PANG:1: NOTIFY e=8 inf=0
07:23:55.103 > Heap: 110580
07:23:55.105 > PANG:1: NOTIFY e=8 inf=0
07:23:59.604 > Publishing 110580 to heap
07:23:59.614 > PANG:1: NOTIFY e=8 inf=0
07:24:00.103 > Publishing 156585 to millis
07:24:00.107 > PANG:1: NOTIFY e=8 inf=0
07:24:00.109 > Heap: 110580
07:24:00.110 > PANG:1: NOTIFY e=8 inf=0
07:24:04.604 > Publishing 110580 to heap
07:24:04.614 > PANG:1: NOTIFY e=8 inf=0
07:24:05.104 > Publishing 161586 to millis
07:24:05.106 > PANG:1: NOTIFY e=8 inf=0
07:24:05.109 > Heap: 110580
07:24:05.111 > PANG:1: NOTIFY e=8 inf=0
07:24:09.611 > Publishing 110580 to heap
07:24:09.614 > PANG:1: NOTIFY e=8 inf=0
07:24:10.104 > Publishing 166586 to millis
07:24:10.104 > PANG:1: NOTIFY e=8 inf=0
07:24:10.109 > Heap: 110580
07:24:10.110 > PANG:1: NOTIFY e=8 inf=0
07:24:10.179 > AARD:1: CONNECTING to 192.168.1.34:1883 secure=0 FH=110580
07:24:10.201 > AARD:1: Connected Max packet size 51194 TCP_MSS=1436 SND_BUF=5744 TCP_WND=5744
07:24:10.208 > AARD:1: ----> TX 51 bytes
07:24:10.212 > AARD:1: <---- RX 3FFDB9F6 len=4 PSH=1 stored=0 FH=110580
07:24:10.217 > PANG:1: MQTT CONNACK
07:24:10.218 > PANG:2:  Data @ 0x3ffdb9f6 len=4 RL=2
07:24:10.222 > PANG:1: CONNECTED FH=110580 MaxPL=53242 SESSION CLEAN
07:24:10.226 > AARD:1: ----> TX 12 bytes
07:24:10.230 > PANG:1: MQTT PUBLISH
07:24:10.232 > PANG:2:  Data @ 0x3ffd51ec len=66 RL=64
07:24:10.241 > AARD:1: ----> TX 15 bytes
07:24:10.244 > AARD:1: <---- RX 3FFDCDAE len=5 PSH=1 stored=0 FH=110580
07:24:10.249 > PANG:1: MQTT SUBACK
07:24:10.251 > PANG:2:  Data @ 0x3ffdcdae len=5 RL=3
07:24:10.254 > AARD:1: ----> TX 20 bytes
07:24:10.256 > AARD:1: <---- RX 3FFDCDAE len=5 PSH=1 stored=0 FH=110580
07:24:10.261 > PANG:1: MQTT SUBACK
07:24:10.262 > PANG:2:  Data @ 0x3ffdcdae len=5 RL=3
07:24:10.266 > AARD:1: ----> TX 18 bytes
07:24:10.268 > AARD:1: <---- RX 3FFDCE9E len=5 PSH=1 stored=0 FH=110580
07:24:10.272 > PANG:1: MQTT SUBACK
07:24:10.275 > PANG:2:  Data @ 0x3ffdce9e len=5 RL=3
07:24:10.278 > AARD:1: ----> TX 18 bytes
07:24:10.281 > AARD:1: <---- RX 3FFDAC2A len=5 PSH=1 stored=0 FH=110580
07:24:10.286 > PANG:1: MQTT SUBACK
07:24:10.288 > PANG:2:  Data @ 0x3ffdac2a len=5 RL=3
07:24:10.291 > AARD:1: ----> TX 66 bytes
07:24:10.293 > AARD:1: <---- RX 3FFDCDAE len=5 PSH=1 stored=0 FH=110580
07:24:10.298 > PANG:1: MQTT SUBACK
07:24:10.300 > PANG:2:  Data @ 0x3ffdcdae len=5 RL=3
07:24:14.611 > Publishing 110580 to heap
07:24:14.614 > PANG:1: MQTT PUBLISH
07:24:14.615 > PANG:2:  Data @ 0x3ffb6f48 len=28 RL=26
07:24:14.619 > AARD:1: ----> TX 28 bytes
07:24:14.622 > AARD:1: <---- RX 3FFDAC2A len=4 PSH=1 stored=0 FH=110580
07:24:14.629 > PANG:1: MQTT PUBACK
07:24:14.630 > PANG:2:  Data @ 0x3ffdac2a len=4 RL=2
07:24:15.104 > Publishing 171586 to millis
07:24:15.104 > PANG:1: MQTT PUBLISH
07:24:15.108 > PANG:2:  Data @ 0x3ffb6f7c len=30 RL=28
07:24:15.111 > AARD:1: ----> TX 30 bytes
07:24:15.114 > Heap: 110580
07:24:15.115 > PANG:1: MQTT PUBLISH
07:24:15.117 > PANG:2:  Data @ 0x3ffdae4c len=106 RL=104
07:24:15.122 > AARD:1: ----> TX 106 bytes
07:24:15.126 > AARD:1: <---- RX 3FFDAC2A len=4 PSH=1 stored=0 FH=110580
07:24:15.131 > PANG:1: MQTT PUBACK
07:24:15.132 > PANG:2:  Data @ 0x3ffdac2a len=4 RL=2
07:24:15.136 > AARD:1: TCP onDisconnect
07:24:15.138 > AARD:1: ON DISCONNECT FH=110580 r=0
07:24:15.141 > PANG:1: TCP CHOPPED US! 0
07:24:19.614 > Publishing 110580 to heap
07:24:19.614 > PANG:1: NOTIFY e=8 inf=0
07:24:20.104 > Publishing 176592 to millis
07:24:20.104 > PANG:1: NOTIFY e=8 inf=0
07:24:20.115 > Heap: 110580
07:24:20.116 > PANG:1: NOTIFY e=8 inf=0
07:24:24.616 > Publishing 110580 to heap
07:24:24.619 > PANG:1: NOTIFY e=8 inf=0
07:24:25.111 > Publishing 181593 to millis
07:24:25.113 > PANG:1: NOTIFY e=8 inf=0
07:24:25.116 > Heap: 110580
07:24:25.117 > PANG:1: NOTIFY e=8 inf=0
07:24:29.614 > Publishing 110580 to heap
07:24:29.614 > PANG:1: NOTIFY e=8 inf=0
07:24:30.111 > Publishing 186593 to millis
07:24:30.113 > PANG:1: NOTIFY e=8 inf=0
07:24:30.115 > Heap: 110580
07:24:30.116 > PANG:1: NOTIFY e=8 inf=0
07:24:34.615 > Publishing 110580 to heap
07:24:34.618 > PANG:1: NOTIFY e=8 inf=0
07:24:35.111 > Publishing 191594 to millis
07:24:35.115 > PANG:1: NOTIFY e=8 inf=0
07:24:35.117 > Heap: 110580
07:24:35.118 > PANG:1: NOTIFY e=8 inf=0
07:24:35.145 > AARD:1: CONNECTING to 192.168.1.34:1883 secure=0 FH=110580
07:24:35.155 > AARD:1: Connected Max packet size 51194 TCP_MSS=1436 SND_BUF=5744 TCP_WND=5744
07:24:35.163 > AARD:1: ----> TX 51 bytes
07:24:35.165 > AARD:1: <---- RX 3FFDAC2A len=4 PSH=1 stored=0 FH=110580
07:24:35.171 > PANG:1: MQTT CONNACK
07:24:35.172 > PANG:2:  Data @ 0x3ffdac2a len=4 RL=2
07:24:35.176 > PANG:1: CONNECTED FH=110580 MaxPL=53242 SESSION CLEAN
07:24:35.181 > AARD:1: ----> TX 12 bytes
07:24:35.185 > PANG:1: MQTT PUBLISH
07:24:35.188 > PANG:2:  Data @ 0x3ffd49b4 len=66 RL=64
07:24:35.194 > AARD:1: ----> TX 15 bytes
07:24:35.198 > AARD:1: <---- RX 3FFDAC2A len=5 PSH=1 stored=0 FH=110580
07:24:35.203 > PANG:1: MQTT SUBACK
07:24:35.204 > PANG:2:  Data @ 0x3ffdac2a len=5 RL=3
07:24:35.207 > AARD:1: ----> TX 20 bytes
07:24:35.209 > AARD:1: <---- RX 3FFDAC2A len=5 PSH=1 stored=0 FH=110580
07:24:35.215 > PANG:1: MQTT SUBACK
07:24:35.217 > PANG:2:  Data @ 0x3ffdac2a len=5 RL=3
07:24:35.220 > AARD:1: ----> TX 18 bytes
07:24:35.222 > AARD:1: <---- RX 3FFDAD1A len=5 PSH=1 stored=0 FH=110580
07:24:35.227 > PANG:1: MQTT SUBACK
07:24:35.229 > PANG:2:  Data @ 0x3ffdad1a len=5 RL=3
07:24:35.232 > AARD:1: ----> TX 18 bytes
07:24:35.234 > AARD:1: <---- RX 3FFDAE0A len=5 PSH=1 stored=0 FH=110580
07:24:35.243 > PANG:1: MQTT SUBACK
07:24:35.243 > PANG:2:  Data @ 0x3ffdae0a len=5 RL=3
07:24:35.246 > AARD:1: ----> TX 66 bytes
07:24:35.250 > AARD:1: <---- RX 3FFDAC2A len=5 PSH=1 stored=0 FH=110580
07:24:35.255 > PANG:1: MQTT SUBACK
07:24:35.256 > PANG:2:  Data @ 0x3ffdac2a len=5 RL=3
07:24:39.614 > Publishing 110580 to heap
07:24:39.614 > PANG:1: MQTT PUBLISH
07:24:39.621 > PANG:2:  Data @ 0x3ffb6e48 len=28 RL=26
07:24:39.624 > AARD:1: ----> TX 28 bytes
07:24:39.629 > AARD:1: <---- RX 3FFDAC2A len=4 PSH=1 stored=0 FH=110580
07:24:39.635 > PANG:1: MQTT PUBACK
07:24:39.637 > PANG:2:  Data @ 0x3ffdac2a len=4 RL=2
07:24:40.112 > Publishing 196594 to millis
07:24:40.115 > PANG:1: MQTT PUBLISH
07:24:40.117 > PANG:2:  Data @ 0x3ffb6e7c len=30 RL=28
07:24:40.120 > AARD:1: ----> TX 30 bytes
07:24:40.122 > Heap: 110580
07:24:40.123 > PANG:1: MQTT PUBLISH
07:24:40.125 > PANG:2:  Data @ 0x3ffdae4c len=106 RL=104
07:24:40.129 > AARD:1: ----> TX 106 bytes
07:24:40.131 > AARD:1: <---- RX 3FFDAC2A len=4 PSH=1 stored=0 FH=110580
07:24:40.136 > PANG:1: MQTT PUBACK
07:24:40.138 > PANG:2:  Data @ 0x3ffdac2a len=4 RL=2
07:24:40.141 > AARD:1: TCP onDisconnect
07:24:40.143 > AARD:1: ON DISCONNECT FH=110580 r=0
07:24:40.147 > PANG:1: TCP CHOPPED US! 0
07:24:44.621 > Publishing 110580 to heap
07:24:44.624 > PANG:1: NOTIFY e=8 inf=0
07:24:45.116 > Publishing 201599 to millis
07:24:45.119 > PANG:1: NOTIFY e=8 inf=0
07:24:45.121 > Heap: 110580
07:24:45.122 > PANG:1: NOTIFY e=8 inf=0
07:24:49.621 > Publishing 110580 to heap
07:24:49.624 > PANG:1: NOTIFY e=8 inf=0
07:24:50.118 > Publishing 206600 to millis
07:24:50.121 > PANG:1: NOTIFY e=8 inf=0
07:24:50.123 > Heap: 110580
07:24:50.124 > PANG:1: NOTIFY e=8 inf=0
07:24:54.614 > Publishing 110580 to heap
07:24:54.624 > PANG:1: NOTIFY e=8 inf=0
07:24:55.118 > Publishing 211601 to millis
07:24:55.121 > PANG:1: NOTIFY e=8 inf=0
07:24:55.123 > Heap: 110580
07:24:55.124 > PANG:1: NOTIFY e=8 inf=0
07:24:59.623 > Publishing 110580 to heap
07:24:59.625 > PANG:1: NOTIFY e=8 inf=0
07:25:00.120 > Publishing 216602 to millis
07:25:00.123 > PANG:1: NOTIFY e=8 inf=0
07:25:00.124 > Heap: 110580
07:25:00.125 > PANG:1: NOTIFY e=8 inf=0
07:25:00.141 > AARD:1: CONNECTING to 192.168.1.34:1883 secure=0 FH=110580
07:25:00.162 > AARD:1: Connected Max packet size 51194 TCP_MSS=1436 SND_BUF=5744 TCP_WND=5744
07:25:00.170 > AARD:1: ----> TX 51 bytes
07:25:00.173 > AARD:1: <---- RX 3FFDB80A len=4 PSH=1 stored=0 FH=110580
07:25:00.177 > PANG:1: MQTT CONNACK
07:25:00.179 > PANG:2:  Data @ 0x3ffdb80a len=4 RL=2
07:25:00.184 > PANG:1: CONNECTED FH=110580 MaxPL=53242 SESSION CLEAN
07:25:00.188 > AARD:1: ----> TX 12 bytes
07:25:00.192 > PANG:1: MQTT PUBLISH
07:25:00.194 > PANG:2:  Data @ 0x3ffd534c len=66 RL=64
07:25:00.198 > AARD:1: ----> TX 15 bytes
07:25:00.200 > AARD:1: <---- RX 3FFDB606 len=5 PSH=1 stored=0 FH=110580
07:25:00.206 > PANG:1: MQTT SUBACK
07:25:00.208 > PANG:2:  Data @ 0x3ffdb606 len=5 RL=3
07:25:00.212 > AARD:1: ----> TX 20 bytes
07:25:00.214 > AARD:1: <---- RX 3FFDAD0A len=5 PSH=1 stored=0 FH=110580
07:25:00.219 > PANG:1: MQTT SUBACK
07:25:00.221 > PANG:2:  Data @ 0x3ffdad0a len=5 RL=3
07:25:00.247 > AARD:1: ----> TX 18 bytes
07:25:00.250 > AARD:1: <---- RX 3FFDAD0A len=5 PSH=1 stored=0 FH=110580
07:25:00.256 > PANG:1: MQTT SUBACK
07:25:00.257 > PANG:2:  Data @ 0x3ffdad0a len=5 RL=3
07:25:00.261 > AARD:1: ----> TX 18 bytes
07:25:00.263 > AARD:1: <---- RX 3FFDAD0A len=5 PSH=1 stored=0 FH=110580
07:25:00.267 > PANG:1: MQTT SUBACK
07:25:00.269 > PANG:2:  Data @ 0x3ffdad0a len=5 RL=3
07:25:00.282 > AARD:1: ----> TX 66 bytes
07:25:00.284 > AARD:1: <---- RX 3FFDAD0A len=5 PSH=1 stored=0 FH=110580
07:25:00.289 > PANG:1: MQTT SUBACK
07:25:00.291 > PANG:2:  Data @ 0x3ffdad0a len=5 RL=3
07:25:04.688 > Publishing 110580 to heap
07:25:04.969 > PANG:1: MQTT PUBLISH
07:25:04.971 > PANG:2:  Data @ 0x3ffd52c0 len=28 RL=26
07:25:04.976 > AARD:1: ----> TX 28 bytes
07:25:04.987 > AARD:1: <---- RX 3FFDCDAE len=4 PSH=1 stored=0 FH=110580
07:25:04.992 > PANG:1: MQTT PUBACK
07:25:04.995 > PANG:2:  Data @ 0x3ffdcdae len=4 RL=2
07:25:05.119 > Publishing 221603 to millis
07:25:05.124 > PANG:1: MQTT PUBLISH
07:25:05.125 > PANG:2:  Data @ 0x3ffb6e7c len=30 RL=28
07:25:05.128 > AARD:1: ----> TX 30 bytes
07:25:05.130 > Heap: 110580
07:25:05.132 > PANG:1: MQTT PUBLISH
07:25:05.132 > PANG:2:  Data @ 0x3ffb6f40 len=106 RL=104
07:25:05.137 > AARD:1: ----> TX 106 bytes
07:25:05.139 > AARD:1: <---- RX 3FFDAD0A len=4 PSH=1 stored=0 FH=110580
07:25:05.144 > PANG:1: MQTT PUBACK
07:25:05.146 > PANG:2:  Data @ 0x3ffdad0a len=4 RL=2
07:25:05.149 > AARD:1: TCP onDisconnect
07:25:05.152 > AARD:1: ON DISCONNECT FH=110580 r=0
07:25:05.156 > PANG:1: TCP CHOPPED US! 0
07:25:09.974 > Publishing 110580 to heap
07:25:09.977 > PANG:1: NOTIFY e=8 inf=0
07:25:10.126 > Publishing 226608 to millis
07:25:10.129 > PANG:1: NOTIFY e=8 inf=0
07:25:10.131 > Heap: 110580
07:25:10.132 > PANG:1: NOTIFY e=8 inf=0
07:25:14.974 > Publishing 110580 to heap
07:25:14.977 > PANG:1: NOTIFY e=8 inf=0
07:25:15.284 > Publishing 231766 to millis
07:25:15.287 > PANG:1: NOTIFY e=8 inf=0
07:25:15.384 > Heap: 110580
07:25:15.384 > PANG:1: NOTIFY e=8 inf=0
07:25:19.974 > Publishing 110580 to heap
07:25:19.977 > PANG:1: NOTIFY e=8 inf=0
07:25:20.384 > Publishing 236870 to millis
07:25:20.384 > PANG:1: NOTIFY e=8 inf=0
07:25:20.392 > Heap: 110580
07:25:20.393 > PANG:1: NOTIFY e=8 inf=0
07:25:24.976 > Publishing 110580 to heap
07:25:24.978 > PANG:1: NOTIFY e=8 inf=0
07:25:25.312 > AARD:1: CONNECTING to 192.168.1.34:1883 secure=0 FH=110580
07:25:25.402 > Publishing 241884 to millis
07:25:25.405 > PANG:1: NOTIFY e=8 inf=0
07:25:25.407 > Heap: 110580
07:25:25.408 > PANG:1: NOTIFY e=8 inf=0
07:25:25.410 > AARD:1: Connected Max packet size 51194 TCP_MSS=1436 SND_BUF=5744 TCP_WND=5744
07:25:25.417 > AARD:1: ----> TX 51 bytes
07:25:25.816 > AARD:1: <---- RX 3FFDCF2A len=4 PSH=1 stored=0 FH=110580
07:25:25.822 > PANG:1: MQTT CONNACK
07:25:25.823 > PANG:2:  Data @ 0x3ffdcf2a len=4 RL=2
07:25:25.827 > PANG:1: CONNECTED FH=110580 MaxPL=53242 SESSION CLEAN
07:25:25.831 > AARD:1: ----> TX 12 bytes
07:25:25.838 > PANG:1: MQTT PUBLISH
07:25:25.840 > PANG:2:  Data @ 0x3ffd9b50 len=66 RL=64
07:25:25.849 > AARD:1: ----> TX 15 bytes
07:25:25.852 > AARD:1: <---- RX 3FFDAFF6 len=5 PSH=1 stored=0 FH=110580
07:25:25.856 > PANG:1: MQTT SUBACK
07:25:25.859 > PANG:2:  Data @ 0x3ffdaff6 len=5 RL=3
07:25:25.862 > AARD:1: ----> TX 20 bytes
07:25:25.864 > AARD:1: <---- RX 3FFDB84E len=5 PSH=1 stored=0 FH=110580
07:25:25.869 > PANG:1: MQTT SUBACK
07:25:25.871 > PANG:2:  Data @ 0x3ffdb84e len=5 RL=3
07:25:25.874 > AARD:1: ----> TX 18 bytes
07:25:25.877 > AARD:1: <---- RX 3FFDAFF6 len=5 PSH=1 stored=0 FH=110580
07:25:25.882 > PANG:1: MQTT SUBACK
07:25:25.882 > PANG:2:  Data @ 0x3ffdaff6 len=5 RL=3
07:25:25.887 > AARD:1: ----> TX 18 bytes
07:25:25.889 > AARD:1: <---- RX 3FFDB84E len=5 PSH=1 stored=0 FH=110580
07:25:25.894 > PANG:1: MQTT SUBACK
07:25:25.896 > PANG:2:  Data @ 0x3ffdb84e len=5 RL=3
07:25:25.899 > AARD:1: ----> TX 66 bytes
07:25:25.901 > AARD:1: <---- RX 3FFDAFF6 len=5 PSH=1 stored=0 FH=110580
07:25:25.906 > PANG:1: MQTT SUBACK
07:25:25.908 > PANG:2:  Data @ 0x3ffdaff6 len=5 RL=3
07:25:29.994 > Publishing 110580 to heap
07:25:30.027 > PANG:1: MQTT PUBLISH
07:25:30.029 > PANG:2:  Data @ 0x3ffd52c0 len=28 RL=26
07:25:30.037 > AARD:1: ----> TX 28 bytes
07:25:30.235 > AARD:1: <---- RX 3FFDAE72 len=4 PSH=1 stored=0 FH=110580
07:25:30.240 > PANG:1: MQTT PUBACK
07:25:30.242 > PANG:2:  Data @ 0x3ffdae72 len=4 RL=2
07:25:30.402 > Publishing 246886 to millis
07:25:30.406 > PANG:1: MQTT PUBLISH
07:25:30.408 > PANG:2:  Data @ 0x3ffb6eac len=30 RL=28
07:25:30.411 > AARD:1: ----> TX 30 bytes
07:25:30.414 > Heap: 110580
07:25:30.415 > PANG:1: MQTT PUBLISH
07:25:30.417 > PANG:2:  Data @ 0x3ffb6de0 len=106 RL=104
07:25:30.420 > AARD:1: ----> TX 106 bytes
07:25:30.423 > AARD:1: <---- RX 3FFDB84E len=4 PSH=1 stored=0 FH=110580
07:25:30.428 > PANG:1: MQTT PUBACK
07:25:30.428 > PANG:2:  Data @ 0x3ffdb84e len=4 RL=2
07:25:30.432 > AARD:1: TCP onDisconnect
07:25:30.435 > AARD:1: ON DISCONNECT FH=110580 r=0
07:25:30.438 > PANG:1: TCP CHOPPED US! 0
07:25:35.074 > Publishing 110580 to heap
07:25:35.076 > PANG:1: NOTIFY e=8 inf=0
07:25:35.409 > Publishing 251892 to millis
07:25:35.412 > PANG:1: NOTIFY e=8 inf=0
07:25:35.414 > Heap: 110580
07:25:35.415 > PANG:1: NOTIFY e=8 inf=0
07:25:40.077 > Publishing 110580 to heap
07:25:40.089 > PANG:1: NOTIFY e=8 inf=0
07:25:40.412 > Publishing 256893 to millis
07:25:40.414 > PANG:1: NOTIFY e=8 inf=0
07:25:40.417 > Heap: 110580
07:25:40.418 > PANG:1: NOTIFY e=8 inf=0
07:25:45.177 > Publishing 110580 to heap
07:25:45.277 > PANG:1: NOTIFY e=8 inf=0
07:25:45.409 > Publishing 261896 to millis
07:25:45.414 > PANG:1: NOTIFY e=8 inf=0
07:25:45.418 > Heap: 110580
07:25:45.420 > PANG:1: NOTIFY e=8 inf=0
07:25:50.294 > Publishing 110580 to heap
07:25:50.294 > PANG:1: NOTIFY e=8 inf=0
07:25:50.504 > Publishing 266987 to millis
07:25:50.507 > PANG:1: NOTIFY e=8 inf=0
07:25:50.510 > Heap: 110580
07:25:50.511 > PANG:1: NOTIFY e=8 inf=0
07:25:50.521 > AARD:1: CONNECTING to 192.168.1.34:1883 secure=0 FH=110580
07:25:50.676 > AARD:1: Connected Max packet size 51194 TCP_MSS=1436 SND_BUF=5744 TCP_WND=5744
07:25:50.684 > AARD:1: ----> TX 51 bytes
07:25:51.099 > AARD:1: <---- RX 3FFDAC2A len=4 PSH=1 stored=0 FH=110580
07:25:51.104 > PANG:1: MQTT CONNACK
07:25:51.106 > PANG:2:  Data @ 0x3ffdac2a len=4 RL=2
07:25:51.109 > PANG:1: CONNECTED FH=110580 MaxPL=53242 SESSION CLEAN
07:25:51.114 > AARD:1: ----> TX 12 bytes
07:25:51.118 > AARD:1: ----> TX 15 bytes
07:25:51.121 > PANG:1: MQTT PUBLISH
07:25:51.123 > PANG:2:  Data @ 0x3ffd51ec len=66 RL=64
07:25:51.126 > AARD:1: <---- RX 3FFDB1FA len=5 PSH=1 stored=0 FH=110580
07:25:51.131 > PANG:1: MQTT SUBACK
07:25:51.133 > PANG:2:  Data @ 0x3ffdb1fa len=5 RL=3
07:25:51.136 > AARD:1: ----> TX 20 bytes
07:25:51.138 > AARD:1: <---- RX 3FFDBAD6 len=5 PSH=1 stored=0 FH=110580
07:25:51.143 > PANG:1: MQTT SUBACK
07:25:51.145 > PANG:2:  Data @ 0x3ffdbad6 len=5 RL=3
07:25:51.148 > AARD:1: ----> TX 18 bytes
07:25:51.151 > AARD:1: <---- RX 3FFDAC2A len=5 PSH=1 stored=0 FH=110580
07:25:51.156 > PANG:1: MQTT SUBACK
07:25:51.157 > PANG:2:  Data @ 0x3ffdac2a len=5 RL=3
07:25:51.161 > AARD:1: ----> TX 18 bytes
07:25:51.163 > AARD:1: <---- RX 3FFDBAD6 len=5 PSH=1 stored=0 FH=110580
07:25:51.168 > PANG:1: MQTT SUBACK
07:25:51.170 > PANG:2:  Data @ 0x3ffdbad6 len=5 RL=3
07:25:51.173 > AARD:1: ----> TX 66 bytes
07:25:51.175 > AARD:1: <---- RX 3FFB6F86 len=5 PSH=1 stored=0 FH=110580
07:25:51.180 > PANG:1: MQTT SUBACK
07:25:51.182 > PANG:2:  Data @ 0x3ffb6f86 len=5 RL=3
07:25:55.295 > Publishing 110580 to heap
07:25:55.295 > PANG:1: MQTT PUBLISH
07:25:55.301 > PANG:2:  Data @ 0x3ffb6ea8 len=28 RL=26
07:25:55.305 > AARD:1: ----> TX 28 bytes
07:25:55.308 > AARD:1: <---- RX 3FFDBAD6 len=4 PSH=1 stored=0 FH=110580
07:25:55.313 > PANG:1: MQTT PUBACK
07:25:55.315 > PANG:2:  Data @ 0x3ffdbad6 len=4 RL=2
07:25:55.524 > Publishing 271993 to millis
07:25:55.557 > PANG:1: MQTT PUBLISH
07:25:55.560 > PANG:2:  Data @ 0x3ffd51ec len=30 RL=28
07:25:55.563 > AARD:1: ----> TX 30 bytes
07:25:55.604 > Heap: 110580
07:25:55.611 > PANG:1: MQTT PUBLISH
07:25:55.613 > PANG:2:  Data @ 0x3ffd9c70 len=106 RL=104
07:25:55.855 > AARD:1: ----> TX 106 bytes
07:25:55.858 > AARD:1: <---- RX 3FFDAE86 len=4 PSH=1 stored=0 FH=110580
07:25:55.862 > PANG:1: MQTT PUBACK
07:25:55.864 > PANG:2:  Data @ 0x3ffdae86 len=4 RL=2
07:25:55.873 > AARD:1: TCP onDisconnect
07:25:55.875 > AARD:1: ON DISCONNECT FH=110580 r=0
07:25:55.879 > PANG:1: TCP CHOPPED US! 0
07:26:00.344 > Publishing 110580 to heap
07:26:00.346 > PANG:1: NOTIFY e=8 inf=0
07:26:00.607 > Publishing 277094 to millis
07:26:00.614 > PANG:1: NOTIFY e=8 inf=0
07:26:00.617 > Heap: 110580
07:26:00.617 > PANG:1: NOTIFY e=8 inf=0
07:26:05.410 > Publishing 110580 to heap
07:26:05.413 > PANG:1: NOTIFY e=8 inf=0
07:26:05.612 > Publishing 282095 to millis
07:26:05.615 > PANG:1: NOTIFY e=8 inf=0
07:26:05.617 > Heap: 110580
07:26:05.619 > PANG:1: NOTIFY e=8 inf=0
07:26:10.408 > Publishing 110580 to heap
07:26:10.408 > PANG:1: NOTIFY e=8 inf=0
07:26:10.710 > Publishing 287195 to millis
07:26:10.714 > PANG:1: NOTIFY e=8 inf=0
07:26:10.725 > Heap: 110580
07:26:10.726 > PANG:1: NOTIFY e=8 inf=0
07:26:15.410 > Publishing 110580 to heap
07:26:15.413 > PANG:1: NOTIFY e=8 inf=0
07:26:15.725 > Publishing 292208 to millis
07:26:15.728 > PANG:1: NOTIFY e=8 inf=0
07:26:15.730 > Heap: 110580
07:26:15.731 > PANG:1: NOTIFY e=8 inf=0
07:26:15.877 > AARD:1: CONNECTING to 192.168.1.34:1883 secure=0 FH=110580
07:26:15.892 > AARD:1: Connected Max packet size 51194 TCP_MSS=1436 SND_BUF=5744 TCP_WND=5744
07:26:15.900 > AARD:1: ----> TX 51 bytes
07:26:15.908 > AARD:1: <---- RX 3FFDB9F6 len=4 PSH=1 stored=0 FH=110580
07:26:15.914 > PANG:1: MQTT CONNACK
07:26:15.916 > PANG:2:  Data @ 0x3ffdb9f6 len=4 RL=2
07:26:15.919 > PANG:1: CONNECTED FH=110580 MaxPL=53242 SESSION CLEAN
07:26:15.923 > AARD:1: ----> TX 12 bytes
07:26:15.928 > PANG:1: MQTT PUBLISH
07:26:15.930 > PANG:2:  Data @ 0x3ffd49b4 len=66 RL=64
07:26:15.935 > AARD:1: ----> TX 15 bytes
07:26:15.937 > AARD:1: <---- RX 3FFDB80A len=5 PSH=1 stored=0 FH=110580
07:26:15.942 > PANG:1: MQTT SUBACK
07:26:15.944 > PANG:2:  Data @ 0x3ffdb80a len=5 RL=3
07:26:15.947 > AARD:1: ----> TX 20 bytes
07:26:15.950 > AARD:1: <---- RX 3FFDB80A len=5 PSH=1 stored=0 FH=110580
07:26:15.955 > PANG:1: MQTT SUBACK
07:26:15.956 > PANG:2:  Data @ 0x3ffdb80a len=5 RL=3
07:26:15.960 > AARD:1: ----> TX 18 bytes
07:26:15.962 > AARD:1: <---- RX 3FFDB9F6 len=5 PSH=1 stored=0 FH=110580
07:26:15.967 > PANG:1: MQTT SUBACK
07:26:15.969 > PANG:2:  Data @ 0x3ffdb9f6 len=5 RL=3
07:26:15.972 > AARD:1: ----> TX 18 bytes
07:26:15.974 > AARD:1: <---- RX 3FFDB80A len=5 PSH=1 stored=0 FH=110580
07:26:15.979 > PANG:1: MQTT SUBACK
07:26:15.981 > PANG:2:  Data @ 0x3ffdb80a len=5 RL=3
07:26:15.985 > AARD:1: ----> TX 66 bytes
07:26:15.986 > AARD:1: <---- RX 3FFDB9F6 len=5 PSH=1 stored=0 FH=110580
07:26:15.991 > PANG:1: MQTT SUBACK
07:26:15.993 > PANG:2:  Data @ 0x3ffdb9f6 len=5 RL=3
07:26:20.410 > Publishing 110580 to heap
07:26:20.412 > PANG:1: MQTT PUBLISH
07:26:20.414 > PANG:2:  Data @ 0x3ffb6f48 len=28 RL=26
07:26:20.419 > AARD:1: ----> TX 28 bytes
07:26:20.422 > AARD:1: <---- RX 3FFDB80A len=4 PSH=1 stored=0 FH=110580
07:26:20.427 > PANG:1: MQTT PUBACK
07:26:20.429 > PANG:2:  Data @ 0x3ffdb80a len=4 RL=2
07:26:20.724 > Publishing 297209 to millis
07:26:20.726 > PANG:1: MQTT PUBLISH
07:26:20.730 > PANG:2:  Data @ 0x3ffb6f7c len=30 RL=28
07:26:20.734 > AARD:1: ----> TX 30 bytes
07:26:20.737 > Heap: 110580
07:26:20.738 > PANG:1: MQTT PUBLISH
07:26:20.740 > PANG:2:  Data @ 0x3ffdb828 len=106 RL=104
07:26:20.744 > AARD:1: ----> TX 106 bytes
07:26:20.745 > AARD:1: <---- RX 3FFDB9F6 len=4 PSH=1 stored=0 FH=110580
07:26:20.751 > PANG:1: MQTT PUBACK
07:26:20.753 > PANG:2:  Data @ 0x3ffdb9f6 len=4 RL=2
07:26:20.756 > AARD:1: TCP onDisconnect
07:26:20.758 > AARD:1: ON DISCONNECT FH=110580 r=0
07:26:20.761 > PANG:1: TCP CHOPPED US! 0
07:26:25.414 > Publishing 110580 to heap
07:26:25.414 > PANG:1: NOTIFY e=8 inf=0
07:26:25.725 > Publishing 302215 to millis
07:26:25.735 > PANG:1: NOTIFY e=8 inf=0
07:26:25.737 > Heap: 110580
07:26:25.738 > PANG:1: NOTIFY e=8 inf=0
07:26:30.414 > Publishing 110580 to heap
07:26:30.418 > PANG:1: NOTIFY e=8 inf=0
07:26:30.724 > Publishing 307216 to millis
07:26:30.734 > PANG:1: NOTIFY e=8 inf=0
07:26:30.738 > Heap: 110580
07:26:30.739 > PANG:1: NOTIFY e=8 inf=0
07:26:35.414 > Publishing 110580 to heap
07:26:35.418 > PANG:1: NOTIFY e=8 inf=0
07:26:35.734 > Publishing 312217 to millis
07:26:35.734 > PANG:1: NOTIFY e=8 inf=0
07:26:35.739 > Heap: 110580
07:26:35.740 > PANG:1: NOTIFY e=8 inf=0
07:26:40.415 > Publishing 110580 to heap
07:26:40.417 > PANG:1: NOTIFY e=8 inf=0
07:26:40.734 > Publishing 317218 to millis
07:26:40.734 > PANG:1: NOTIFY e=8 inf=0
07:26:40.740 > Heap: 110580
07:26:40.741 > PANG:1: NOTIFY e=8 inf=0
07:26:40.754 > AARD:1: CONNECTING to 192.168.1.34:1883 secure=0 FH=110580
07:26:40.767 > AARD:1: Connected Max packet size 51194 TCP_MSS=1436 SND_BUF=5744 TCP_WND=5744
07:26:40.774 > AARD:1: ----> TX 51 bytes
07:26:40.777 > AARD:1: <---- RX 3FFDB9F6 len=4 PSH=1 stored=0 FH=110580
07:26:40.782 > PANG:1: MQTT CONNACK
07:26:40.784 > PANG:2:  Data @ 0x3ffdb9f6 len=4 RL=2
07:26:40.787 > PANG:1: CONNECTED FH=110580 MaxPL=53242 SESSION CLEAN
07:26:40.792 > AARD:1: ----> TX 12 bytes
07:26:40.797 > PANG:1: MQTT PUBLISH
07:26:40.800 > PANG:2:  Data @ 0x3ffd49b4 len=66 RL=64
07:26:40.802 > AARD:1: ----> TX 15 bytes
07:26:40.806 > AARD:1: <---- RX 3FFDAC2A len=5 PSH=1 stored=0 FH=110580
07:26:40.811 > PANG:1: MQTT SUBACK
07:26:40.812 > PANG:2:  Data @ 0x3ffdac2a len=5 RL=3
07:26:40.816 > AARD:1: ----> TX 20 bytes
07:26:40.818 > AARD:1: <---- RX 3FFDB9F6 len=5 PSH=1 stored=0 FH=110580
07:26:40.822 > PANG:1: MQTT SUBACK
07:26:40.825 > PANG:2:  Data @ 0x3ffdb9f6 len=5 RL=3
07:26:40.838 > AARD:1: ----> TX 18 bytes
07:26:40.841 > AARD:1: <---- RX 3FFB6F42 len=5 PSH=1 stored=0 FH=110580
07:26:40.846 > PANG:1: MQTT SUBACK
07:26:40.848 > PANG:2:  Data @ 0x3ffb6f42 len=5 RL=3
07:26:40.851 > AARD:1: ----> TX 18 bytes
07:26:40.853 > AARD:1: <---- RX 3FFB6F42 len=5 PSH=1 stored=0 FH=110580
07:26:40.858 > PANG:1: MQTT SUBACK
07:26:40.860 > PANG:2:  Data @ 0x3ffb6f42 len=5 RL=3
07:26:40.862 > AARD:1: ----> TX 66 bytes
07:26:40.866 > AARD:1: <---- RX 3FFDB9F6 len=5 PSH=1 stored=0 FH=110580
07:26:40.871 > PANG:1: MQTT SUBACK
07:26:40.872 > PANG:2:  Data @ 0x3ffdb9f6 len=5 RL=3
07:26:45.415 > Publishing 110580 to heap
07:26:45.418 > PANG:1: MQTT PUBLISH
07:26:45.420 > PANG:2:  Data @ 0x3ffb6e78 len=28 RL=26
07:26:45.422 > AARD:1: ----> TX 28 bytes
07:26:45.436 > AARD:1: <---- RX 3FFDB9F6 len=4 PSH=1 stored=0 FH=110580
07:26:45.442 > PANG:1: MQTT PUBACK
07:26:45.443 > PANG:2:  Data @ 0x3ffdb9f6 len=4 RL=2
07:26:45.734 > Publishing 322219 to millis
07:26:45.739 > PANG:1: MQTT PUBLISH
07:26:45.740 > PANG:2:  Data @ 0x3ffb6e7c len=30 RL=28
07:26:45.744 > AARD:1: ----> TX 30 bytes
07:26:45.746 > Heap: 110580
07:26:45.747 > PANG:1: MQTT PUBLISH
07:26:45.749 > PANG:2:  Data @ 0x3ffb6f58 len=106 RL=104
07:26:45.752 > AARD:1: ----> TX 106 bytes
07:26:45.755 > AARD:1: <---- RX 3FFDB9F6 len=4 PSH=1 stored=0 FH=110580
07:26:45.760 > PANG:1: MQTT PUBACK
07:26:45.762 > PANG:2:  Data @ 0x3ffdb9f6 len=4 RL=2
07:26:45.764 > AARD:1: TCP onDisconnect
07:26:45.767 > AARD:1: ON DISCONNECT FH=110580 r=0
07:26:45.770 > PANG:1: TCP CHOPPED US! 0
07:26:50.414 > Publishing 110580 to heap
07:26:50.414 > PANG:1: NOTIFY e=8 inf=0
07:26:50.741 > Publishing 327225 to millis
07:26:50.745 > PANG:1: NOTIFY e=8 inf=0
07:26:50.747 > Heap: 110580
07:26:50.748 > PANG:1: NOTIFY e=8 inf=0
07:26:55.420 > Publishing 110580 to heap
07:26:55.422 > PANG:1: NOTIFY e=8 inf=0
07:26:55.734 > Publishing 332226 to millis
07:26:55.746 > PANG:1: NOTIFY e=8 inf=0
07:26:55.748 > Heap: 110580
07:26:55.749 > PANG:1: NOTIFY e=8 inf=0
07:27:00.419 > Publishing 110580 to heap
07:27:00.422 > PANG:1: NOTIFY e=8 inf=0
07:27:00.744 > Publishing 337227 to millis
07:27:00.747 > PANG:1: NOTIFY e=8 inf=0
07:27:00.749 > Heap: 110580
07:27:00.750 > PANG:1: NOTIFY e=8 inf=0
07:27:05.421 > Publishing 110580 to heap
07:27:05.424 > PANG:1: NOTIFY e=8 inf=0
07:27:05.745 > Publishing 342228 to millis
07:27:05.748 > PANG:1: NOTIFY e=8 inf=0
07:27:05.750 > Heap: 110580
07:27:05.751 > PANG:1: NOTIFY e=8 inf=0
07:27:05.765 > AARD:1: CONNECTING to 192.168.1.34:1883 secure=0 FH=110580
07:27:06.004 > AARD:1: Connected Max packet size 51194 TCP_MSS=1436 SND_BUF=5744 TCP_WND=5744
07:27:06.011 > AARD:1: ----> TX 51 bytes
07:27:06.021 > AARD:1: <---- RX 3FFDB9F6 len=4 PSH=1 stored=0 FH=110580
07:27:06.027 > PANG:1: MQTT CONNACK
07:27:06.029 > PANG:2:  Data @ 0x3ffdb9f6 len=4 RL=2
07:27:06.032 > PANG:1: CONNECTED FH=110580 MaxPL=53242 SESSION CLEAN
07:27:06.036 > AARD:1: ----> TX 12 bytes
07:27:06.041 > PANG:1: MQTT PUBLISH
07:27:06.044 > PANG:2:  Data @ 0x3ffd49b4 len=66 RL=64
07:27:06.053 > AARD:1: ----> TX 15 bytes
07:27:06.056 > AARD:1: <---- RX 3FFDB9F6 len=5 PSH=1 stored=0 FH=110580
07:27:06.061 > PANG:1: MQTT SUBACK
07:27:06.064 > PANG:2:  Data @ 0x3ffdb9f6 len=5 RL=3
07:27:06.066 > AARD:1: ----> TX 20 bytes
07:27:06.068 > AARD:1: <---- RX 3FFDB9F6 len=5 PSH=1 stored=0 FH=110580
07:27:06.074 > PANG:1: MQTT SUBACK
07:27:06.076 > PANG:2:  Data @ 0x3ffdb9f6 len=5 RL=3
07:27:06.080 > AARD:1: ----> TX 18 bytes
07:27:06.082 > AARD:1: <---- RX 3FFDBAE6 len=5 PSH=1 stored=0 FH=110580
07:27:06.087 > PANG:1: MQTT SUBACK
07:27:06.089 > PANG:2:  Data @ 0x3ffdbae6 len=5 RL=3
07:27:06.092 > AARD:1: ----> TX 18 bytes
07:27:06.094 > AARD:1: <---- RX 3FFB6EAA len=5 PSH=1 stored=0 FH=110580
07:27:06.099 > PANG:1: MQTT SUBACK
07:27:06.100 > PANG:2:  Data @ 0x3ffb6eaa len=5 RL=3
07:27:06.105 > AARD:1: ----> TX 66 bytes
07:27:06.107 > AARD:1: <---- RX 3FFDB9F6 len=5 PSH=1 stored=0 FH=110580
07:27:06.112 > PANG:1: MQTT SUBACK
07:27:06.114 > PANG:2:  Data @ 0x3ffdb9f6 len=5 RL=3
07:27:10.421 > Publishing 110580 to heap
07:27:10.424 > PANG:1: MQTT PUBLISH
07:27:10.426 > PANG:2:  Data @ 0x3ffb6e90 len=28 RL=26
07:27:10.429 > AARD:1: ----> TX 28 bytes
07:27:10.432 > AARD:1: <---- RX 3FFDFFB6 len=4 PSH=1 stored=0 FH=110580
07:27:10.437 > PANG:1: MQTT PUBACK
07:27:10.439 > PANG:2:  Data @ 0x3ffdffb6 len=4 RL=2
07:27:10.744 > Publishing 347229 to millis
07:27:10.744 > PANG:1: MQTT PUBLISH
07:27:10.751 > PANG:2:  Data @ 0x3ffb6e7c len=30 RL=28
07:27:10.754 > AARD:1: ----> TX 30 bytes
07:27:10.756 > Heap: 110580
07:27:10.757 > PANG:1: MQTT PUBLISH
07:27:10.759 > PANG:2:  Data @ 0x3ffdb820 len=106 RL=104
07:27:10.799 > AARD:1: ----> TX 106 bytes
07:27:10.802 > AARD:1: <---- RX 3FFDB272 len=4 PSH=1 stored=0 FH=110580
07:27:10.808 > PANG:1: MQTT PUBACK
07:27:10.810 > PANG:2:  Data @ 0x3ffdb272 len=4 RL=2
07:27:10.813 > AARD:1: TCP onDisconnect
07:27:10.815 > AARD:1: ON DISCONNECT FH=110580 r=0
07:27:10.818 > PANG:1: TCP CHOPPED US! 0
07:27:15.424 > Publishing 110580 to heap
07:27:15.424 > PANG:1: NOTIFY e=8 inf=0
07:27:15.752 > Publishing 352235 to millis
07:27:15.755 > PANG:1: NOTIFY e=8 inf=0
07:27:15.757 > Heap: 110580
07:27:15.758 > PANG:1: NOTIFY e=8 inf=0
07:27:20.483 > Publishing 110580 to heap
07:27:20.486 > PANG:1: NOTIFY e=8 inf=0
07:27:20.753 > Publishing 357236 to millis
07:27:20.756 > PANG:1: NOTIFY e=8 inf=0
07:27:20.758 > Heap: 110580
07:27:20.758 > PANG:1: NOTIFY e=8 inf=0
07:27:25.483 > Publishing 110580 to heap
07:27:25.486 > PANG:1: NOTIFY e=8 inf=0
07:27:25.753 > Publishing 362237 to millis
07:27:25.757 > PANG:1: NOTIFY e=8 inf=0
07:27:25.759 > Heap: 110580
07:27:25.760 > PANG:1: NOTIFY e=8 inf=0
07:27:30.544 > Publishing 110580 to heap
07:27:30.546 > PANG:1: NOTIFY e=8 inf=0
07:27:30.755 > Publishing 367240 to millis
07:27:30.755 > PANG:1: NOTIFY e=8 inf=0
07:27:30.761 > Heap: 110580
07:27:30.864 > PANG:1: NOTIFY e=8 inf=0
07:27:30.962 > AARD:1: CONNECTING to 192.168.1.34:1883 secure=0 FH=110580
07:27:31.006 > AARD:1: Connected Max packet size 51194 TCP_MSS=1436 SND_BUF=5744 TCP_WND=5744
07:27:31.014 > AARD:1: ----> TX 51 bytes
07:27:31.021 > AARD:1: <---- RX 3FFB6F3E len=4 PSH=1 stored=0 FH=110580
07:27:31.027 > PANG:1: MQTT CONNACK
07:27:31.029 > PANG:2:  Data @ 0x3ffb6f3e len=4 RL=2
07:27:31.033 > PANG:1: CONNECTED FH=110580 MaxPL=53242 SESSION CLEAN
07:27:31.036 > AARD:1: ----> TX 12 bytes
07:27:31.041 > PANG:1: MQTT PUBLISH
07:27:31.044 > PANG:2:  Data @ 0x3ffd9b50 len=66 RL=64
07:27:31.048 > AARD:1: ----> TX 15 bytes
07:27:31.049 > AARD:1: <---- RX 3FFDB80A len=5 PSH=1 stored=0 FH=110580
07:27:31.054 > PANG:1: MQTT SUBACK
07:27:31.056 > PANG:2:  Data @ 0x3ffdb80a len=5 RL=3
07:27:31.059 > AARD:1: ----> TX 20 bytes
07:27:31.061 > AARD:1: <---- RX 3FFDB9F6 len=5 PSH=1 stored=0 FH=110580
07:27:31.066 > PANG:1: MQTT SUBACK
07:27:31.068 > PANG:2:  Data @ 0x3ffdb9f6 len=5 RL=3
07:27:31.071 > AARD:1: ----> TX 18 bytes
07:27:31.074 > AARD:1: <---- RX 3FFDBAE6 len=5 PSH=1 stored=0 FH=110580
07:27:31.079 > PANG:1: MQTT SUBACK
07:27:31.088 > PANG:2:  Data @ 0x3ffdbae6 len=5 RL=3
07:27:31.088 > AARD:1: ----> TX 18 bytes
07:27:31.088 > AARD:1: <---- RX 3FFB6EAA len=5 PSH=1 stored=0 FH=110580
07:27:31.091 > PANG:1: MQTT SUBACK
07:27:31.094 > PANG:2:  Data @ 0x3ffb6eaa len=5 RL=3
07:27:31.097 > AARD:1: ----> TX 66 bytes
07:27:31.099 > AARD:1: <---- RX 3FFDB9F6 len=5 PSH=1 stored=0 FH=110580
07:27:31.104 > PANG:1: MQTT SUBACK
07:27:31.105 > PANG:2:  Data @ 0x3ffdb9f6 len=5 RL=3
07:27:35.544 > Publishing 110580 to heap
07:27:35.547 > PANG:1: MQTT PUBLISH
07:27:35.549 > PANG:2:  Data @ 0x3ffb6e78 len=28 RL=26
07:27:35.552 > AARD:1: ----> TX 28 bytes
07:27:35.556 > AARD:1: <---- RX 3FFDB9F6 len=4 PSH=1 stored=0 FH=110580
07:27:35.562 > PANG:1: MQTT PUBACK
07:27:35.563 > PANG:2:  Data @ 0x3ffdb9f6 len=4 RL=2
07:27:35.863 > Publishing 372347 to millis
07:27:35.866 > PANG:1: MQTT PUBLISH
07:27:35.868 > PANG:2:  Data @ 0x3ffb6e7c len=30 RL=28
07:27:35.871 > AARD:1: ----> TX 30 bytes
07:27:35.872 > Heap: 110580
07:27:35.875 > PANG:1: MQTT PUBLISH
07:27:35.876 > PANG:2:  Data @ 0x3ffb6f58 len=106 RL=104
07:27:35.880 > AARD:1: ----> TX 106 bytes
07:27:35.882 > AARD:1: <---- RX 3FFDB9F6 len=4 PSH=1 stored=0 FH=110580
07:27:35.887 > PANG:1: MQTT PUBACK
07:27:35.889 > PANG:2:  Data @ 0x3ffdb9f6 len=4 RL=2
07:27:35.892 > AARD:1: TCP onDisconnect
07:27:35.894 > AARD:1: ON DISCONNECT FH=110580 r=0
07:27:35.898 > PANG:1: TCP CHOPPED US! 0
07:27:40.549 > Publishing 110580 to heap
07:27:40.552 > PANG:1: NOTIFY e=8 inf=0
07:27:40.904 > Publishing 377393 to millis
07:27:40.904 > PANG:1: NOTIFY e=8 inf=0
07:27:40.914 > Heap: 110580
07:27:40.915 > PANG:1: NOTIFY e=8 inf=0
07:27:45.597 > Publishing 110580 to heap
07:27:45.607 > PANG:1: NOTIFY e=8 inf=0
07:27:45.966 > Publishing 382449 to millis
07:27:45.968 > PANG:1: NOTIFY e=8 inf=0
07:27:45.970 > Heap: 110580
07:27:45.971 > PANG:1: NOTIFY e=8 inf=0
07:27:50.604 > Publishing 110580 to heap
07:27:50.604 > PANG:1: NOTIFY e=8 inf=0
07:27:50.966 > Publishing 387450 to millis
07:27:50.969 > PANG:1: NOTIFY e=8 inf=0
07:27:50.971 > Heap: 110580
07:27:50.972 > PANG:1: NOTIFY e=8 inf=0
07:27:55.638 > Publishing 110580 to heap
07:27:55.641 > PANG:1: NOTIFY e=8 inf=0
07:27:55.956 > AARD:1: CONNECTING to 192.168.1.34:1883 secure=0 FH=110580
07:27:56.027 > Publishing 392510 to millis
07:27:56.029 > PANG:1: NOTIFY e=8 inf=0
07:27:56.032 > Heap: 110580
07:27:56.032 > PANG:1: NOTIFY e=8 inf=0
07:27:56.254 > AARD:1: Connected Max packet size 51194 TCP_MSS=1436 SND_BUF=5744 TCP_WND=5744
07:27:56.264 > AARD:1: ----> TX 51 bytes
07:27:56.277 > AARD:1: <---- RX 3FFDFE9A len=4 PSH=1 stored=0 FH=110580
07:27:56.282 > PANG:1: MQTT CONNACK
07:27:56.283 > PANG:2:  Data @ 0x3ffdfe9a len=4 RL=2
07:27:56.287 > PANG:1: CONNECTED FH=110580 MaxPL=53242 SESSION CLEAN
07:27:56.292 > AARD:1: ----> TX 12 bytes
07:27:56.297 > PANG:1: MQTT PUBLISH
07:27:56.299 > PANG:2:  Data @ 0x3ffd51ec len=66 RL=64
07:27:56.302 > AARD:1: ----> TX 15 bytes
07:27:56.305 > AARD:1: <---- RX 3FFDAE2E len=5 PSH=1 stored=0 FH=110580
07:27:56.310 > PANG:1: MQTT SUBACK
07:27:56.312 > PANG:2:  Data @ 0x3ffdae2e len=5 RL=3
07:27:56.315 > AARD:1: ----> TX 20 bytes
07:27:56.316 > AARD:1: <---- RX 3FFDAE2E len=5 PSH=1 stored=0 FH=110580
07:27:56.322 > PANG:1: MQTT SUBACK
07:27:56.324 > PANG:2:  Data @ 0x3ffdae2e len=5 RL=3
07:27:56.327 > AARD:1: ----> TX 18 bytes
07:27:56.329 > AARD:1: <---- RX 3FFDB9F6 len=5 PSH=1 stored=0 FH=110580
07:27:56.334 > PANG:1: MQTT SUBACK
07:27:56.336 > PANG:2:  Data @ 0x3ffdb9f6 len=5 RL=3
07:27:56.339 > AARD:1: ----> TX 18 bytes
07:27:56.342 > AARD:1: <---- RX 3FFDBAE6 len=5 PSH=1 stored=0 FH=110580
07:27:56.347 > PANG:1: MQTT SUBACK
07:27:56.348 > PANG:2:  Data @ 0x3ffdbae6 len=5 RL=3
07:27:56.352 > AARD:1: ----> TX 66 bytes
07:27:56.353 > AARD:1: <---- RX 3FFDAE2E len=5 PSH=1 stored=0 FH=110580
07:27:56.359 > PANG:1: MQTT SUBACK
07:27:56.361 > PANG:2:  Data @ 0x3ffdae2e len=5 RL=3
07:28:00.659 > Publishing 110580 to heap
07:28:00.725 > PANG:1: MQTT PUBLISH
07:28:00.727 > PANG:2:  Data @ 0x3ffd52c0 len=28 RL=26
07:28:00.730 > AARD:1: ----> TX 28 bytes
07:28:00.901 > AARD:1: <---- RX 3FFDB23E len=4 PSH=1 stored=0 FH=110580
07:28:00.906 > PANG:1: MQTT PUBACK
07:28:00.908 > PANG:2:  Data @ 0x3ffdb23e len=4 RL=2
07:28:01.029 > Publishing 397513 to millis
07:28:01.032 > PANG:1: MQTT PUBLISH
07:28:01.034 > PANG:2:  Data @ 0x3ffb6eac len=30 RL=28
07:28:01.037 > AARD:1: ----> TX 30 bytes
07:28:01.040 > Heap: 110580
07:28:01.041 > PANG:1: MQTT PUBLISH
07:28:01.042 > PANG:2:  Data @ 0x3ffb6de0 len=106 RL=104
07:28:01.046 > AARD:1: <---- RX 3FFDAE2E len=4 PSH=1 stored=0 FH=110580
07:28:01.051 > PANG:1: MQTT PUBACK
07:28:01.052 > PANG:2:  Data @ 0x3ffdae2e len=4 RL=2
07:28:01.056 > AARD:1: ----> TX 106 bytes
07:28:01.064 > AARD:1: TCP onDisconnect
07:28:01.065 > AARD:1: ON DISCONNECT FH=110580 r=0
07:28:01.069 > PANG:1: TCP CHOPPED US! 0
07:28:05.779 > Publishing 110580 to heap
07:28:05.782 > PANG:1: NOTIFY e=8 inf=0
07:28:06.083 > Publishing 402566 to millis
07:28:06.086 > PANG:1: NOTIFY e=8 inf=0
07:28:06.088 > Heap: 110580
07:28:06.089 > PANG:1: NOTIFY e=8 inf=0
07:28:10.780 > Publishing 110580 to heap
07:28:10.783 > PANG:1: NOTIFY e=8 inf=0
07:28:11.152 > Publishing 407636 to millis
07:28:11.156 > PANG:1: NOTIFY e=8 inf=0
07:28:11.158 > Heap: 110580
07:28:11.159 > PANG:1: NOTIFY e=8 inf=0
07:28:15.811 > Publishing 110580 to heap
07:28:15.924 > PANG:1: NOTIFY e=8 inf=0
07:28:16.158 > Publishing 412642 to millis
07:28:16.161 > PANG:1: NOTIFY e=8 inf=0
07:28:16.164 > Heap: 110580
07:28:16.165 > PANG:1: NOTIFY e=8 inf=0
07:28:20.932 > Publishing 110580 to heap
07:28:20.934 > PANG:1: NOTIFY e=8 inf=0
07:28:21.068 > AARD:1: CONNECTING to 192.168.1.34:1883 secure=0 FH=110580
07:28:21.078 > AARD:1: Connected Max packet size 51194 TCP_MSS=1436 SND_BUF=5744 TCP_WND=5744
07:28:21.086 > AARD:1: ----> TX 51 bytes
07:28:21.089 > AARD:1: <---- RX 3FFDAE2E len=4 PSH=1 stored=0 FH=110580
07:28:21.094 > PANG:1: MQTT CONNACK
07:28:21.096 > PANG:2:  Data @ 0x3ffdae2e len=4 RL=2
07:28:21.099 > PANG:1: CONNECTED FH=110580 MaxPL=53242 SESSION CLEAN
07:28:21.104 > AARD:1: ----> TX 12 bytes
07:28:21.111 > PANG:1: MQTT PUBLISH
07:28:21.115 > PANG:2:  Data @ 0x3ffd534c len=66 RL=64
07:28:21.147 > AARD:1: ----> TX 15 bytes
07:28:21.150 > AARD:1: <---- RX 3FFDAE2E len=5 PSH=1 stored=0 FH=110580
07:28:21.155 > PANG:1: MQTT SUBACK
07:28:21.156 > PANG:2:  Data @ 0x3ffdae2e len=5 RL=3
07:28:21.160 > AARD:1: ----> TX 20 bytes
07:28:21.162 > AARD:1: <---- RX 3FFDAE2E len=5 PSH=1 stored=0 FH=110580
07:28:21.168 > PANG:1: MQTT SUBACK
07:28:21.170 > PANG:2:  Data @ 0x3ffdae2e len=5 RL=3
07:28:21.173 > Publishing 417652 to millis
07:28:21.175 > PANG:1: MQTT PUBLISH
07:28:21.177 > AARD:1: ----> TX 18 bytes
07:28:21.179 > PANG:2:  Data @ 0x3ffda5d8 len=30 RL=28
07:28:21.183 > AARD:1: <---- RX 3FFDB80A len=5 PSH=1 stored=0 FH=110580
07:28:21.188 > PANG:1: MQTT SUBACK
07:28:21.189 > PANG:2:  Data @ 0x3ffdb80a len=5 RL=3
07:28:21.193 > Heap: 110580
07:28:21.194 > AARD:1: ----> TX 18 bytes
07:28:21.196 > PANG:1: MQTT PUBLISH
07:28:21.198 > PANG:2:  Data @ 0x3ffd5588 len=106 RL=104
07:28:21.202 > AARD:1: <---- RX 3FFDAE2E len=5 PSH=1 stored=0 FH=110580
07:28:21.206 > PANG:1: MQTT SUBACK
07:28:21.207 > PANG:2:  Data @ 0x3ffdae2e len=5 RL=3
07:28:21.212 > AARD:1: ----> TX 66 bytes
07:28:21.214 > AARD:1: <---- RX 3FFDB80A len=5 PSH=1 stored=0 FH=110580
07:28:21.219 > PANG:1: MQTT SUBACK
07:28:21.221 > PANG:2:  Data @ 0x3ffdb80a len=5 RL=3
07:28:21.257 > AARD:1: ----> TX 30 bytes
07:28:21.268 > AARD:1: ----> TX 106 bytes
07:28:21.270 > AARD:1: <---- RX 3FFDB80A len=4 PSH=1 stored=0 FH=110580
07:28:21.276 > PANG:1: MQTT PUBACK
07:28:21.278 > PANG:2:  Data @ 0x3ffdb80a len=4 RL=2
07:28:21.281 > AARD:1: TCP onDisconnect
07:28:21.283 > AARD:1: ON DISCONNECT FH=110580 r=0
07:28:21.287 > PANG:1: TCP CHOPPED US! 0
07:28:25.932 > Publishing 110580 to heap
07:28:25.935 > PANG:1: NOTIFY e=8 inf=0
07:28:26.255 > Publishing 422693 to millis
07:28:26.258 > PANG:1: NOTIFY e=8 inf=0
07:28:26.261 > Heap: 110580
07:28:26.326 > PANG:1: NOTIFY e=8 inf=0
07:28:30.932 > Publishing 110580 to heap
07:28:30.935 > PANG:1: NOTIFY e=8 inf=0
07:28:31.327 > Publishing 427811 to millis
07:28:31.330 > PANG:1: NOTIFY e=8 inf=0
07:28:31.332 > Heap: 110580
07:28:31.333 > PANG:1: NOTIFY e=8 inf=0
07:28:35.924 > Publishing 110580 to heap
07:28:35.933 > PANG:1: NOTIFY e=8 inf=0
07:28:36.328 > Publishing 432812 to millis
07:28:36.330 > PANG:1: NOTIFY e=8 inf=0
07:28:36.332 > Heap: 110580
07:28:36.334 > PANG:1: NOTIFY e=8 inf=0
07:28:40.924 > Publishing 110580 to heap
07:28:40.934 > PANG:1: NOTIFY e=8 inf=0
07:28:41.282 > AARD:1: CONNECTING to 192.168.1.34:1883 secure=0 FH=110580
07:28:41.298 > AARD:1: Connected Max packet size 51194 TCP_MSS=1436 SND_BUF=5744 TCP_WND=5744
07:28:41.306 > AARD:1: ----> TX 51 bytes
07:28:41.318 > AARD:1: <---- RX 3FFDB9F6 len=4 PSH=1 stored=0 FH=110580
07:28:41.324 > PANG:1: MQTT CONNACK
07:28:41.325 > PANG:2:  Data @ 0x3ffdb9f6 len=4 RL=2
07:28:41.329 > PANG:1: CONNECTED FH=110580 MaxPL=53242 SESSION CLEAN
07:28:41.333 > Publishing 437813 to millis
07:28:41.335 > PANG:1: MQTT PUBLISH
07:28:41.337 > AARD:1: ----> TX 12 bytes
07:28:41.339 > PANG:2:  Data @ 0x3ffd51ec len=30 RL=28
07:28:41.342 > Heap: 110580
07:28:41.344 > PANG:1: MQTT PUBLISH
07:28:41.345 > PANG:2:  Data @ 0x3ffda564 len=106 RL=104
07:28:41.350 > AARD:1: ----> TX 30 bytes
07:28:41.352 > AARD:1: <---- RX 3FFDAC2A len=5 PSH=1 stored=0 FH=110580
07:28:41.356 > PANG:1: MQTT SUBACK
07:28:41.358 > PANG:2:  Data @ 0x3ffdac2a len=5 RL=3
07:28:41.362 > PANG:1: MQTT PUBLISH
07:28:41.364 > PANG:2:  Data @ 0x3ffd49b4 len=66 RL=64
07:28:41.368 > AARD:1: ----> TX 106 bytes
07:28:41.370 > AARD:1: <---- RX 3FFDAD1A len=4 PSH=1 stored=0 FH=110580
07:28:41.374 > PANG:1: MQTT PUBACK
07:28:41.376 > PANG:2:  Data @ 0x3ffdad1a len=4 RL=2
07:28:41.379 > AARD:1: ----> TX 15 bytes
07:28:41.382 > AARD:1: TCP onDisconnect
07:28:41.384 > AARD:1: ON DISCONNECT FH=110580 r=0
07:28:41.386 > PANG:1: TCP CHOPPED US! 0
07:28:45.932 > Publishing 110580 to heap
07:28:45.934 > PANG:1: NOTIFY e=8 inf=0
07:28:46.344 > Publishing 442828 to millis
07:28:46.346 > PANG:1: NOTIFY e=8 inf=0
07:28:46.349 > Heap: 110580
07:28:46.350 > PANG:1: NOTIFY e=8 inf=0
07:28:50.932 > Publishing 110580 to heap
07:28:50.934 > PANG:1: NOTIFY e=8 inf=0
07:28:51.345 > Publishing 447829 to millis
07:28:51.347 > PANG:1: NOTIFY e=8 inf=0
07:28:51.350 > Heap: 110580
07:28:51.351 > PANG:1: NOTIFY e=8 inf=0
07:28:55.926 > Publishing 110580 to heap
07:28:55.935 > PANG:1: NOTIFY e=8 inf=0
07:28:56.344 > Publishing 452829 to millis
07:28:56.347 > PANG:1: NOTIFY e=8 inf=0
07:28:56.350 > Heap: 110580
07:28:56.351 > PANG:1: NOTIFY e=8 inf=0
07:29:00.929 > Publishing 110580 to heap
07:29:00.935 > PANG:1: NOTIFY e=8 inf=0
07:29:01.344 > Publishing 457829 to millis
07:29:01.347 > PANG:1: NOTIFY e=8 inf=0
07:29:01.349 > Heap: 110580
07:29:01.350 > PANG:1: NOTIFY e=8 inf=0
07:29:01.381 > AARD:1: CONNECTING to 192.168.1.34:1883 secure=0 FH=110580
07:29:01.391 > AARD:1: Connected Max packet size 51194 TCP_MSS=1436 SND_BUF=5744 TCP_WND=5744
07:29:01.398 > AARD:1: ----> TX 51 bytes
07:29:01.402 > AARD:1: <---- RX 3FFDB80A len=4 PSH=1 stored=0 FH=110580
07:29:01.407 > PANG:1: MQTT CONNACK
07:29:01.408 > PANG:2:  Data @ 0x3ffdb80a len=4 RL=2
07:29:01.412 > PANG:1: CONNECTED FH=110580 MaxPL=53242 SESSION CLEAN
07:29:01.416 > AARD:1: ----> TX 12 bytes
07:29:01.421 > PANG:1: MQTT PUBLISH
07:29:01.424 > PANG:2:  Data @ 0x3ffd51ec len=66 RL=64
07:29:01.427 > AARD:1: ----> TX 15 bytes
07:29:01.430 > AARD:1: <---- RX 3FFDAC2A len=5 PSH=1 stored=0 FH=110580
07:29:01.435 > PANG:1: MQTT SUBACK
07:29:01.436 > PANG:2:  Data @ 0x3ffdac2a len=5 RL=3
07:29:01.440 > AARD:1: ----> TX 20 bytes
07:29:01.442 > AARD:1: <---- RX 3FFDB80A len=5 PSH=1 stored=0 FH=110580
07:29:01.447 > PANG:1: MQTT SUBACK
07:29:01.449 > PANG:2:  Data @ 0x3ffdb80a len=5 RL=3
07:29:01.452 > AARD:1: ----> TX 18 bytes
07:29:01.454 > AARD:1: <---- RX 3FFDB80A len=5 PSH=1 stored=0 FH=110580
07:29:01.459 > PANG:1: MQTT SUBACK
07:29:01.461 > PANG:2:  Data @ 0x3ffdb80a len=5 RL=3
07:29:01.464 > AARD:1: ----> TX 18 bytes
07:29:01.466 > AARD:1: <---- RX 3FFDB9F6 len=5 PSH=1 stored=0 FH=110580
07:29:01.471 > PANG:1: MQTT SUBACK
07:29:01.472 > PANG:2:  Data @ 0x3ffdb9f6 len=5 RL=3
07:29:01.476 > AARD:1: ----> TX 66 bytes
07:29:01.479 > AARD:1: <---- RX 3FFDBAE6 len=5 PSH=1 stored=0 FH=110580
07:29:01.484 > PANG:1: MQTT SUBACK
07:29:01.485 > PANG:2:  Data @ 0x3ffdbae6 len=5 RL=3
07:29:05.932 > Publishing 110580 to heap
07:29:05.935 > PANG:1: MQTT PUBLISH
07:29:05.936 > PANG:2:  Data @ 0x3ffb6f58 len=28 RL=26
07:29:05.940 > AARD:1: ----> TX 28 bytes
07:29:05.944 > AARD:1: <---- RX 3FFDB80A len=4 PSH=1 stored=0 FH=110580
07:29:05.949 > PANG:1: MQTT PUBACK
07:29:05.951 > PANG:2:  Data @ 0x3ffdb80a len=4 RL=2
07:29:06.346 > Publishing 462830 to millis
07:29:06.348 > PANG:1: MQTT PUBLISH
07:29:06.350 > PANG:2:  Data @ 0x3ffb6f5c len=30 RL=28
07:29:06.354 > AARD:1: ----> TX 30 bytes
07:29:06.356 > Heap: 110580
07:29:06.357 > PANG:1: MQTT PUBLISH
07:29:06.359 > PANG:2:  Data @ 0x3ffdb828 len=106 RL=104
07:29:06.362 > AARD:1: ----> TX 106 bytes
07:29:06.365 > AARD:1: <---- RX 3FFDB9F6 len=4 PSH=1 stored=0 FH=110580
07:29:06.370 > PANG:1: MQTT PUBACK
07:29:06.372 > PANG:2:  Data @ 0x3ffdb9f6 len=4 RL=2
07:29:06.375 > AARD:1: TCP onDisconnect
07:29:06.377 > AARD:1: ON DISCONNECT FH=110580 r=0
07:29:06.380 > PANG:1: TCP CHOPPED US! 0
07:29:10.936 > Publishing 110580 to heap
07:29:10.939 > PANG:1: NOTIFY e=8 inf=0
07:29:11.351 > Publishing 467835 to millis
07:29:11.352 > PANG:1: NOTIFY e=8 inf=0
07:29:11.356 > Heap: 110580
07:29:11.357 > PANG:1: NOTIFY e=8 inf=0
07:29:15.934 > Publishing 110580 to heap
07:29:15.934 > PANG:1: NOTIFY e=8 inf=0
07:29:16.351 > Publishing 472836 to millis
07:29:16.354 > PANG:1: NOTIFY e=8 inf=0
07:29:16.356 > Heap: 110580
07:29:16.357 > PANG:1: NOTIFY e=8 inf=0
07:29:20.934 > Publishing 110580 to heap
07:29:20.934 > PANG:1: NOTIFY e=8 inf=0
07:29:21.346 > Publishing 477837 to millis
07:29:21.356 > PANG:1: NOTIFY e=8 inf=0
07:29:21.358 > Heap: 110580
07:29:21.359 > PANG:1: NOTIFY e=8 inf=0
07:29:25.938 > Publishing 110580 to heap
07:29:25.941 > PANG:1: NOTIFY e=8 inf=0
07:29:26.353 > Publishing 482838 to millis
07:29:26.355 > PANG:1: NOTIFY e=8 inf=0
07:29:26.358 > Heap: 110580
07:29:26.359 > PANG:1: NOTIFY e=8 inf=0
07:29:26.375 > AARD:1: CONNECTING to 192.168.1.34:1883 secure=0 FH=110580
07:29:26.391 > AARD:1: Connected Max packet size 51194 TCP_MSS=1436 SND_BUF=5744 TCP_WND=5744
07:29:26.400 > AARD:1: ----> TX 51 bytes
07:29:26.409 > AARD:1: <---- RX 3FFDB9F6 len=4 PSH=1 stored=0 FH=110580
07:29:26.414 > PANG:1: MQTT CONNACK
07:29:26.416 > PANG:2:  Data @ 0x3ffdb9f6 len=4 RL=2
07:29:26.420 > PANG:1: CONNECTED FH=110580 MaxPL=53242 SESSION CLEAN
07:29:26.425 > AARD:1: ----> TX 12 bytes
07:29:26.430 > PANG:1: MQTT PUBLISH
07:29:26.433 > PANG:2:  Data @ 0x3ffd51ec len=66 RL=64
07:29:26.436 > AARD:1: ----> TX 15 bytes
07:29:26.438 > AARD:1: <---- RX 3FFDAE2E len=5 PSH=1 stored=0 FH=110580
07:29:26.442 > PANG:1: MQTT SUBACK
07:29:26.444 > PANG:2:  Data @ 0x3ffdae2e len=5 RL=3
07:29:26.449 > AARD:1: ----> TX 20 bytes
07:29:26.451 > AARD:1: <---- RX 3FFDB9F6 len=5 PSH=1 stored=0 FH=110580
07:29:26.456 > PANG:1: MQTT SUBACK
07:29:26.457 > PANG:2:  Data @ 0x3ffdb9f6 len=5 RL=3
07:29:26.461 > AARD:1: ----> TX 18 bytes
07:29:26.463 > AARD:1: <---- RX 3FFB6F42 len=5 PSH=1 stored=0 FH=110580
07:29:26.468 > PANG:1: MQTT SUBACK
07:29:26.470 > PANG:2:  Data @ 0x3ffb6f42 len=5 RL=3
07:29:26.473 > AARD:1: ----> TX 18 bytes
07:29:26.475 > AARD:1: <---- RX 3FFDAE2E len=5 PSH=1 stored=0 FH=110580
07:29:26.479 > PANG:1: MQTT SUBACK
07:29:26.481 > PANG:2:  Data @ 0x3ffdae2e len=5 RL=3
07:29:26.485 > AARD:1: ----> TX 66 bytes
07:29:26.487 > AARD:1: <---- RX 3FFB6F42 len=5 PSH=1 stored=0 FH=110580
07:29:26.492 > PANG:1: MQTT SUBACK
07:29:26.494 > PANG:2:  Data @ 0x3ffb6f42 len=5 RL=3
07:29:30.939 > Publishing 110580 to heap
07:29:30.939 > PANG:1: MQTT PUBLISH
07:29:30.944 > PANG:2:  Data @ 0x3ffb6e78 len=28 RL=26
07:29:30.947 > AARD:1: ----> TX 28 bytes
07:29:30.952 > AARD:1: <---- RX 3FFDAE2E len=4 PSH=1 stored=0 FH=110580
07:29:30.957 > PANG:1: MQTT PUBACK
07:29:30.959 > PANG:2:  Data @ 0x3ffdae2e len=4 RL=2
07:29:31.354 > Publishing 487839 to millis
07:29:31.358 > PANG:1: MQTT PUBLISH
07:29:31.360 > PANG:2:  Data @ 0x3ffb6e7c len=30 RL=28
07:29:31.363 > AARD:1: ----> TX 30 bytes
07:29:31.364 > Heap: 110580
07:29:31.366 > PANG:1: MQTT PUBLISH
07:29:31.368 > PANG:2:  Data @ 0x3ffb6f58 len=106 RL=104
07:29:31.372 > AARD:1: ----> TX 106 bytes
07:29:31.374 > AARD:1: <---- RX 3FFDAE2E len=4 PSH=1 stored=0 FH=110580
07:29:31.378 > PANG:1: MQTT PUBACK
07:29:31.380 > PANG:2:  Data @ 0x3ffdae2e len=4 RL=2
07:29:31.383 > AARD:1: TCP onDisconnect
07:29:31.386 > AARD:1: ON DISCONNECT FH=110580 r=0
07:29:31.388 > PANG:1: TCP CHOPPED US! 0
07:29:36.081 > Publishing 110580 to heap
07:29:36.084 > PANG:1: NOTIFY e=8 inf=0
07:29:36.361 > Publishing 492845 to millis
07:29:36.364 > PANG:1: NOTIFY e=8 inf=0
07:29:36.366 > Heap: 110580
07:29:36.367 > PANG:1: NOTIFY e=8 inf=0
07:29:41.081 > Publishing 110580 to heap
07:29:41.084 > PANG:1: NOTIFY e=8 inf=0
07:29:41.361 > Publishing 497846 to millis
07:29:41.365 > PANG:1: NOTIFY e=8 inf=0
07:29:41.367 > Heap: 110580
07:29:41.368 > PANG:1: NOTIFY e=8 inf=0
07:29:46.089 > Publishing 110580 to heap
07:29:46.091 > PANG:1: NOTIFY e=8 inf=0
07:29:46.409 > Publishing 502893 to millis
07:29:46.412 > PANG:1: NOTIFY e=8 inf=0
07:29:46.414 > Heap: 110580
07:29:46.434 > PANG:1: NOTIFY e=8 inf=0
07:29:51.083 > Publishing 110580 to heap
07:29:51.083 > PANG:1: NOTIFY e=8 inf=0
07:29:51.390 > AARD:1: CONNECTING to 192.168.1.34:1883 secure=0 FH=110580
07:29:51.405 > AARD:1: Connected Max packet size 51194 TCP_MSS=1436 SND_BUF=5744 TCP_WND=5744
07:29:51.414 > AARD:1: ----> TX 51 bytes
07:29:51.417 > AARD:1: <---- RX 3FFDB80A len=4 PSH=1 stored=0 FH=110580
07:29:51.422 > PANG:1: MQTT CONNACK
07:29:51.424 > PANG:2:  Data @ 0x3ffdb80a len=4 RL=2
07:29:51.427 > PANG:1: CONNECTED FH=110580 MaxPL=53242 SESSION CLEAN
07:29:51.433 > AARD:1: ----> TX 12 bytes
07:29:51.437 > PANG:1: MQTT PUBLISH
07:29:51.440 > PANG:2:  Data @ 0x3ffd49b4 len=66 RL=64
07:29:51.443 > Publishing 507923 to millis
07:29:51.446 > PANG:1: MQTT PUBLISH
07:29:51.448 > PANG:2:  Data @ 0x3ffd9f1c len=30 RL=28
07:29:51.451 > Heap: 110580
07:29:51.452 > PANG:1: MQTT PUBLISH
07:29:51.454 > PANG:2:  Data @ 0x3ffd5588 len=106 RL=104
07:29:51.464 > AARD:1: ----> TX 15 bytes
07:29:51.467 > AARD:1: <---- RX 3FFDB9F6 len=5 PSH=1 stored=0 FH=110580
07:29:51.472 > PANG:1: MQTT SUBACK
07:29:51.475 > PANG:2:  Data @ 0x3ffdb9f6 len=5 RL=3
07:29:51.478 > AARD:1: ----> TX 20 bytes
07:29:51.481 > AARD:1: <---- RX 3FFDB9F6 len=5 PSH=1 stored=0 FH=110580
07:29:51.486 > PANG:1: MQTT SUBACK
07:29:51.487 > PANG:2:  Data @ 0x3ffdb9f6 len=5 RL=3
07:29:51.505 > AARD:1: ----> TX 18 bytes
07:29:51.508 > AARD:1: <---- RX 3FFB6F42 len=5 PSH=1 stored=0 FH=110580
07:29:51.513 > PANG:1: MQTT SUBACK
07:29:51.514 > PANG:2:  Data @ 0x3ffb6f42 len=5 RL=3
07:29:51.518 > AARD:1: ----> TX 18 bytes
07:29:51.520 > AARD:1: <---- RX 3FFB6F42 len=5 PSH=1 stored=0 FH=110580
07:29:51.526 > PANG:1: MQTT SUBACK
07:29:51.528 > PANG:2:  Data @ 0x3ffb6f42 len=5 RL=3
07:29:51.531 > AARD:1: ----> TX 66 bytes
07:29:51.533 > AARD:1: <---- RX 3FFDB9F6 len=5 PSH=1 stored=0 FH=110580
07:29:51.537 > PANG:1: MQTT SUBACK
07:29:51.539 > PANG:2:  Data @ 0x3ffdb9f6 len=5 RL=3
07:29:51.596 > AARD:1: ----> TX 30 bytes
07:29:51.607 > AARD:1: ----> TX 106 bytes
07:29:51.610 > AARD:1: <---- RX 3FFB6F42 len=4 PSH=1 stored=0 FH=110580
07:29:51.615 > PANG:1: MQTT PUBACK
07:29:51.617 > PANG:2:  Data @ 0x3ffb6f42 len=4 RL=2
07:29:51.620 > AARD:1: TCP onDisconnect
07:29:51.622 > AARD:1: ON DISCONNECT FH=110580 r=0
07:29:51.626 > PANG:1: TCP CHOPPED US! 0
