06:49:08.147 > Registered to start:
06:49:08.147 >  ears
06:49:08.147 >  upnp
06:49:08.147 >  onof
06:49:08.147 >  tick
06:49:08.147 >  gpio
06:49:08.147 >  mqtt
06:49:08.147 >  cmd
06:49:08.147 >  wifi
06:49:08.147 >  wink
06:49:08.147 >  beat
06:49:08.147 > GPIOs defined:
06:49:08.147 >  02 S=0 C=4 NPL=1
06:49:08.147 > H4P_PinMachine::svcUp 1
06:49:08.147 > START PINS:  P02 S=LO P=1 L=1 C=BLACK V=1 O=1 A=0
06:49:08.147 > 
06:49:08.147 > Brownout detector was triggered
06:49:08.147 > 
06:49:08.147 > ets Jun  8 2016 00:22:57
06:49:08.147 > 
06:49:08.147 > rst:0xc (SW_CPU_RESET),boot:0x13 (SPI_FAST_FLASH_BOOT)
06:49:08.147 > configsip: 0, SPIWP:0xee
06:49:08.147 > clk_drv:0x00,q_drv:0x00,d_drv:0x00,cs0_drv:0x00,hd_drv:0x00,wp_drv:0x00
06:49:08.147 > mode:DIO, clock div:2
06:49:08.147 > load:0x3fff0030,len:1184
06:49:08.147 > load:0x40078000,len:13192
06:49:08.147 > load:0x40080400,len:3028
06:49:08.147 > entry 0x400805e4
06:49:08.147 > Registered to start:
06:49:08.147 >  ears
06:49:08.147 >  upnp
06:49:08.147 >  onof
06:49:08.147 >  tick
06:49:08.147 >  gpio
06:49:08.147 >  mqtt
06:49:08.147 >  cmd
06:49:08.147 >  wifi
06:49:08.147 >  wink
06:49:08.147 >  beat
06:49:08.147 > GPIOs defined:
06:49:08.147 >  02 S=0 C=4 NPL=1
06:49:08.147 > H4P_PinMachine::svcUp 1
06:49:08.147 > START PINS:  P02 S=LO P=1 L=0 C=BLACK V=0 O=1 A=0
06:49:08.147 > PANG:1: USER DCX
06:49:08.147 > PANG:1: NOTIFY e=8 inf=0
06:49:10.465 > Publishing 110580 to heap
06:49:10.467 > PANG:1: NOTIFY e=8 inf=0
06:49:10.469 > Publishing 0 to uptime
06:49:10.471 > PANG:1: NOTIFY e=8 inf=0
06:49:10.474 > Publishing Hello from uiinputs to hello
06:49:10.477 > PANG:1: NOTIFY e=8 inf=0
06:49:10.479 > Publishing 5314 to millis
06:49:10.481 > PANG:1: NOTIFY e=8 inf=0
06:49:10.484 > Heap: 110580
06:49:10.485 > PANG:1: NOTIFY e=8 inf=0
06:49:15.464 > Publishing 110580 to heap
06:49:15.467 > PANG:1: NOTIFY e=8 inf=0
06:49:15.477 > Publishing 0 to uptime
06:49:15.479 > PANG:1: NOTIFY e=8 inf=0
06:49:15.481 > Publishing Hello from uiinputs to hello
06:49:15.484 > PANG:1: NOTIFY e=8 inf=0
06:49:15.486 > Publishing 10315 to millis
06:49:15.489 > PANG:1: NOTIFY e=8 inf=0
06:49:15.491 > Heap: 110580
06:49:15.492 > PANG:1: NOTIFY e=8 inf=0
06:49:20.465 > Publishing 110580 to heap
06:49:20.467 > PANG:1: NOTIFY e=8 inf=0
06:49:20.487 > Publishing 0 to uptime
06:49:20.490 > PANG:1: NOTIFY e=8 inf=0
06:49:20.492 > Publishing Hello from uiinputs to hello
06:49:20.495 > PANG:1: NOTIFY e=8 inf=0
06:49:20.498 > Publishing 15326 to millis
06:49:20.500 > PANG:1: NOTIFY e=8 inf=0
06:49:20.502 > Heap: 110580
06:49:20.503 > PANG:1: NOTIFY e=8 inf=0
06:49:25.464 > Publishing 110580 to heap
06:49:25.466 > PANG:1: NOTIFY e=8 inf=0
06:49:25.499 > Publishing 0 to uptime
06:49:25.501 > PANG:1: NOTIFY e=8 inf=0
06:49:25.503 > Publishing Hello from uiinputs to hello
06:49:25.505 > PANG:1: NOTIFY e=8 inf=0
06:49:25.509 > Publishing 20337 to millis
06:49:25.510 > PANG:1: NOTIFY e=8 inf=0
06:49:25.512 > Heap: 110580
06:49:25.513 > PANG:1: NOTIFY e=8 inf=0
06:49:30.457 > Publishing 110580 to heap
06:49:30.465 > PANG:1: NOTIFY e=8 inf=0
06:49:30.510 > Publishing 0 to uptime
06:49:30.512 > PANG:1: NOTIFY e=8 inf=0
06:49:30.514 > Publishing Hello from uiinputs to hello
06:49:30.516 > PANG:1: NOTIFY e=8 inf=0
06:49:30.520 > Publishing 25348 to millis
06:49:30.522 > PANG:1: NOTIFY e=8 inf=0
06:49:30.524 > Heap: 110580
06:49:30.525 > PANG:1: NOTIFY e=8 inf=0
06:49:35.465 > Publishing 110580 to heap
06:49:35.467 > PANG:1: NOTIFY e=8 inf=0
06:49:35.520 > Publishing 0 to uptime
06:49:35.523 > PANG:1: NOTIFY e=8 inf=0
06:49:35.524 > Publishing Hello from uiinputs to hello
06:49:35.529 > PANG:1: NOTIFY e=8 inf=0
06:49:35.531 > Publishing 30359 to millis
06:49:35.533 > PANG:1: NOTIFY e=8 inf=0
06:49:35.534 > Heap: 110580
06:49:35.536 > PANG:1: NOTIFY e=8 inf=0
06:49:40.464 > Publishing 110580 to heap
06:49:40.466 > PANG:1: NOTIFY e=8 inf=0
06:49:40.531 > Publishing 0 to uptime
06:49:40.534 > PANG:1: NOTIFY e=8 inf=0
06:49:40.535 > Publishing Hello from uiinputs to hello
06:49:40.540 > PANG:1: NOTIFY e=8 inf=0
06:49:40.542 > Publishing 35370 to millis
06:49:40.544 > PANG:1: NOTIFY e=8 inf=0
06:49:40.546 > Heap: 110580
06:49:40.547 > PANG:1: NOTIFY e=8 inf=0
06:49:45.464 > Publishing 110580 to heap
06:49:45.466 > PANG:1: NOTIFY e=8 inf=0
06:49:45.542 > Publishing 0 to uptime
06:49:45.544 > PANG:1: NOTIFY e=8 inf=0
06:49:45.546 > Publishing Hello from uiinputs to hello
06:49:45.550 > PANG:1: NOTIFY e=8 inf=0
06:49:45.552 > Publishing 40381 to millis
06:49:45.554 > PANG:1: NOTIFY e=8 inf=0
06:49:45.557 > Heap: 110580
06:49:45.558 > PANG:1: NOTIFY e=8 inf=0
06:49:50.464 > Publishing 110580 to heap
06:49:50.467 > PANG:1: NOTIFY e=8 inf=0
06:49:50.553 > Publishing 0 to uptime
06:49:50.556 > PANG:1: NOTIFY e=8 inf=0
06:49:50.557 > Publishing Hello from uiinputs to hello
06:49:50.561 > PANG:1: NOTIFY e=8 inf=0
06:49:50.563 > Publishing 45392 to millis
06:49:50.566 > PANG:1: NOTIFY e=8 inf=0
06:49:50.567 > Heap: 110580
06:49:50.568 > PANG:1: NOTIFY e=8 inf=0
06:49:55.464 > Publishing 110580 to heap
06:49:55.467 > PANG:1: NOTIFY e=8 inf=0
06:49:55.564 > Publishing 0 to uptime
06:49:55.567 > PANG:1: NOTIFY e=8 inf=0
06:49:55.569 > Publishing Hello from uiinputs to hello
06:49:55.572 > PANG:1: NOTIFY e=8 inf=0
06:49:55.574 > Publishing 50403 to millis
06:49:55.577 > PANG:1: NOTIFY e=8 inf=0
06:49:55.579 > Heap: 110580
06:49:55.580 > PANG:1: NOTIFY e=8 inf=0
06:50:00.464 > Publishing 110580 to heap
06:50:00.467 > PANG:1: NOTIFY e=8 inf=0
06:50:00.574 > Publishing 0 to uptime
06:50:00.578 > PANG:1: NOTIFY e=8 inf=0
06:50:00.580 > Publishing Hello from uiinputs to hello
06:50:00.583 > PANG:1: NOTIFY e=8 inf=0
06:50:00.585 > Publishing 55414 to millis
06:50:00.587 > PANG:1: NOTIFY e=8 inf=0
06:50:00.589 > Heap: 110580
06:50:00.590 > PANG:1: NOTIFY e=8 inf=0
06:50:05.464 > Publishing 110580 to heap
06:50:05.467 > PANG:1: NOTIFY e=8 inf=0
06:50:05.586 > Publishing 0 to uptime
06:50:05.589 > PANG:1: NOTIFY e=8 inf=0
06:50:05.591 > Publishing Hello from uiinputs to hello
06:50:05.594 > PANG:1: NOTIFY e=8 inf=0
06:50:05.596 > Publishing 60425 to millis
06:50:05.598 > PANG:1: NOTIFY e=8 inf=0
06:50:05.600 > Heap: 110580
06:50:05.602 > PANG:1: NOTIFY e=8 inf=0
06:50:10.464 > Publishing 110580 to heap
06:50:10.467 > PANG:1: NOTIFY e=8 inf=0
06:50:10.597 > Publishing 0 to uptime
06:50:10.600 > PANG:1: NOTIFY e=8 inf=0
06:50:10.602 > Publishing Hello from uiinputs to hello
06:50:10.605 > PANG:1: NOTIFY e=8 inf=0
06:50:10.608 > Publishing 65436 to millis
06:50:10.610 > PANG:1: NOTIFY e=8 inf=0
06:50:10.612 > Heap: 110580
06:50:10.613 > PANG:1: NOTIFY e=8 inf=0
06:50:15.464 > Publishing 110580 to heap
06:50:15.467 > PANG:1: NOTIFY e=8 inf=0
06:50:15.608 > Publishing 0 to uptime
06:50:15.611 > PANG:1: NOTIFY e=8 inf=0
06:50:15.612 > Publishing Hello from uiinputs to hello
06:50:15.616 > PANG:1: NOTIFY e=8 inf=0
06:50:15.618 > Publishing 70447 to millis
06:50:15.620 > PANG:1: NOTIFY e=8 inf=0
06:50:15.622 > Heap: 110580
06:50:15.624 > PANG:1: NOTIFY e=8 inf=0
06:50:20.464 > Publishing 110580 to heap
06:50:20.466 > PANG:1: NOTIFY e=8 inf=0
06:50:20.619 > Publishing 0 to uptime
06:50:20.622 > PANG:1: NOTIFY e=8 inf=0
06:50:20.623 > Publishing Hello from uiinputs to hello
06:50:20.627 > PANG:1: NOTIFY e=8 inf=0
06:50:20.629 > Publishing 75459 to millis
06:50:20.631 > PANG:1: NOTIFY e=8 inf=0
06:50:20.634 > Heap: 110580
06:50:20.635 > PANG:1: NOTIFY e=8 inf=0
06:50:25.464 > Publishing 110580 to heap
06:50:25.467 > PANG:1: NOTIFY e=8 inf=0
06:50:25.631 > Publishing 0 to uptime
06:50:25.633 > PANG:1: NOTIFY e=8 inf=0
06:50:25.635 > Publishing Hello from uiinputs to hello
06:50:25.639 > PANG:1: NOTIFY e=8 inf=0
06:50:25.641 > Publishing 80470 to millis
06:50:25.643 > PANG:1: NOTIFY e=8 inf=0
06:50:25.645 > Heap: 110580
06:50:25.647 > PANG:1: NOTIFY e=8 inf=0
06:50:30.463 > Publishing 110580 to heap
06:50:30.467 > PANG:1: NOTIFY e=8 inf=0
06:50:30.641 > Publishing 0 to uptime
06:50:30.643 > PANG:1: NOTIFY e=8 inf=0
06:50:30.646 > Publishing Hello from uiinputs to hello
06:50:30.649 > PANG:1: NOTIFY e=8 inf=0
06:50:30.651 > Publishing 85481 to millis
06:50:30.653 > PANG:1: NOTIFY e=8 inf=0
06:50:30.657 > Heap: 110580
06:50:30.658 > PANG:1: NOTIFY e=8 inf=0
06:50:35.464 > Publishing 110580 to heap
06:50:35.466 > PANG:1: NOTIFY e=8 inf=0
06:50:35.653 > Publishing 0 to uptime
06:50:35.655 > PANG:1: NOTIFY e=8 inf=0
06:50:35.657 > Publishing Hello from uiinputs to hello
06:50:35.661 > PANG:1: NOTIFY e=8 inf=0
06:50:35.663 > Publishing 90492 to millis
06:50:35.665 > PANG:1: NOTIFY e=8 inf=0
06:50:35.668 > Heap: 110580
06:50:35.669 > PANG:1: NOTIFY e=8 inf=0
06:50:40.463 > Publishing 110580 to heap
06:50:40.467 > PANG:1: NOTIFY e=8 inf=0
06:50:40.663 > Publishing 0 to uptime
06:50:40.665 > PANG:1: NOTIFY e=8 inf=0
06:50:40.668 > Publishing Hello from uiinputs to hello
06:50:40.672 > PANG:1: NOTIFY e=8 inf=0
06:50:40.674 > Publishing 95503 to millis
06:50:40.675 > PANG:1: NOTIFY e=8 inf=0
06:50:40.679 > Heap: 110580
06:50:40.680 > PANG:1: NOTIFY e=8 inf=0
06:50:45.463 > Publishing 110580 to heap
06:50:45.467 > PANG:1: NOTIFY e=8 inf=0
06:50:45.675 > Publishing 0 to uptime
06:50:45.677 > PANG:1: NOTIFY e=8 inf=0
06:50:45.679 > Publishing Hello from uiinputs to hello
06:50:45.683 > PANG:1: NOTIFY e=8 inf=0
06:50:45.685 > Publishing 100514 to millis
06:50:45.686 > PANG:1: NOTIFY e=8 inf=0
06:50:45.690 > Heap: 110580
06:50:45.691 > PANG:1: NOTIFY e=8 inf=0
06:50:50.464 > Publishing 110580 to heap
06:50:50.466 > PANG:1: NOTIFY e=8 inf=0
06:50:50.686 > Publishing 0 to uptime
06:50:50.688 > PANG:1: NOTIFY e=8 inf=0
06:50:50.690 > Publishing Hello from uiinputs to hello
06:50:50.694 > PANG:1: NOTIFY e=8 inf=0
06:50:50.695 > Publishing 105525 to millis
06:50:50.698 > PANG:1: NOTIFY e=8 inf=0
06:50:50.700 > Heap: 110580
06:50:50.701 > PANG:1: NOTIFY e=8 inf=0
06:50:55.462 > Publishing 110580 to heap
06:50:55.467 > PANG:1: NOTIFY e=8 inf=0
06:50:55.696 > Publishing 0 to uptime
06:50:55.699 > PANG:1: NOTIFY e=8 inf=0
06:50:55.701 > Publishing Hello from uiinputs to hello
06:50:55.705 > PANG:1: NOTIFY e=8 inf=0
06:50:55.707 > Publishing 110536 to millis
06:50:55.710 > PANG:1: NOTIFY e=8 inf=0
06:50:55.712 > Heap: 110580
06:50:55.713 > PANG:1: NOTIFY e=8 inf=0
06:51:00.464 > Publishing 110580 to heap
06:51:00.467 > PANG:1: NOTIFY e=8 inf=0
06:51:00.708 > Publishing 0 to uptime
06:51:00.710 > PANG:1: NOTIFY e=8 inf=0
06:51:00.712 > Publishing Hello from uiinputs to hello
06:51:00.716 > PANG:1: NOTIFY e=8 inf=0
06:51:00.717 > Publishing 115547 to millis
06:51:00.721 > PANG:1: NOTIFY e=8 inf=0
06:51:00.723 > Heap: 110580
06:51:00.724 > PANG:1: NOTIFY e=8 inf=0
06:51:05.463 > Publishing 110580 to heap
06:51:05.466 > PANG:1: NOTIFY e=8 inf=0
06:51:05.718 > Publishing 0 to uptime
06:51:05.721 > PANG:1: NOTIFY e=8 inf=0
06:51:05.724 > Publishing Hello from uiinputs to hello
06:51:05.726 > PANG:1: NOTIFY e=8 inf=0
06:51:05.728 > Publishing 120558 to millis
06:51:05.731 > PANG:1: NOTIFY e=8 inf=0
06:51:05.733 > Heap: 110580
06:51:05.734 > PANG:1: NOTIFY e=8 inf=0
06:51:10.464 > Publishing 110580 to heap
06:51:10.467 > PANG:1: NOTIFY e=8 inf=0
06:51:10.728 > Publishing 0 to uptime
06:51:10.732 > PANG:1: NOTIFY e=8 inf=0
06:51:10.734 > Publishing Hello from uiinputs to hello
06:51:10.738 > PANG:1: NOTIFY e=8 inf=0
06:51:10.740 > Publishing 125569 to millis
06:51:10.743 > PANG:1: NOTIFY e=8 inf=0
06:51:10.744 > Heap: 110580
06:51:10.745 > PANG:1: NOTIFY e=8 inf=0
06:51:15.464 > Publishing 110580 to heap
06:51:15.467 > PANG:1: NOTIFY e=8 inf=0
06:51:15.741 > Publishing 0 to uptime
06:51:15.743 > PANG:1: NOTIFY e=8 inf=0
06:51:15.745 > Publishing Hello from uiinputs to hello
06:51:15.749 > PANG:1: NOTIFY e=8 inf=0
06:51:15.751 > Publishing 130580 to millis
06:51:15.754 > PANG:1: NOTIFY e=8 inf=0
06:51:15.756 > Heap: 110580
06:51:15.757 > PANG:1: NOTIFY e=8 inf=0
06:51:20.463 > Publishing 110580 to heap
06:51:20.467 > PANG:1: NOTIFY e=8 inf=0
06:51:20.752 > Publishing 0 to uptime
06:51:20.754 > PANG:1: NOTIFY e=8 inf=0
06:51:20.757 > Publishing Hello from uiinputs to hello
06:51:20.760 > PANG:1: NOTIFY e=8 inf=0
06:51:20.762 > Publishing 135591 to millis
06:51:20.764 > PANG:1: NOTIFY e=8 inf=0
06:51:20.766 > Heap: 110580
06:51:20.767 > PANG:1: NOTIFY e=8 inf=0
06:51:25.464 > Publishing 110580 to heap
06:51:25.466 > PANG:1: NOTIFY e=8 inf=0
06:51:25.763 > Publishing 0 to uptime
06:51:25.765 > PANG:1: NOTIFY e=8 inf=0
06:51:25.767 > Publishing Hello from uiinputs to hello
06:51:25.770 > PANG:1: NOTIFY e=8 inf=0
06:51:25.772 > Publishing 140602 to millis
06:51:25.775 > PANG:1: NOTIFY e=8 inf=0
06:51:25.778 > Heap: 110580
06:51:25.779 > PANG:1: NOTIFY e=8 inf=0
06:51:30.464 > Publishing 110580 to heap
06:51:30.466 > PANG:1: NOTIFY e=8 inf=0
06:51:30.773 > Publishing 0 to uptime
06:51:30.776 > PANG:1: NOTIFY e=8 inf=0
06:51:30.778 > Publishing Hello from uiinputs to hello
06:51:30.781 > PANG:1: NOTIFY e=8 inf=0
06:51:30.783 > Publishing 145613 to millis
06:51:30.786 > PANG:1: NOTIFY e=8 inf=0
06:51:30.788 > Heap: 110580
06:51:30.789 > PANG:1: NOTIFY e=8 inf=0
06:51:35.465 > Publishing 110580 to heap
06:51:35.468 > PANG:1: NOTIFY e=8 inf=0
06:51:35.785 > Publishing 0 to uptime
06:51:35.788 > PANG:1: NOTIFY e=8 inf=0
06:51:35.790 > Publishing Hello from uiinputs to hello
06:51:35.793 > PANG:1: NOTIFY e=8 inf=0
06:51:35.795 > Publishing 150625 to millis
06:51:35.798 > PANG:1: NOTIFY e=8 inf=0
06:51:35.800 > Heap: 110580
06:51:35.801 > PANG:1: NOTIFY e=8 inf=0
