07:14:55.576 > Registered to start:
07:14:55.576 >  ears
07:14:55.576 >  upnp
07:14:55.576 >  onof
07:14:55.576 >  tick
07:14:55.576 >  gpio
07:14:55.576 >  mqtt
07:14:55.576 >  cmd
07:14:55.576 >  wifi
07:14:55.576 >  wink
07:14:55.576 >  beat
07:14:55.576 > GPIOs defined:
07:14:55.576 >  02 S=0 C=4 NPL=1
07:14:55.576 > H4P_PinMachine::svcUp 1
07:14:55.576 > START PINS:  P02 S=LO P=1 L=1 C=BLACK V=1 O=1 A=0
07:14:55.576 > 
07:14:55.576 > Brownout detector was triggered
07:14:55.576 > 
07:14:55.576 > ets Jun  8 2016 00:22:57
07:14:55.576 > 
07:14:55.576 > rst:0xc (SW_CPU_RESET),boot:0x13 (SPI_FAST_FLASH_BOOT)
07:14:55.576 > configsip: 0, SPIWP:0xee
07:14:55.576 > clk_drv:0x00,q_drv:0x00,d_drv:0x00,cs0_drv:0x00,hd_drv:0x00,wp_drv:0x00
07:14:55.576 > mode:DIO, clock div:2
07:14:55.576 > load:0x3fff0030,len:1184
07:14:55.576 > load:0x40078000,len:13192
07:14:55.576 > load:0x40080400,len:3028
07:14:55.576 > entry 0x400805e4
07:14:55.576 > Registered to start:
07:14:55.576 >  ears
07:14:55.576 >  upnp
07:14:55.576 >  onof
07:14:55.576 >  tick
07:14:55.576 >  gpio
07:14:55.576 >  mqtt
07:14:55.576 >  cmd
07:14:55.576 >  wifi
07:14:55.576 >  wink
07:14:55.576 >  beat
07:14:55.576 > GPIOs defined:
07:14:55.576 >  02 S=0 C=4 NPL=1
07:14:55.576 > H4P_PinMachine::svcUp 1
07:14:55.576 > START PINS:  P02 S=LO P=1 L=0 C=BLACK V=0 O=1 A=0
07:14:55.576 > AARD:1: CONNECTING to 192.168.1.34:1883 secure=0 FH=110580
07:14:55.576 > AARD:1: Connected Max packet size 51194 TCP_MSS=1436 SND_BUF=5744 TCP_WND=5744
07:14:55.576 > AARD:1: ----> TX 51 bytes
07:14:55.576 > AARD:1: <---- RX 3FFDB53A len=4 PSH=1 stored=0 FH=110580
07:14:55.576 > PANG:1: MQTT CONNACK
07:14:55.576 > PANG:2:  Data @ 0x3ffdb53a len=4 RL=2
07:14:55.576 > PANG:1: CONNECTED FH=110580 MaxPL=53242 SESSION CLEAN
07:14:55.576 > AARD:1: ----> TX 12 bytes
07:14:55.576 > PANG:1: MQTT PUBLISH
07:14:55.576 > PANG:2:  Data @ 0x3ffdae84 len=66 RL=64
07:14:55.576 > AARD:1: ----> TX 15 bytes
07:14:55.576 > AARD:1: <---- RX 3FFDA40E len=5 PSH=1 stored=0 FH=110580
07:14:55.576 > PANG:1: MQTT SUBACK
07:14:55.576 > PANG:2:  Data @ 0x3ffda40e len=5 RL=3
07:14:55.576 > AARD:1: ----> TX 20 bytes
07:14:55.576 > AARD:1: <---- RX 3FFDA40E len=5 PSH=1 stored=0 FH=110580
07:14:55.576 > PANG:1: MQTT SUBACK
07:14:55.576 > PANG:2:  Data @ 0x3ffda40e len=5 RL=3
07:14:55.576 > AARD:1: ----> TX 18 bytes
07:14:55.576 > AARD:1: <---- RX 3FFDA6F2 len=5 PSH=1 stored=0 FH=110580
07:14:55.576 > PANG:1: MQTT SUBACK
07:14:55.576 > PANG:2:  Data @ 0x3ffda6f2 len=5 RL=3
07:14:55.576 > AARD:1: ----> TX 18 bytes
07:14:55.576 > AARD:1: <---- RX 3FFDA40E len=5 PSH=1 stored=0 FH=110580
07:14:55.576 > PANG:1: MQTT SUBACK
07:14:55.576 > PANG:2:  Data @ 0x3ffda40e len=5 RL=3
07:14:55.576 > AARD:1: ----> TX 66 bytes
07:14:55.576 > AARD:1: <---- RX 3FFDA6F2 len=5 PSH=1 stored=0 FH=110580
07:14:55.576 > PANG:1: MQTT SUBACK
07:14:55.576 > PANG:2:  Data @ 0x3ffda6f2 len=5 RL=3
07:14:57.854 > Publishing 110580 to heap
07:14:57.867 > PANG:1: MQTT PUBLISH
07:14:57.868 > PANG:2:  Data @ 0x3ffd9fb0 len=28 RL=26
07:14:57.872 > AARD:1: ----> TX 28 bytes
07:14:57.874 > Publishing 5334 to millis
07:14:57.876 > PANG:1: MQTT PUBLISH
07:14:57.878 > PANG:2:  Data @ 0x3ffd3714 len=28 RL=26
07:14:57.882 > Heap: 110580
07:14:57.883 > AARD:1: ----> TX 28 bytes
07:14:57.884 > PANG:1: MQTT PUBLISH
07:14:57.886 > PANG:2:  Data @ 0x3ffd55c0 len=106 RL=104
07:14:57.891 > AARD:1: <---- RX 3FFDA6F2 len=4 PSH=1 stored=0 FH=110580
07:14:57.894 > PANG:1: MQTT PUBACK
07:14:57.896 > PANG:1: MQTT PUBLISH
07:14:57.899 > PANG:2:  Data @ 0x3ffd563c len=32 RL=30
07:14:57.902 > PANG:2:  Data @ 0x3ffda6f2 len=4 RL=2
07:14:57.906 > PANG:1: MQTT PUBLISH
07:14:57.908 > AARD:1: ----> TX 106 bytes
07:14:57.910 > PANG:2:  Data @ 0x3ffd9bd4 len=38 RL=36
07:14:57.913 > AARD:1: <---- RX 3FFDAD26 len=4 PSH=1 stored=0 FH=110580
07:14:57.918 > PANG:1: MQTT PUBACK
07:14:57.920 > PANG:2:  Data @ 0x3ffdad26 len=4 RL=2
07:14:57.936 > AARD:1: ----> TX 32 bytes
07:14:57.939 > AARD:1: TCP onDisconnect
07:14:57.941 > AARD:1: ON DISCONNECT FH=110580 r=0
07:14:57.944 > PANG:1: TCP CHOPPED US! 0
07:15:02.868 > Publishing 110580 to heap
07:15:02.872 > PANG:1: NOTIFY e=8 inf=0
07:15:02.907 > Publishing 10372 to millis
07:15:02.909 > PANG:1: NOTIFY e=8 inf=0
07:15:02.911 > Heap: 110580
07:15:02.913 > PANG:1: NOTIFY e=8 inf=0
07:15:02.915 > PANG:1: NOTIFY e=8 inf=0
07:15:02.917 > PANG:1: NOTIFY e=8 inf=0
