07:04:05.908 > Registered to start:
07:04:05.908 >  ears
07:04:05.908 >  upnp
07:04:05.908 >  onof
07:04:05.908 >  tick
07:04:05.908 >  gpio
07:04:05.908 >  mqtt
07:04:05.908 >  cmd
07:04:05.908 >  wifi
07:04:05.908 >  wink
07:04:05.908 >  beat
07:04:05.908 > GPIOs defined:
07:04:05.908 >  02 S=0 C=4 NPL=1
07:04:05.908 > H4P_PinMachine::svcUp 1
07:04:05.908 > START PINS:  P02 S=LO P=1 L=1 C=BLACK V=1 O=1 A=0
07:04:05.908 > 
07:04:05.908 > Brownout detector was triggered
07:04:05.908 > 
07:04:05.908 > ets Jun  8 2016 00:22:57
07:04:05.908 > 
07:04:05.908 > rst:0xc (SW_CPU_RESET),boot:0x13 (SPI_FAST_FLASH_BOOT)
07:04:05.908 > configsip: 0, SPIWP:0xee
07:04:05.908 > clk_drv:0x00,q_drv:0x00,d_drv:0x00,cs0_drv:0x00,hd_drv:0x00,wp_drv:0x00
07:04:05.908 > mode:DIO, clock div:2
07:04:05.908 > load:0x3fff0030,len:1184
07:04:05.908 > load:0x40078000,len:13192
07:04:05.908 > load:0x40080400,len:3028
07:04:05.908 > entry 0x400805e4
07:04:05.908 > Registered to start:
07:04:05.908 >  ears
07:04:05.908 >  upnp
07:04:05.908 >  onof
07:04:05.908 >  tick
07:04:05.908 >  gpio
07:04:05.908 >  mqtt
07:04:05.908 >  cmd
07:04:05.908 >  wifi
07:04:05.908 >  wink
07:04:05.908 >  beat
07:04:05.908 > GPIOs defined:
07:04:05.908 >  02 S=0 C=4 NPL=1
07:04:05.908 > H4P_PinMachine::svcUp 1
07:04:05.908 > START PINS:  P02 S=LO P=1 L=0 C=BLACK V=0 O=1 A=0
07:04:05.908 > AARD:1: CONNECTING to 192.168.1.34:1883 secure=0 FH=110580
07:04:05.908 > AARD:1: Connected Max packet size 51194 TCP_MSS=1436 SND_BUF=5744 TCP_WND=5744
07:04:05.908 > AARD:1: ----> TX 51 bytes
07:04:05.908 > AARD:1: <---- RX 3FFDADBA len=4 PSH=1 stored=0 FH=110580
07:04:05.908 > PANG:1: MQTT CONNACK
07:04:05.908 > PANG:2:  Data @ 0x3ffdadba len=4 RL=2
07:04:05.908 > PANG:1: CONNECTED FH=110580 MaxPL=53242 SESSION CLEAN
07:04:05.908 > AARD:1: ----> TX 12 bytes
07:04:05.908 > PANG:1: MQTT PUBLISH
07:04:05.908 > PANG:2:  Data @ 0x3ffdac00 len=66 RL=64
07:04:05.908 > AARD:1: ----> TX 15 bytes
07:04:05.908 > AARD:1: <---- RX 3FFDAD72 len=5 PSH=1 stored=0 FH=110580
07:04:05.908 > PANG:1: MQTT SUBACK
07:04:05.908 > PANG:2:  Data @ 0x3ffdad72 len=5 RL=3
07:04:05.908 > AARD:1: ----> TX 20 bytes
07:04:05.908 > AARD:1: <---- RX 3FFDB472 len=5 PSH=1 stored=0 FH=110580
07:04:05.908 > PANG:1: MQTT SUBACK
07:04:05.908 > PANG:2:  Data @ 0x3ffdb472 len=5 RL=3
07:04:05.908 > AARD:1: ----> TX 18 bytes
07:04:05.908 > AARD:1: <---- RX 3FFDB562 len=5 PSH=1 stored=0 FH=110580
07:04:05.908 > PANG:1: MQTT SUBACK
07:04:05.908 > PANG:2:  Data @ 0x3ffdb562 len=5 RL=3
07:04:05.908 > AARD:1: ----> TX 18 bytes
07:04:05.908 > AARD:1: <---- RX 3FFDB382 len=5 PSH=1 stored=0 FH=110580
07:04:05.908 > PANG:1: MQTT SUBACK
07:04:05.908 > PANG:2:  Data @ 0x3ffdb382 len=5 RL=3
07:04:05.908 > AARD:1: ----> TX 66 bytes
07:04:05.908 > AARD:1: <---- RX 3FFDD45E len=5 PSH=1 stored=0 FH=110580
07:04:05.908 > PANG:1: MQTT SUBACK
07:04:05.908 > PANG:2:  Data @ 0x3ffdd45e len=5 RL=3
07:04:08.292 > Publishing 0 to uptime
07:04:08.301 > PANG:1: MQTT PUBLISH
07:04:08.304 > PANG:2:  Data @ 0x3ffd9b70 len=25 RL=23
07:04:08.307 > AARD:1: ----> TX 25 bytes
07:04:08.316 > Publishing Hello from uiinputs to hello
07:04:08.321 > PANG:1: MQTT PUBLISH
07:04:08.323 > PANG:2:  Data @ 0x3ffd9de8 len=42 RL=40
07:04:08.325 > Publishing 5397 to millis
07:04:08.328 > PANG:1: MQTT PUBLISH
07:04:08.329 > PANG:2:  Data @ 0x3ffd5358 len=28 RL=26
07:04:08.334 > AARD:1: ----> TX 42 bytes
07:04:08.335 > Heap: 110580
07:04:08.336 > PANG:1: MQTT PUBLISH
07:04:08.339 > PANG:2:  Data @ 0x3ffdb85c len=521 RL=518
07:04:08.343 > Publishing 110580 to heap
07:04:08.345 > AARD:1: <---- RX 3FFDB5F6 len=4 PSH=1 stored=0 FH=110580
07:04:08.350 > PANG:1: MQTT PUBLISH
07:04:08.352 > PANG:2:  Data @ 0x3ffd9b40 len=28 RL=26
07:04:08.355 > PANG:1: MQTT PUBACK
07:04:08.356 > PANG:2:  Data @ 0x3ffdb5f6 len=4 RL=2
07:04:08.359 > AARD:1: ----> TX 28 bytes
07:04:08.361 > AARD:1: <---- RX 3FFDD45E len=4 PSH=1 stored=0 FH=110580
07:04:08.367 > PANG:1: MQTT PUBACK
07:04:08.369 > PANG:2:  Data @ 0x3ffdd45e len=4 RL=2
07:04:08.372 > AARD:1: ----> TX 521 bytes
07:04:08.375 > AARD:1: <---- RX 3FFDAE56 len=4 PSH=1 stored=0 FH=110580
07:04:08.379 > PANG:1: MQTT PUBACK
07:04:08.380 > PANG:2:  Data @ 0x3ffdae56 len=4 RL=2
07:04:08.385 > AARD:1: ----> TX 28 bytes
07:04:08.386 > AARD:1: TCP onDisconnect
07:04:08.389 > AARD:1: ON DISCONNECT FH=110580 r=0
07:04:08.392 > PANG:1: TCP CHOPPED US! 0
07:04:13.334 > Publishing 0 to uptime
07:04:13.336 > PANG:1: NOTIFY e=8 inf=0
07:04:13.338 > Publishing Hello from uiinputs to hello
07:04:13.342 > PANG:1: NOTIFY e=8 inf=0
07:04:13.343 > Publishing 10413 to millis
07:04:13.346 > PANG:1: NOTIFY e=8 inf=0
07:04:13.348 > Heap: 110580
07:04:13.349 > PANG:1: NOTIFY e=8 inf=0
07:04:13.352 > Publishing 110580 to heap
07:04:13.353 > PANG:1: NOTIFY e=8 inf=0
07:04:18.581 > Publishing 0 to uptime
07:04:18.583 > PANG:1: NOTIFY e=8 inf=0
07:04:18.585 > Publishing Hello from uiinputs to hello
07:04:18.600 > PANG:1: NOTIFY e=8 inf=0
07:04:18.602 > Publishing 15678 to millis
07:04:18.605 > PANG:1: NOTIFY e=8 inf=0
07:04:18.607 > Heap: 110580
07:04:18.608 > PANG:1: NOTIFY e=8 inf=0
07:04:18.635 > Publishing 110580 to heap
07:04:18.637 > PANG:1: NOTIFY e=8 inf=0
07:04:23.595 > Publishing 0 to uptime
07:04:23.595 > PANG:1: NOTIFY e=8 inf=0
07:04:23.605 > Publishing Hello from uiinputs to hello
07:04:23.609 > PANG:1: NOTIFY e=8 inf=0
07:04:23.611 > Publishing 20680 to millis
07:04:23.613 > PANG:1: NOTIFY e=8 inf=0
07:04:23.615 > Heap: 110580
07:04:23.617 > PANG:1: NOTIFY e=8 inf=0
07:04:23.635 > Publishing 110580 to heap
07:04:23.637 > PANG:1: NOTIFY e=8 inf=0
07:04:28.385 > AARD:1: CONNECTING to 192.168.1.34:1883 secure=0 FH=110580
07:04:28.406 > AARD:1: Connected Max packet size 51194 TCP_MSS=1436 SND_BUF=5744 TCP_WND=5744
07:04:28.414 > AARD:1: ----> TX 51 bytes
07:04:28.420 > AARD:1: <---- RX 3FFDAE52 len=4 PSH=1 stored=0 FH=110580
07:04:28.426 > PANG:1: MQTT CONNACK
07:04:28.427 > PANG:2:  Data @ 0x3ffdae52 len=4 RL=2
07:04:28.431 > AARD:1: ----> TX 4 bytes
07:04:28.435 > PANG:1: CONNECTED FH=110580 MaxPL=53242 SESSION CLEAN
07:04:28.441 > PANG:1: MQTT PUBLISH
07:04:28.443 > PANG:2:  Data @ 0x3ffd9e18 len=66 RL=64
07:04:28.446 > AARD:1: ----> TX 4 bytes
07:04:28.448 > AARD:1: <---- RX 3FFDB82E len=4 PSH=1 stored=0 FH=110580
07:04:28.453 > PANG:1: MQTT PUBCOMP
07:04:28.455 > PANG:2:  Data @ 0x3ffdb82e len=4 RL=2
07:04:28.459 > AARD:1: ----> TX 12 bytes
07:04:28.462 > AARD:1: <---- RX 3FFDAE52 len=4 PSH=1 stored=0 FH=110580
07:04:28.467 > PANG:1: MQTT PUBCOMP
07:04:28.469 > PANG:2:  Data @ 0x3ffdae52 len=4 RL=2
07:04:28.472 > AARD:1: ----> TX 15 bytes
07:04:28.474 > AARD:1: <---- RX 3FFDAE52 len=5 PSH=1 stored=0 FH=110580
07:04:28.479 > PANG:1: MQTT SUBACK
07:04:28.481 > PANG:2:  Data @ 0x3ffdae52 len=5 RL=3
07:04:28.483 > AARD:1: ----> TX 20 bytes
07:04:28.487 > AARD:1: <---- RX 3FFDB552 len=5 PSH=1 stored=0 FH=110580
07:04:28.491 > PANG:1: MQTT SUBACK
07:04:28.493 > PANG:2:  Data @ 0x3ffdb552 len=5 RL=3
07:04:28.497 > AARD:1: ----> TX 18 bytes
07:04:28.499 > AARD:1: <---- RX 3FFDAE52 len=5 PSH=1 stored=0 FH=110580
07:04:28.504 > PANG:1: MQTT SUBACK
07:04:28.504 > PANG:2:  Data @ 0x3ffdae52 len=5 RL=3
07:04:28.509 > AARD:1: ----> TX 18 bytes
07:04:28.511 > AARD:1: <---- RX 3FFDB552 len=5 PSH=1 stored=0 FH=110580
07:04:28.516 > PANG:1: MQTT SUBACK
07:04:28.518 > PANG:2:  Data @ 0x3ffdb552 len=5 RL=3
07:04:28.521 > AARD:1: ----> TX 66 bytes
07:04:28.523 > AARD:1: <---- RX 3FFDAE52 len=5 PSH=1 stored=0 FH=110580
07:04:28.528 > PANG:1: MQTT SUBACK
07:04:28.530 > PANG:2:  Data @ 0x3ffdae52 len=5 RL=3
07:04:28.613 > Publishing 0 to uptime
07:04:28.615 > PANG:1: MQTT PUBLISH
07:04:28.617 > PANG:2:  Data @ 0x3ffd36e0 len=25 RL=23
07:04:28.620 > AARD:1: ----> TX 25 bytes
07:04:28.623 > Publishing Hello from uiinputs to hello
07:04:28.626 > PANG:1: MQTT PUBLISH
07:04:28.628 > PANG:2:  Data @ 0x3ffd9de8 len=42 RL=40
07:04:28.631 > AARD:1: <---- RX 3FFDB666 len=4 PSH=1 stored=0 FH=110580
07:04:28.636 > PANG:1: MQTT PUBACK
07:04:28.638 > PANG:2:  Data @ 0x3ffdb666 len=4 RL=2
07:04:28.641 > AARD:1: ----> TX 42 bytes
07:04:28.643 > Publishing 25719 to millis
07:04:28.646 > PANG:1: MQTT PUBLISH
07:04:28.648 > PANG:2:  Data @ 0x3ffd4a30 len=29 RL=27
07:04:28.651 > Heap: 110580
07:04:28.652 > PANG:1: MQTT PUBLISH
07:04:28.653 > PANG:2:  Data @ 0x3ffdb080 len=521 RL=518
07:04:28.658 > AARD:1: ----> TX 29 bytes
07:04:28.660 > Publishing 110580 to heap
07:04:28.662 > AARD:1: <---- RX 3FFDB056 len=4 PSH=1 stored=0 FH=110580
07:04:28.667 > PANG:1: MQTT PUBACK
07:04:28.669 > PANG:2:  Data @ 0x3ffdb056 len=4 RL=2
07:04:28.672 > PANG:1: MQTT PUBLISH
07:04:28.673 > PANG:2:  Data @ 0x3ffd36e0 len=28 RL=26
07:04:28.678 > AARD:1: ----> TX 521 bytes
07:04:28.680 > AARD:1: <---- RX 3FFDBB7A len=4 PSH=1 stored=0 FH=110580
07:04:28.685 > PANG:1: MQTT PUBACK
07:04:28.687 > PANG:2:  Data @ 0x3ffdbb7a len=4 RL=2
07:04:28.690 > AARD:1: ----> TX 28 bytes
07:04:28.692 > AARD:1: TCP onDisconnect
07:04:28.693 > AARD:1: ON DISCONNECT FH=110580 r=0
07:04:28.698 > PANG:1: TCP CHOPPED US! 0
07:04:33.655 > Publishing 0 to uptime
07:04:33.658 > PANG:1: NOTIFY e=8 inf=0
07:04:33.660 > Publishing Hello from uiinputs to hello
07:04:33.663 > PANG:1: NOTIFY e=8 inf=0
07:04:33.665 > Publishing 30735 to millis
07:04:33.667 > PANG:1: NOTIFY e=8 inf=0
07:04:33.670 > Heap: 110580
07:04:33.671 > PANG:1: NOTIFY e=8 inf=0
07:04:33.674 > Publishing 110580 to heap
07:04:33.676 > PANG:1: NOTIFY e=8 inf=0
07:04:38.665 > Publishing 0 to uptime
07:04:38.669 > PANG:1: NOTIFY e=8 inf=0
07:04:38.672 > Publishing Hello from uiinputs to hello
07:04:38.676 > PANG:1: NOTIFY e=8 inf=0
07:04:38.678 > Publishing 35747 to millis
07:04:38.680 > PANG:1: NOTIFY e=8 inf=0
07:04:38.682 > Heap: 110580
07:04:38.683 > PANG:1: NOTIFY e=8 inf=0
07:04:38.686 > Publishing 110580 to heap
07:04:38.688 > PANG:1: NOTIFY e=8 inf=0
07:04:43.675 > Publishing 0 to uptime
07:04:43.675 > PANG:1: NOTIFY e=8 inf=0
07:04:43.684 > Publishing Hello from uiinputs to hello
07:04:43.688 > PANG:1: NOTIFY e=8 inf=0
07:04:43.690 > Publishing 40759 to millis
07:04:43.692 > PANG:1: NOTIFY e=8 inf=0
07:04:43.693 > Heap: 110580
07:04:43.696 > PANG:1: NOTIFY e=8 inf=0
07:04:43.698 > Publishing 110580 to heap
07:04:43.700 > PANG:1: NOTIFY e=8 inf=0
07:04:48.690 > Publishing 0 to uptime
07:04:48.690 > PANG:1: NOTIFY e=8 inf=0
07:04:48.696 > Publishing Hello from uiinputs to hello
07:04:48.700 > PANG:1: NOTIFY e=8 inf=0
07:04:48.702 > Publishing 45771 to millis
07:04:48.704 > PANG:1: NOTIFY e=8 inf=0
07:04:48.707 > Heap: 110580
07:04:48.708 > PANG:1: NOTIFY e=8 inf=0
07:04:48.710 > Publishing 110580 to heap
07:04:48.712 > PANG:1: NOTIFY e=8 inf=0
07:04:48.714 > AARD:1: CONNECTING to 192.168.1.34:1883 secure=0 FH=110580
07:04:48.727 > AARD:1: Connected Max packet size 51194 TCP_MSS=1436 SND_BUF=5744 TCP_WND=5744
07:04:48.735 > AARD:1: ----> TX 51 bytes
07:04:48.743 > AARD:1: <---- RX 3FFDB676 len=4 PSH=1 stored=0 FH=110580
07:04:48.749 > PANG:1: MQTT CONNACK
07:04:48.750 > PANG:2:  Data @ 0x3ffdb676 len=4 RL=2
07:04:48.753 > AARD:1: ----> TX 4 bytes
07:04:48.758 > PANG:1: CONNECTED FH=110580 MaxPL=53242 SESSION CLEAN
07:04:48.763 > PANG:1: MQTT PUBLISH
07:04:48.766 > PANG:2:  Data @ 0x3ffd4a30 len=66 RL=64
07:04:48.771 > AARD:1: ----> TX 4 bytes
07:04:48.774 > AARD:1: <---- RX 3FFDB382 len=4 PSH=1 stored=0 FH=110580
07:04:48.780 > PANG:1: MQTT PUBCOMP
07:04:48.781 > PANG:2:  Data @ 0x3ffdb382 len=4 RL=2
07:04:48.788 > AARD:1: ----> TX 12 bytes
07:04:48.790 > AARD:1: <---- RX 3FFDAD72 len=4 PSH=1 stored=0 FH=110580
07:04:48.796 > PANG:1: MQTT PUBCOMP
07:04:48.798 > PANG:2:  Data @ 0x3ffdad72 len=4 RL=2
07:04:48.801 > AARD:1: ----> TX 15 bytes
07:04:48.803 > AARD:1: <---- RX 3FFDB472 len=5 PSH=1 stored=0 FH=110580
07:04:48.808 > PANG:1: MQTT SUBACK
07:04:48.809 > PANG:2:  Data @ 0x3ffdb472 len=5 RL=3
07:04:48.813 > AARD:1: ----> TX 20 bytes
07:04:48.816 > AARD:1: <---- RX 3FFDB562 len=5 PSH=1 stored=0 FH=110580
07:04:48.820 > PANG:1: MQTT SUBACK
07:04:48.823 > PANG:2:  Data @ 0x3ffdb562 len=5 RL=3
07:04:48.826 > AARD:1: ----> TX 18 bytes
07:04:48.828 > AARD:1: <---- RX 3FFDB382 len=5 PSH=1 stored=0 FH=110580
07:04:48.833 > PANG:1: MQTT SUBACK
07:04:48.835 > PANG:2:  Data @ 0x3ffdb382 len=5 RL=3
07:04:48.838 > AARD:1: ----> TX 18 bytes
07:04:48.841 > AARD:1: <---- RX 3FFDB472 len=5 PSH=1 stored=0 FH=110580
07:04:48.846 > PANG:1: MQTT SUBACK
07:04:48.847 > PANG:2:  Data @ 0x3ffdb472 len=5 RL=3
07:04:48.851 > AARD:1: ----> TX 66 bytes
07:04:48.854 > AARD:1: <---- RX 3FFB6F42 len=5 PSH=1 stored=0 FH=110580
07:04:48.858 > PANG:1: MQTT SUBACK
07:04:48.860 > PANG:2:  Data @ 0x3ffb6f42 len=5 RL=3
07:04:53.704 > Publishing 0 to uptime
07:04:53.706 > PANG:1: MQTT PUBLISH
07:04:53.708 > PANG:2:  Data @ 0x3ffb6e7c len=25 RL=23
07:04:53.712 > AARD:1: ----> TX 25 bytes
07:04:53.714 > Publishing Hello from uiinputs to hello
07:04:53.717 > PANG:1: MQTT PUBLISH
07:04:53.719 > PANG:2:  Data @ 0x3ffb6fa8 len=42 RL=40
07:04:53.723 > AARD:1: <---- RX 3FFDB586 len=4 PSH=1 stored=0 FH=110580
07:04:53.728 > PANG:1: MQTT PUBACK
07:04:53.729 > PANG:2:  Data @ 0x3ffdb586 len=4 RL=2
07:04:53.733 > AARD:1: ----> TX 42 bytes
07:04:53.735 > Publishing 50812 to millis
07:04:53.737 > PANG:1: MQTT PUBLISH
07:04:53.739 > PANG:2:  Data @ 0x3ffb6ef8 len=29 RL=27
07:04:53.742 > Heap: 110580
07:04:53.744 > PANG:1: MQTT PUBLISH
07:04:53.745 > PANG:2:  Data @ 0x3ffdafa0 len=521 RL=518
07:04:53.749 > AARD:1: ----> TX 29 bytes
07:04:53.750 > Publishing 110580 to heap
07:04:53.754 > AARD:1: <---- RX 3FFDAF76 len=4 PSH=1 stored=0 FH=110580
07:04:53.759 > PANG:1: MQTT PUBACK
07:04:53.760 > PANG:2:  Data @ 0x3ffdaf76 len=4 RL=2
07:04:53.763 > PANG:1: MQTT PUBLISH
07:04:53.765 > PANG:2:  Data @ 0x3ffd36e0 len=28 RL=26
07:04:53.769 > AARD:1: ----> TX 521 bytes
07:04:53.771 > AARD:1: <---- RX 3FFDAD72 len=4 PSH=1 stored=0 FH=110580
07:04:53.775 > PANG:1: MQTT PUBACK
07:04:53.778 > PANG:2:  Data @ 0x3ffdad72 len=4 RL=2
07:04:53.781 > AARD:1: ----> TX 28 bytes
07:04:53.783 > AARD:1: TCP onDisconnect
07:04:53.786 > AARD:1: ON DISCONNECT FH=110580 r=0
07:04:53.789 > PANG:1: TCP CHOPPED US! 0
07:04:58.745 > Publishing 0 to uptime
07:04:58.749 > PANG:1: NOTIFY e=8 inf=0
07:04:58.749 > Publishing Hello from uiinputs to hello
07:04:58.755 > PANG:1: NOTIFY e=8 inf=0
07:04:58.755 > Publishing 55827 to millis
07:04:58.755 > PANG:1: NOTIFY e=8 inf=0
07:04:58.755 > Heap: 110580
07:04:58.755 > PANG:1: NOTIFY e=8 inf=0
07:04:58.765 > Publishing 110580 to heap
07:04:58.765 > PANG:1: NOTIFY e=8 inf=0
07:05:03.757 > Publishing 0 to uptime
07:05:03.757 > PANG:1: NOTIFY e=8 inf=0
07:05:03.757 > Publishing Hello from uiinputs to hello
07:05:03.765 > PANG:1: NOTIFY e=8 inf=0
07:05:03.765 > Publishing 60839 to millis
07:05:03.773 > PANG:1: NOTIFY e=8 inf=0
07:05:03.774 > Heap: 110580
07:05:03.775 > PANG:1: NOTIFY e=8 inf=0
07:05:03.777 > Publishing 110580 to heap
07:05:03.779 > PANG:1: NOTIFY e=8 inf=0
07:05:08.770 > Publishing 0 to uptime
07:05:08.770 > PANG:1: NOTIFY e=8 inf=0
07:05:08.775 > Publishing Hello from uiinputs to hello
07:05:08.775 > PANG:1: NOTIFY e=8 inf=0
07:05:08.775 > Publishing 65851 to millis
07:05:08.775 > PANG:1: NOTIFY e=8 inf=0
07:05:08.786 > Heap: 110580
07:05:08.786 > PANG:1: NOTIFY e=8 inf=0
07:05:08.786 > Publishing 110580 to heap
07:05:08.786 > PANG:1: NOTIFY e=8 inf=0
07:05:13.783 > AARD:1: CONNECTING to 192.168.1.34:1883 secure=0 FH=110580
07:05:13.790 > Publishing 0 to uptime
07:05:13.792 > PANG:1: NOTIFY e=8 inf=0
07:05:13.794 > Publishing Hello from uiinputs to hello
07:05:13.798 > PANG:1: NOTIFY e=8 inf=0
07:05:13.800 > Publishing 70867 to millis
07:05:13.802 > AARD:1: Connected Max packet size 51194 TCP_MSS=1436 SND_BUF=5744 TCP_WND=5744
07:05:13.808 > AARD:1: ----> TX 51 bytes
07:05:13.811 > PANG:1: NOTIFY e=8 inf=0
07:05:13.813 > Heap: 110580
07:05:13.814 > PANG:1: NOTIFY e=8 inf=0
07:05:13.816 > Publishing 110580 to heap
07:05:13.818 > PANG:1: NOTIFY e=8 inf=0
07:05:13.820 > AARD:1: <---- RX 3FFDAE52 len=4 PSH=1 stored=0 FH=110580
07:05:13.825 > PANG:1: MQTT CONNACK
07:05:13.827 > PANG:2:  Data @ 0x3ffdae52 len=4 RL=2
07:05:13.830 > AARD:1: ----> TX 4 bytes
07:05:13.838 > PANG:1: CONNECTED FH=110580 MaxPL=53242 SESSION CLEAN
07:05:13.838 > PANG:1: MQTT PUBLISH
07:05:13.839 > PANG:2:  Data @ 0x3ffd4a30 len=66 RL=64
07:05:13.843 > AARD:1: ----> TX 4 bytes
07:05:13.846 > AARD:1: <---- RX 3FFDAE52 len=4 PSH=1 stored=0 FH=110580
07:05:13.849 > PANG:1: MQTT PUBCOMP
07:05:13.852 > PANG:2:  Data @ 0x3ffdae52 len=4 RL=2
07:05:13.855 > AARD:1: ----> TX 12 bytes
07:05:13.857 > AARD:1: <---- RX 3FFDB552 len=4 PSH=1 stored=0 FH=110580
07:05:13.863 > PANG:1: MQTT PUBCOMP
07:05:13.865 > PANG:2:  Data @ 0x3ffdb552 len=4 RL=2
07:05:13.868 > AARD:1: ----> TX 15 bytes
07:05:13.869 > AARD:1: <---- RX 3FFDBB7A len=5 PSH=1 stored=0 FH=110580
07:05:13.874 > PANG:1: MQTT SUBACK
07:05:13.877 > PANG:2:  Data @ 0x3ffdbb7a len=5 RL=3
07:05:13.880 > AARD:1: ----> TX 20 bytes
07:05:13.882 > AARD:1: <---- RX 3FFDB462 len=5 PSH=1 stored=0 FH=110580
07:05:13.887 > PANG:1: MQTT SUBACK
07:05:13.889 > PANG:2:  Data @ 0x3ffdb462 len=5 RL=3
07:05:13.892 > AARD:1: ----> TX 18 bytes
07:05:13.894 > AARD:1: <---- RX 3FFDBB7A len=5 PSH=1 stored=0 FH=110580
07:05:13.900 > PANG:1: MQTT SUBACK
07:05:13.901 > PANG:2:  Data @ 0x3ffdbb7a len=5 RL=3
07:05:13.904 > AARD:1: ----> TX 18 bytes
07:05:13.906 > AARD:1: <---- RX 3FFDB462 len=5 PSH=1 stored=0 FH=110580
07:05:13.912 > PANG:1: MQTT SUBACK
07:05:13.914 > PANG:2:  Data @ 0x3ffdb462 len=5 RL=3
07:05:13.917 > AARD:1: ----> TX 66 bytes
07:05:13.920 > AARD:1: <---- RX 3FFDBB7A len=5 PSH=1 stored=0 FH=110580
07:05:13.925 > PANG:1: MQTT SUBACK
07:05:13.925 > PANG:2:  Data @ 0x3ffdbb7a len=5 RL=3
07:05:18.812 > Publishing 0 to uptime
07:05:18.815 > PANG:1: MQTT PUBLISH
07:05:18.817 > PANG:2:  Data @ 0x3ffb6e7c len=25 RL=23
07:05:18.821 > AARD:1: ----> TX 25 bytes
07:05:18.823 > Publishing Hello from uiinputs to hello
07:05:18.826 > PANG:1: MQTT PUBLISH
07:05:18.828 > PANG:2:  Data @ 0x3ffb6fa8 len=42 RL=40
07:05:18.832 > AARD:1: <---- RX 3FFDB86A len=4 PSH=1 stored=0 FH=110580
07:05:18.837 > PANG:1: MQTT PUBACK
07:05:18.838 > PANG:2:  Data @ 0x3ffdb86a len=4 RL=2
07:05:18.842 > AARD:1: ----> TX 42 bytes
07:05:18.844 > Publishing 75921 to millis
07:05:18.846 > PANG:1: MQTT PUBLISH
07:05:18.848 > PANG:2:  Data @ 0x3ffb6de0 len=29 RL=27
07:05:18.852 > Heap: 110580
07:05:18.853 > PANG:1: MQTT PUBLISH
07:05:18.854 > PANG:2:  Data @ 0x3ffdb284 len=521 RL=518
07:05:18.857 > AARD:1: ----> TX 29 bytes
07:05:18.859 > Publishing 110580 to heap
07:05:18.863 > PANG:1: MQTT PUBLISH
07:05:18.865 > PANG:2:  Data @ 0x3ffdac24 len=28 RL=26
07:05:18.867 > AARD:1: <---- RX 3FFDB25A len=4 PSH=1 stored=0 FH=110580
07:05:18.872 > PANG:1: MQTT PUBACK
07:05:18.875 > PANG:2:  Data @ 0x3ffdb25a len=4 RL=2
07:05:18.878 > AARD:1: ----> TX 521 bytes
07:05:18.879 > AARD:1: <---- RX 3FFDAE52 len=4 PSH=1 stored=0 FH=110580
07:05:18.884 > PANG:1: MQTT PUBACK
07:05:18.887 > PANG:2:  Data @ 0x3ffdae52 len=4 RL=2
07:05:18.889 > AARD:1: ----> TX 28 bytes
07:05:18.893 > AARD:1: TCP onDisconnect
07:05:18.895 > AARD:1: ON DISCONNECT FH=110580 r=0
07:05:18.897 > PANG:1: TCP CHOPPED US! 0
07:05:23.855 > Publishing 0 to uptime
07:05:23.855 > PANG:1: NOTIFY e=8 inf=0
07:05:23.855 > Publishing Hello from uiinputs to hello
07:05:23.855 > PANG:1: NOTIFY e=8 inf=0
07:05:23.865 > Publishing 80936 to millis
07:05:23.868 > PANG:1: NOTIFY e=8 inf=0
07:05:23.868 > Heap: 110580
07:05:23.872 > PANG:1: NOTIFY e=8 inf=0
07:05:23.874 > Publishing 110580 to heap
07:05:23.876 > PANG:1: NOTIFY e=8 inf=0
07:05:28.865 > Publishing 0 to uptime
07:05:28.870 > PANG:1: NOTIFY e=8 inf=0
07:05:28.873 > Publishing Hello from uiinputs to hello
07:05:28.876 > PANG:1: NOTIFY e=8 inf=0
07:05:28.878 > Publishing 85948 to millis
07:05:28.881 > PANG:1: NOTIFY e=8 inf=0
07:05:28.883 > Heap: 110580
07:05:28.883 > PANG:1: NOTIFY e=8 inf=0
07:05:28.886 > Publishing 110580 to heap
07:05:28.888 > PANG:1: NOTIFY e=8 inf=0
07:05:33.875 > Publishing 0 to uptime
07:05:33.875 > PANG:1: NOTIFY e=8 inf=0
07:05:33.885 > Publishing Hello from uiinputs to hello
07:05:33.885 > PANG:1: NOTIFY e=8 inf=0
07:05:33.890 > Publishing 90960 to millis
07:05:33.890 > PANG:1: NOTIFY e=8 inf=0
07:05:33.894 > Heap: 110580
07:05:33.894 > PANG:1: NOTIFY e=8 inf=0
07:05:33.894 > Publishing 110580 to heap
07:05:33.894 > PANG:1: NOTIFY e=8 inf=0
07:05:38.894 > AARD:1: CONNECTING to 192.168.1.34:1883 secure=0 FH=110580
07:05:38.897 > Publishing 0 to uptime
07:05:38.897 > PANG:1: NOTIFY e=8 inf=0
07:05:38.897 > Publishing Hello from uiinputs to hello
07:05:38.905 > PANG:1: NOTIFY e=8 inf=0
07:05:38.905 > Publishing 95977 to millis
07:05:38.905 > AARD:1: Connected Max packet size 51194 TCP_MSS=1436 SND_BUF=5744 TCP_WND=5744
07:05:38.915 > AARD:1: ----> TX 51 bytes
07:05:38.915 > PANG:1: NOTIFY e=8 inf=0
07:05:38.915 > Heap: 110580
07:05:38.915 > PANG:1: NOTIFY e=8 inf=0
07:05:38.925 > Publishing 110580 to heap
07:05:38.925 > PANG:1: NOTIFY e=8 inf=0
07:05:38.929 > AARD:1: <---- RX 3FFDAE52 len=4 PSH=1 stored=0 FH=110580
07:05:38.935 > PANG:1: MQTT CONNACK
07:05:38.935 > PANG:2:  Data @ 0x3ffdae52 len=4 RL=2
07:05:38.935 > AARD:1: ----> TX 4 bytes
07:05:38.945 > PANG:1: CONNECTED FH=110580 MaxPL=53242 SESSION CLEAN
07:05:38.945 > PANG:1: MQTT PUBLISH
07:05:38.952 > PANG:2:  Data @ 0x3ffda35c len=66 RL=64
07:05:38.955 > AARD:1: ----> TX 4 bytes
07:05:38.955 > AARD:1: <---- RX 3FFDBA6E len=4 PSH=1 stored=0 FH=110580
07:05:38.961 > PANG:1: MQTT PUBCOMP
07:05:38.965 > PANG:2:  Data @ 0x3ffdba6e len=4 RL=2
07:05:38.965 > AARD:1: ----> TX 12 bytes
07:05:38.965 > AARD:1: <---- RX 3FFDAE52 len=4 PSH=1 stored=0 FH=110580
07:05:38.975 > PANG:1: MQTT PUBCOMP
07:05:38.977 > PANG:2:  Data @ 0x3ffdae52 len=4 RL=2
07:05:38.977 > AARD:1: ----> TX 15 bytes
07:05:38.977 > AARD:1: <---- RX 3FFDAF42 len=5 PSH=1 stored=0 FH=110580
07:05:38.985 > PANG:1: MQTT SUBACK
07:05:38.985 > PANG:2:  Data @ 0x3ffdaf42 len=5 RL=3
07:05:38.993 > AARD:1: ----> TX 20 bytes
07:05:38.996 > AARD:1: <---- RX 3FFDAE52 len=5 PSH=1 stored=0 FH=110580
07:05:39.001 > PANG:1: MQTT SUBACK
07:05:39.001 > PANG:2:  Data @ 0x3ffdae52 len=5 RL=3
07:05:39.005 > AARD:1: ----> TX 18 bytes
07:05:39.005 > AARD:1: <---- RX 3FFDAE52 len=5 PSH=1 stored=0 FH=110580
07:05:39.009 > PANG:1: MQTT SUBACK
07:05:39.015 > PANG:2:  Data @ 0x3ffdae52 len=5 RL=3
07:05:39.015 > AARD:1: ----> TX 18 bytes
07:05:39.015 > AARD:1: <---- RX 3FFDAF42 len=5 PSH=1 stored=0 FH=110580
07:05:39.025 > PANG:1: MQTT SUBACK
07:05:39.025 > PANG:2:  Data @ 0x3ffdaf42 len=5 RL=3
07:05:39.025 > AARD:1: ----> TX 66 bytes
07:05:39.025 > AARD:1: <---- RX 3FFDB86A len=5 PSH=1 stored=0 FH=110580
07:05:39.035 > PANG:1: MQTT SUBACK
07:05:39.035 > PANG:2:  Data @ 0x3ffdb86a len=5 RL=3
07:05:44.037 > Publishing 0 to uptime
07:05:44.037 > PANG:1: MQTT PUBLISH
07:05:44.037 > PANG:2:  Data @ 0x3ffd55dc len=25 RL=23
07:05:44.045 > AARD:1: ----> TX 25 bytes
07:05:44.045 > Publishing Hello from uiinputs to hello
07:05:44.045 > PANG:1: MQTT PUBLISH
07:05:44.053 > PANG:2:  Data @ 0x3ffd5608 len=42 RL=40
07:05:44.055 > Publishing 101127 to millis
07:05:44.055 > PANG:1: MQTT PUBLISH
07:05:44.055 > PANG:2:  Data @ 0x3ffd4b7c len=30 RL=28
07:05:44.065 > Heap: 110580
07:05:44.065 > PANG:1: MQTT PUBLISH
07:05:44.065 > PANG:2:  Data @ 0x3ffdd2c4 len=521 RL=518
07:05:44.069 > Publishing 110580 to heap
07:05:44.069 > PANG:1: MQTT PUBLISH
07:05:44.075 > PANG:2:  Data @ 0x3ffd53b0 len=28 RL=26
07:05:44.117 > AARD:1: ----> TX 42 bytes
07:05:44.117 > AARD:1: <---- RX 3FFB6EAA len=4 PSH=1 stored=0 FH=110580
07:05:44.125 > PANG:1: MQTT PUBACK
07:05:44.127 > PANG:2:  Data @ 0x3ffb6eaa len=4 RL=2
07:05:44.130 > AARD:1: ----> TX 30 bytes
07:05:44.133 > AARD:1: <---- RX 3FFB6EAA len=4 PSH=1 stored=0 FH=110580
07:05:44.138 > PANG:1: MQTT PUBACK
07:05:44.139 > PANG:2:  Data @ 0x3ffb6eaa len=4 RL=2
07:05:44.144 > AARD:1: ----> TX 521 bytes
07:05:44.144 > AARD:1: <---- RX 3FFB6EAA len=4 PSH=1 stored=0 FH=110580
07:05:44.144 > PANG:1: MQTT PUBACK
07:05:44.155 > PANG:2:  Data @ 0x3ffb6eaa len=4 RL=2
07:05:44.165 > AARD:1: ----> TX 28 bytes
07:05:44.165 > AARD:1: TCP onDisconnect
07:05:44.171 > AARD:1: ON DISCONNECT FH=110580 r=0
07:05:44.171 > PANG:1: TCP CHOPPED US! 0
07:05:49.062 > Publishing 0 to uptime
07:05:49.065 > PANG:1: NOTIFY e=8 inf=0
07:05:49.067 > Publishing Hello from uiinputs to hello
07:05:49.070 > PANG:1: NOTIFY e=8 inf=0
07:05:49.072 > Publishing 106142 to millis
07:05:49.075 > PANG:1: NOTIFY e=8 inf=0
07:05:49.077 > Heap: 110580
07:05:49.078 > PANG:1: NOTIFY e=8 inf=0
07:05:49.080 > Publishing 110580 to heap
07:05:49.083 > PANG:1: NOTIFY e=8 inf=0
07:05:54.065 > Publishing 0 to uptime
07:05:54.075 > PANG:1: NOTIFY e=8 inf=0
07:05:54.075 > Publishing Hello from uiinputs to hello
07:05:54.075 > PANG:1: NOTIFY e=8 inf=0
07:05:54.085 > Publishing 111154 to millis
07:05:54.085 > PANG:1: NOTIFY e=8 inf=0
07:05:54.085 > Heap: 110580
07:05:54.085 > PANG:1: NOTIFY e=8 inf=0
07:05:54.091 > Publishing 110580 to heap
07:05:54.095 > PANG:1: NOTIFY e=8 inf=0
07:05:59.085 > Publishing 0 to uptime
07:05:59.085 > PANG:1: NOTIFY e=8 inf=0
07:05:59.090 > Publishing Hello from uiinputs to hello
07:05:59.090 > PANG:1: NOTIFY e=8 inf=0
07:05:59.095 > Publishing 116166 to millis
07:05:59.095 > PANG:1: NOTIFY e=8 inf=0
07:05:59.095 > Heap: 110580
07:05:59.095 > PANG:1: NOTIFY e=8 inf=0
07:05:59.095 > Publishing 110580 to heap
07:05:59.106 > PANG:1: NOTIFY e=8 inf=0
07:06:04.184 > Publishing 0 to uptime
07:06:04.185 > PANG:1: NOTIFY e=8 inf=0
07:06:04.185 > Publishing Hello from uiinputs to hello
07:06:04.185 > PANG:1: NOTIFY e=8 inf=0
07:06:04.216 > Publishing 121295 to millis
07:06:04.216 > PANG:1: NOTIFY e=8 inf=0
07:06:04.216 > Heap: 110580
07:06:04.216 > PANG:1: NOTIFY e=8 inf=0
07:06:04.381 > Publishing 110580 to heap
07:06:04.383 > PANG:1: NOTIFY e=8 inf=0
07:06:04.386 > AARD:1: CONNECTING to 192.168.1.34:1883 secure=0 FH=110580
07:06:04.394 > AARD:1: Connected Max packet size 51194 TCP_MSS=1436 SND_BUF=5744 TCP_WND=5744
07:06:04.407 > AARD:1: ----> TX 51 bytes
07:06:04.425 > AARD:1: <---- RX 3FFB6F5E len=4 PSH=1 stored=0 FH=110580
07:06:04.425 > PANG:1: MQTT CONNACK
07:06:04.425 > PANG:2:  Data @ 0x3ffb6f5e len=4 RL=2
07:06:04.435 > AARD:1: ----> TX 4 bytes
07:06:04.439 > PANG:1: CONNECTED FH=110580 MaxPL=53242 SESSION CLEAN
07:06:04.445 > PANG:1: MQTT PUBLISH
07:06:04.445 > PANG:2:  Data @ 0x3ffd3748 len=66 RL=64
07:06:04.445 > AARD:1: ----> TX 4 bytes
07:06:04.455 > AARD:1: <---- RX 3FFDAF32 len=4 PSH=1 stored=0 FH=110580
07:06:04.455 > PANG:1: MQTT PUBCOMP
07:06:04.455 > PANG:2:  Data @ 0x3ffdaf32 len=4 RL=2
07:06:04.465 > AARD:1: ----> TX 12 bytes
07:06:04.465 > AARD:1: <---- RX 3FFDAF32 len=4 PSH=1 stored=0 FH=110580
07:06:04.471 > PANG:1: MQTT PUBCOMP
07:06:04.475 > PANG:2:  Data @ 0x3ffdaf32 len=4 RL=2
07:06:04.475 > AARD:1: ----> TX 15 bytes
07:06:04.485 > AARD:1: <---- RX 3FFDAF32 len=5 PSH=1 stored=0 FH=110580
07:06:04.487 > PANG:1: MQTT SUBACK
07:06:04.487 > PANG:2:  Data @ 0x3ffdaf32 len=5 RL=3
07:06:04.495 > AARD:1: ----> TX 20 bytes
07:06:04.495 > AARD:1: <---- RX 3FFDAF32 len=5 PSH=1 stored=0 FH=110580
07:06:04.502 > PANG:1: MQTT SUBACK
07:06:04.505 > PANG:2:  Data @ 0x3ffdaf32 len=5 RL=3
07:06:04.505 > AARD:1: ----> TX 18 bytes
07:06:04.505 > AARD:1: <---- RX 3FFDB86A len=5 PSH=1 stored=0 FH=110580
07:06:04.515 > PANG:1: MQTT SUBACK
07:06:04.515 > PANG:2:  Data @ 0x3ffdb86a len=5 RL=3
07:06:04.518 > AARD:1: ----> TX 18 bytes
07:06:04.518 > AARD:1: <---- RX 3FFB6ECA len=5 PSH=1 stored=0 FH=110580
07:06:04.525 > PANG:1: MQTT SUBACK
07:06:04.525 > PANG:2:  Data @ 0x3ffb6eca len=5 RL=3
07:06:04.525 > AARD:1: ----> TX 66 bytes
07:06:04.535 > AARD:1: <---- RX 3FFDB542 len=5 PSH=1 stored=0 FH=110580
07:06:04.540 > PANG:1: MQTT SUBACK
07:06:04.542 > PANG:2:  Data @ 0x3ffdb542 len=5 RL=3
07:06:09.215 > Publishing 0 to uptime
07:06:09.215 > PANG:1: MQTT PUBLISH
07:06:09.215 > PANG:2:  Data @ 0x3ffb6e7c len=25 RL=23
07:06:09.225 > AARD:1: ----> TX 25 bytes
07:06:09.225 > Publishing Hello from uiinputs to hello
07:06:09.230 > PANG:1: MQTT PUBLISH
07:06:09.230 > PANG:2:  Data @ 0x3ffb6fa8 len=42 RL=40
07:06:09.235 > Publishing 126313 to millis
07:06:09.235 > PANG:1: MQTT PUBLISH
07:06:09.235 > PANG:2:  Data @ 0x3ffd9f28 len=30 RL=28
07:06:09.235 > Heap: 110580
07:06:09.245 > PANG:1: MQTT PUBLISH
07:06:09.245 > PANG:2:  Data @ 0x3ffdb67c len=521 RL=518
07:06:09.245 > AARD:1: ----> TX 42 bytes
07:06:09.245 > AARD:1: <---- RX 3FFDB962 len=4 PSH=1 stored=0 FH=110580
07:06:09.255 > PANG:1: MQTT PUBACK
07:06:09.255 > PANG:2:  Data @ 0x3ffdb962 len=4 RL=2
07:06:09.261 > AARD:1: ----> TX 30 bytes
07:06:09.265 > AARD:1: <---- RX 3FFB6F12 len=4 PSH=1 stored=0 FH=110580
07:06:09.265 > PANG:1: MQTT PUBACK
07:06:09.265 > PANG:2:  Data @ 0x3ffb6f12 len=4 RL=2
07:06:09.275 > AARD:1: ----> TX 521 bytes
07:06:09.275 > AARD:1: <---- RX 3FFDB542 len=4 PSH=1 stored=0 FH=110580
07:06:09.277 > PANG:1: MQTT PUBACK
07:06:09.277 > PANG:2:  Data @ 0x3ffdb542 len=4 RL=2
07:06:09.285 > AARD:1: TCP onDisconnect
07:06:09.285 > AARD:1: ON DISCONNECT FH=110580 r=0
07:06:09.285 > PANG:1: TCP CHOPPED US! 0
07:06:09.375 > Publishing 110580 to heap
07:06:09.375 > PANG:1: NOTIFY e=8 inf=0
07:06:14.245 > Publishing 0 to uptime
07:06:14.345 > PANG:1: NOTIFY e=8 inf=0
07:06:14.347 > Publishing Hello from uiinputs to hello
07:06:14.351 > PANG:1: NOTIFY e=8 inf=0
07:06:14.353 > Publishing 131424 to millis
07:06:14.355 > PANG:1: NOTIFY e=8 inf=0
07:06:14.358 > Heap: 110580
07:06:14.359 > PANG:1: NOTIFY e=8 inf=0
07:06:14.381 > Publishing 110580 to heap
07:06:14.383 > PANG:1: NOTIFY e=8 inf=0
07:06:19.351 > Publishing 0 to uptime
07:06:19.355 > PANG:1: NOTIFY e=8 inf=0
07:06:19.358 > Publishing Hello from uiinputs to hello
07:06:19.362 > PANG:1: NOTIFY e=8 inf=0
07:06:19.365 > Publishing 136434 to millis
07:06:19.367 > PANG:1: NOTIFY e=8 inf=0
07:06:19.369 > Heap: 110580
07:06:19.370 > PANG:1: NOTIFY e=8 inf=0
07:06:19.382 > Publishing 110580 to heap
07:06:19.384 > PANG:1: NOTIFY e=8 inf=0
07:06:24.366 > Publishing 0 to uptime
07:06:24.369 > PANG:1: NOTIFY e=8 inf=0
07:06:24.371 > Publishing Hello from uiinputs to hello
07:06:24.374 > PANG:1: NOTIFY e=8 inf=0
07:06:24.377 > Publishing 141446 to millis
07:06:24.378 > PANG:1: NOTIFY e=8 inf=0
07:06:24.380 > Heap: 110580
07:06:24.382 > PANG:1: NOTIFY e=8 inf=0
07:06:24.384 > Publishing 110580 to heap
07:06:24.385 > PANG:1: NOTIFY e=8 inf=0
07:06:29.395 > AARD:1: CONNECTING to 192.168.1.34:1883 secure=0 FH=110580
07:06:29.461 > Publishing 0 to uptime
07:06:29.463 > PANG:1: NOTIFY e=8 inf=0
07:06:29.465 > Publishing Hello from uiinputs to hello
07:06:29.469 > PANG:1: NOTIFY e=8 inf=0
07:06:29.471 > Publishing 146541 to millis
07:06:29.473 > PANG:1: NOTIFY e=8 inf=0
07:06:29.477 > Heap: 110580
07:06:29.478 > PANG:1: NOTIFY e=8 inf=0
07:06:29.480 > Publishing 110580 to heap
07:06:29.482 > PANG:1: NOTIFY e=8 inf=0
07:06:29.484 > AARD:1: Connected Max packet size 51194 TCP_MSS=1436 SND_BUF=5744 TCP_WND=5744
07:06:29.490 > AARD:1: ----> TX 51 bytes
07:06:29.492 > AARD:1: <---- RX 3FFDAE52 len=4 PSH=1 stored=0 FH=110580
07:06:29.498 > PANG:1: MQTT CONNACK
07:06:29.500 > PANG:2:  Data @ 0x3ffdae52 len=4 RL=2
07:06:29.503 > AARD:1: ----> TX 4 bytes
07:06:29.506 > PANG:1: CONNECTED FH=110580 MaxPL=53242 SESSION CLEAN
07:06:29.512 > PANG:1: MQTT PUBLISH
07:06:29.515 > PANG:2:  Data @ 0x3ffd5594 len=66 RL=64
07:06:29.523 > AARD:1: ----> TX 12 bytes
07:06:29.527 > AARD:1: <---- RX 3FFDAE52 len=4 PSH=1 stored=0 FH=110580
07:06:29.532 > PANG:1: MQTT PUBCOMP
07:06:29.534 > PANG:2:  Data @ 0x3ffdae52 len=4 RL=2
07:06:29.536 > AARD:1: ----> TX 15 bytes
07:06:29.538 > AARD:1: <---- RX 3FFB6F1E len=5 PSH=1 stored=0 FH=110580
07:06:29.543 > PANG:1: MQTT SUBACK
07:06:29.546 > PANG:2:  Data @ 0x3ffb6f1e len=5 RL=3
07:06:29.549 > AARD:1: ----> TX 20 bytes
07:06:29.552 > AARD:1: <---- RX 3FFDB462 len=5 PSH=1 stored=0 FH=110580
07:06:29.557 > PANG:1: MQTT SUBACK
07:06:29.558 > PANG:2:  Data @ 0x3ffdb462 len=5 RL=3
07:06:29.562 > AARD:1: ----> TX 18 bytes
07:06:29.564 > AARD:1: <---- RX 3FFB6F1E len=5 PSH=1 stored=0 FH=110580
07:06:29.568 > PANG:1: MQTT SUBACK
07:06:29.569 > PANG:2:  Data @ 0x3ffb6f1e len=5 RL=3
07:06:29.574 > AARD:1: ----> TX 18 bytes
07:06:29.576 > AARD:1: <---- RX 3FFDB462 len=5 PSH=1 stored=0 FH=110580
07:06:29.581 > PANG:1: MQTT SUBACK
07:06:29.583 > PANG:2:  Data @ 0x3ffdb462 len=5 RL=3
07:06:29.585 > AARD:1: ----> TX 66 bytes
07:06:29.588 > AARD:1: <---- RX 3FFDBB62 len=5 PSH=1 stored=0 FH=110580
07:06:29.594 > PANG:1: MQTT SUBACK
07:06:29.594 > PANG:2:  Data @ 0x3ffdbb62 len=5 RL=3
07:06:34.474 > Publishing 0 to uptime
07:06:34.476 > PANG:1: MQTT PUBLISH
07:06:34.478 > PANG:2:  Data @ 0x3ffb6de0 len=25 RL=23
07:06:34.481 > AARD:1: ----> TX 25 bytes
07:06:34.484 > Publishing Hello from uiinputs to hello
07:06:34.487 > PANG:1: MQTT PUBLISH
07:06:34.489 > PANG:2:  Data @ 0x3ffd9f28 len=42 RL=40
07:06:34.492 > AARD:1: <---- RX 3FFDBBC2 len=4 PSH=1 stored=0 FH=110580
07:06:34.497 > PANG:1: MQTT PUBACK
07:06:34.499 > PANG:2:  Data @ 0x3ffdbbc2 len=4 RL=2
07:06:34.502 > AARD:1: ----> TX 42 bytes
07:06:34.504 > Publishing 151583 to millis
07:06:34.507 > PANG:1: MQTT PUBLISH
07:06:34.509 > PANG:2:  Data @ 0x3ffda3e8 len=30 RL=28
07:06:34.512 > Heap: 110580
07:06:34.513 > PANG:1: MQTT PUBLISH
07:06:34.515 > PANG:2:  Data @ 0x3ffdb03c len=521 RL=518
07:06:34.519 > AARD:1: ----> TX 30 bytes
07:06:34.521 > Publishing 110580 to heap
07:06:34.523 > PANG:1: MQTT PUBLISH
07:06:34.525 > PANG:2:  Data @ 0x3ffd9bf4 len=28 RL=26
07:06:34.529 > AARD:1: <---- RX 3FFDBBC2 len=4 PSH=1 stored=0 FH=110580
07:06:34.534 > PANG:1: MQTT PUBACK
07:06:34.535 > PANG:2:  Data @ 0x3ffdbbc2 len=4 RL=2
07:06:34.545 > AARD:1: ----> TX 521 bytes
07:06:34.549 > AARD:1: <---- RX 3FFDAE8E len=4 PSH=1 stored=0 FH=110580
07:06:34.554 > PANG:1: MQTT PUBACK
07:06:34.556 > PANG:2:  Data @ 0x3ffdae8e len=4 RL=2
07:06:34.559 > AARD:1: ----> TX 28 bytes
07:06:34.561 > AARD:1: TCP onDisconnect
07:06:34.563 > AARD:1: ON DISCONNECT FH=110580 r=0
07:06:34.567 > PANG:1: TCP CHOPPED US! 0
07:06:39.535 > Publishing 0 to uptime
07:06:39.537 > PANG:1: NOTIFY e=8 inf=0
07:06:39.539 > Publishing Hello from uiinputs to hello
07:06:39.543 > PANG:1: NOTIFY e=8 inf=0
07:06:39.645 > Publishing 156724 to millis
07:06:39.648 > PANG:1: NOTIFY e=8 inf=0
07:06:39.650 > Heap: 110580
07:06:39.745 > PANG:1: NOTIFY e=8 inf=0
07:06:39.746 > Publishing 110580 to heap
07:06:39.749 > PANG:1: NOTIFY e=8 inf=0
