07:19:30.520 > Registered to start:
07:19:30.520 >  ears
07:19:30.520 >  upnp
07:19:30.520 >  onof
07:19:30.520 >  tick
07:19:30.520 >  gpio
07:19:30.520 >  mqtt
07:19:30.520 >  cmd
07:19:30.520 >  wifi
07:19:30.520 >  wink
07:19:30.520 >  beat
07:19:30.520 > GPIOs defined:
07:19:30.520 >  02 S=0 C=4 NPL=1
07:19:30.520 > H4P_PinMachine::svcUp 1
07:19:30.520 > START PINS:  P02 S=LO P=1 L=1 C=BLACK V=1 O=1 A=0
07:19:30.520 > 
07:19:30.520 > Brownout detector was triggered
07:19:30.520 > 
07:19:30.520 > ets Jun  8 2016 00:22:57
07:19:30.520 > 
07:19:30.520 > rst:0xc (SW_CPU_RESET),boot:0x13 (SPI_FAST_FLASH_BOOT)
07:19:30.520 > configsip: 0, SPIWP:0xee
07:19:30.520 > clk_drv:0x00,q_drv:0x00,d_drv:0x00,cs0_drv:0x00,hd_drv:0x00,wp_drv:0x00
07:19:30.520 > mode:DIO, clock div:2
07:19:30.520 > load:0x3fff0030,len:1184
07:19:30.520 > load:0x40078000,len:13192
07:19:30.520 > load:0x40080400,len:3028
07:19:30.520 > entry 0x400805e4
07:19:30.520 > Registered to start:
07:19:30.520 >  ears
07:19:30.520 >  upnp
07:19:30.520 >  onof
07:19:30.520 >  tick
07:19:30.520 >  gpio
07:19:30.520 >  mqtt
07:19:30.520 >  cmd
07:19:30.520 >  wifi
07:19:30.520 >  wink
07:19:30.520 >  beat
07:19:30.520 > GPIOs defined:
07:19:30.520 >  02 S=0 C=4 NPL=1
07:19:30.520 > H4P_PinMachine::svcUp 1
07:19:30.520 > START PINS:  P02 S=LO P=1 L=0 C=BLACK V=0 O=1 A=0
07:19:30.520 > AARD:1: CONNECTING to 192.168.1.34:1883 secure=0 FH=110580
07:19:30.520 > AARD:1: Connected Max packet size 51194 TCP_MSS=1436 SND_BUF=5744 TCP_WND=5744
07:19:30.520 > AARD:1: ----> TX 51 bytes
07:19:30.520 > AARD:1: <---- RX 3FFDA30E len=4 PSH=1 stored=0 FH=110580
07:19:30.520 > PANG:1: MQTT CONNACK
07:19:30.520 > PANG:2:  Data @ 0x3ffda30e len=4 RL=2
07:19:30.520 > PANG:1: CONNECTED FH=110580 MaxPL=53242 SESSION CLEAN
07:19:30.520 > AARD:1: ----> TX 12 bytes
07:19:30.520 > PANG:1: MQTT PUBLISH
07:19:30.520 > PANG:2:  Data @ 0x3ffda558 len=66 RL=64
07:19:30.520 > AARD:1: ----> TX 15 bytes
07:19:30.520 > AARD:1: <---- RX 3FFDC62A len=5 PSH=1 stored=0 FH=110580
07:19:30.520 > PANG:1: MQTT SUBACK
07:19:30.520 > PANG:2:  Data @ 0x3ffdc62a len=5 RL=3
07:19:30.520 > AARD:1: ----> TX 20 bytes
07:19:30.520 > AARD:1: <---- RX 3FFDA152 len=5 PSH=1 stored=0 FH=110580
07:19:30.520 > PANG:1: MQTT SUBACK
07:19:30.520 > PANG:2:  Data @ 0x3ffda152 len=5 RL=3
07:19:30.520 > AARD:1: ----> TX 18 bytes
07:19:30.520 > AARD:1: <---- RX 3FFDC62A len=5 PSH=1 stored=0 FH=110580
07:19:30.520 > PANG:1: MQTT SUBACK
07:19:30.520 > PANG:2:  Data @ 0x3ffdc62a len=5 RL=3
07:19:30.520 > AARD:1: ----> TX 18 bytes
07:19:30.520 > AARD:1: <---- RX 3FFDA152 len=5 PSH=1 stored=0 FH=110580
07:19:30.520 > PANG:1: MQTT SUBACK
07:19:30.520 > PANG:2:  Data @ 0x3ffda152 len=5 RL=3
07:19:30.520 > AARD:1: ----> TX 66 bytes
07:19:30.520 > AARD:1: <---- RX 3FFDA152 len=5 PSH=1 stored=0 FH=110580
07:19:30.520 > PANG:1: MQTT SUBACK
07:19:30.520 > PANG:2:  Data @ 0x3ffda152 len=5 RL=3
07:19:32.894 > Publishing 110580 to heap
07:19:32.894 > PANG:1: MQTT PUBLISH
07:19:32.900 > PANG:2:  Data @ 0x3ffd52bc len=28 RL=26
07:19:32.903 > AARD:1: ----> TX 28 bytes
07:19:32.906 > Publishing 5333 to millis
07:19:32.908 > PANG:1: MQTT PUBLISH
07:19:32.910 > PANG:2:  Data @ 0x3ffd9bb0 len=28 RL=26
07:19:32.912 > Heap: 110580
07:19:32.914 > AARD:1: ----> TX 28 bytes
07:19:32.917 > PANG:1: MQTT PUBLISH
07:19:32.918 > PANG:2:  Data @ 0x3ffdb4b4 len=106 RL=104
07:19:32.922 > AARD:1: <---- RX 3FFDA152 len=4 PSH=1 stored=0 FH=110580
07:19:32.927 > PANG:1: MQTT PUBACK
07:19:32.929 > PANG:2:  Data @ 0x3ffda152 len=4 RL=2
07:19:32.932 > AARD:1: ----> TX 106 bytes
07:19:32.934 > AARD:1: <---- RX 3FFDA266 len=4 PSH=1 stored=0 FH=110580
07:19:32.939 > PANG:1: MQTT PUBACK
07:19:32.941 > PANG:2:  Data @ 0x3ffda266 len=4 RL=2
07:19:32.944 > AARD:1: TCP onDisconnect
07:19:32.947 > AARD:1: ON DISCONNECT FH=110580 r=0
07:19:32.950 > PANG:1: TCP CHOPPED US! 0
07:19:37.897 > Publishing 110580 to heap
07:19:37.897 > PANG:1: NOTIFY e=8 inf=0
07:19:37.914 > Publishing 10347 to millis
07:19:37.917 > PANG:1: NOTIFY e=8 inf=0
07:19:37.919 > Heap: 110580
07:19:37.920 > PANG:1: NOTIFY e=8 inf=0
07:19:42.900 > Publishing 110580 to heap
07:19:42.900 > PANG:1: NOTIFY e=8 inf=0
07:19:42.914 > Publishing 15347 to millis
07:19:42.916 > PANG:1: NOTIFY e=8 inf=0
07:19:42.919 > Heap: 110580
07:19:42.920 > PANG:1: NOTIFY e=8 inf=0
07:19:47.900 > Publishing 110580 to heap
07:19:47.901 > PANG:1: NOTIFY e=8 inf=0
07:19:47.914 > Publishing 20347 to millis
07:19:47.917 > PANG:1: NOTIFY e=8 inf=0
07:19:47.919 > Heap: 110580
07:19:47.920 > PANG:1: NOTIFY e=8 inf=0
07:19:52.900 > Publishing 110580 to heap
07:19:52.902 > PANG:1: NOTIFY e=8 inf=0
07:19:52.914 > Publishing 25347 to millis
07:19:52.917 > PANG:1: NOTIFY e=8 inf=0
07:19:52.919 > Heap: 110580
07:19:52.920 > PANG:1: NOTIFY e=8 inf=0
07:19:52.947 > AARD:1: CONNECTING to 192.168.1.34:1883 secure=0 FH=110580
07:19:52.957 > AARD:1: Connected Max packet size 51194 TCP_MSS=1436 SND_BUF=5744 TCP_WND=5744
07:19:52.965 > AARD:1: ----> TX 51 bytes
07:19:52.973 > AARD:1: <---- RX 3FFDA502 len=4 PSH=1 stored=0 FH=110580
07:19:52.978 > PANG:1: MQTT CONNACK
07:19:52.979 > PANG:2:  Data @ 0x3ffda502 len=4 RL=2
07:19:52.984 > PANG:1: CONNECTED FH=110580 MaxPL=53242 SESSION CLEAN
07:19:52.987 > AARD:1: ----> TX 12 bytes
07:19:52.993 > PANG:1: MQTT PUBLISH
07:19:52.995 > PANG:2:  Data @ 0x3ffda54c len=66 RL=64
07:19:52.998 > AARD:1: ----> TX 15 bytes
07:19:53.001 > AARD:1: <---- RX 3FFDA266 len=5 PSH=1 stored=0 FH=110580
07:19:53.007 > PANG:1: MQTT SUBACK
07:19:53.008 > PANG:2:  Data @ 0x3ffda266 len=5 RL=3
07:19:53.012 > AARD:1: ----> TX 20 bytes
07:19:53.014 > AARD:1: <---- RX 3FFDA266 len=5 PSH=1 stored=0 FH=110580
07:19:53.019 > PANG:1: MQTT SUBACK
07:19:53.021 > PANG:2:  Data @ 0x3ffda266 len=5 RL=3
07:19:53.024 > AARD:1: ----> TX 18 bytes
07:19:53.027 > AARD:1: <---- RX 3FFDA502 len=5 PSH=1 stored=0 FH=110580
07:19:53.032 > PANG:1: MQTT SUBACK
07:19:53.033 > PANG:2:  Data @ 0x3ffda502 len=5 RL=3
07:19:53.038 > AARD:1: ----> TX 18 bytes
07:19:53.041 > AARD:1: <---- RX 3FFDA266 len=5 PSH=1 stored=0 FH=110580
07:19:53.046 > PANG:1: MQTT SUBACK
07:19:53.047 > PANG:2:  Data @ 0x3ffda266 len=5 RL=3
07:19:53.051 > AARD:1: ----> TX 66 bytes
07:19:53.053 > AARD:1: <---- RX 3FFDA266 len=5 PSH=1 stored=0 FH=110580
07:19:53.063 > PANG:1: MQTT SUBACK
07:19:53.063 > PANG:2:  Data @ 0x3ffda266 len=5 RL=3
07:19:57.900 > Publishing 110580 to heap
07:19:57.903 > PANG:1: MQTT PUBLISH
07:19:57.904 > PANG:2:  Data @ 0x3ffd3708 len=28 RL=26
07:19:57.909 > AARD:1: ----> TX 28 bytes
07:19:57.914 > Publishing 30347 to millis
07:19:57.917 > PANG:1: MQTT PUBLISH
07:19:57.918 > AARD:1: <---- RX 3FFDA266 len=4 PSH=1 stored=0 FH=110580
07:19:57.924 > PANG:1: MQTT PUBACK
07:19:57.925 > PANG:2:  Data @ 0x3ffda266 len=4 RL=2
07:19:57.928 > PANG:2:  Data @ 0x3ffd4970 len=29 RL=27
07:19:57.931 > AARD:1: ----> TX 29 bytes
07:19:57.935 > Heap: 110580
07:19:57.936 > PANG:1: MQTT PUBLISH
07:19:57.938 > PANG:2:  Data @ 0x3ffd4b20 len=106 RL=104
07:19:57.957 > AARD:1: ----> TX 106 bytes
07:19:57.960 > AARD:1: <---- RX 3FFDA266 len=4 PSH=1 stored=0 FH=110580
07:19:57.965 > PANG:1: MQTT PUBACK
07:19:57.967 > PANG:2:  Data @ 0x3ffda266 len=4 RL=2
07:19:57.970 > AARD:1: TCP onDisconnect
07:19:57.972 > AARD:1: ON DISCONNECT FH=110580 r=0
07:19:57.976 > PANG:1: TCP CHOPPED US! 0
07:20:02.904 > Publishing 110580 to heap
07:20:02.904 > PANG:1: NOTIFY e=8 inf=0
07:20:02.931 > Publishing 35364 to millis
07:20:02.934 > PANG:1: NOTIFY e=8 inf=0
07:20:02.935 > Heap: 110580
07:20:02.936 > PANG:1: NOTIFY e=8 inf=0
07:20:07.904 > Publishing 110580 to heap
07:20:07.904 > PANG:1: NOTIFY e=8 inf=0
07:20:07.931 > Publishing 40365 to millis
07:20:07.934 > PANG:1: NOTIFY e=8 inf=0
07:20:07.934 > Heap: 110580
07:20:07.937 > PANG:1: NOTIFY e=8 inf=0
07:20:12.921 > Publishing 110580 to heap
07:20:12.928 > PANG:1: NOTIFY e=8 inf=0
07:20:12.994 > Publishing 45427 to millis
07:20:12.996 > PANG:1: NOTIFY e=8 inf=0
07:20:12.998 > Heap: 110580
07:20:13.001 > PANG:1: NOTIFY e=8 inf=0
07:20:17.928 > Publishing 110580 to heap
07:20:17.930 > PANG:1: NOTIFY e=8 inf=0
07:20:17.973 > AARD:1: CONNECTING to 192.168.1.34:1883 secure=0 FH=110580
07:20:17.989 > AARD:1: Connected Max packet size 51194 TCP_MSS=1436 SND_BUF=5744 TCP_WND=5744
07:20:17.996 > AARD:1: ----> TX 51 bytes
07:20:18.000 > Publishing 50428 to millis
07:20:18.002 > PANG:1: NOTIFY e=8 inf=0
07:20:18.003 > Heap: 110580
07:20:18.004 > PANG:1: NOTIFY e=8 inf=0
07:20:18.007 > AARD:1: <---- RX 3FFDC62A len=4 PSH=1 stored=0 FH=110580
07:20:18.012 > PANG:1: MQTT CONNACK
07:20:18.013 > PANG:2:  Data @ 0x3ffdc62a len=4 RL=2
07:20:18.016 > PANG:1: CONNECTED FH=110580 MaxPL=53242 SESSION CLEAN
07:20:18.021 > AARD:1: ----> TX 12 bytes
07:20:18.025 > PANG:1: MQTT PUBLISH
07:20:18.027 > PANG:2:  Data @ 0x3ffd9c6c len=66 RL=64
07:20:18.034 > AARD:1: ----> TX 15 bytes
07:20:18.036 > AARD:1: <---- RX 3FFDA266 len=5 PSH=1 stored=0 FH=110580
07:20:18.041 > PANG:1: MQTT SUBACK
07:20:18.043 > PANG:2:  Data @ 0x3ffda266 len=5 RL=3
07:20:18.046 > AARD:1: ----> TX 20 bytes
07:20:18.048 > AARD:1: <---- RX 3FFDA266 len=5 PSH=1 stored=0 FH=110580
07:20:18.052 > PANG:1: MQTT SUBACK
07:20:18.055 > PANG:2:  Data @ 0x3ffda266 len=5 RL=3
07:20:18.058 > AARD:1: ----> TX 18 bytes
07:20:18.061 > AARD:1: <---- RX 3FFDC62A len=5 PSH=1 stored=0 FH=110580
07:20:18.067 > PANG:1: MQTT SUBACK
07:20:18.068 > PANG:2:  Data @ 0x3ffdc62a len=5 RL=3
07:20:18.072 > AARD:1: ----> TX 18 bytes
07:20:18.073 > AARD:1: <---- RX 3FFDA266 len=5 PSH=1 stored=0 FH=110580
07:20:18.078 > PANG:1: MQTT SUBACK
07:20:18.080 > PANG:2:  Data @ 0x3ffda266 len=5 RL=3
07:20:18.082 > AARD:1: ----> TX 66 bytes
07:20:18.086 > AARD:1: <---- RX 3FFB6EAA len=5 PSH=1 stored=0 FH=110580
07:20:18.090 > PANG:1: MQTT SUBACK
07:20:18.092 > PANG:2:  Data @ 0x3ffb6eaa len=5 RL=3
07:20:22.984 > Publishing 110580 to heap
07:20:23.001 > PANG:1: MQTT PUBLISH
07:20:23.003 > PANG:2:  Data @ 0x3ffda634 len=28 RL=26
07:20:23.007 > AARD:1: ----> TX 28 bytes
07:20:23.026 > Publishing 55459 to millis
07:20:23.032 > PANG:1: MQTT PUBLISH
07:20:23.033 > PANG:2:  Data @ 0x3ffd55f0 len=29 RL=27
07:20:23.038 > Heap: 110580
07:20:23.044 > PANG:1: MQTT PUBLISH
07:20:23.047 > PANG:2:  Data @ 0x3ffdb39c len=106 RL=104
07:20:23.254 > AARD:1: ----> TX 29 bytes
07:20:23.257 > AARD:1: <---- RX 3FFDB376 len=4 PSH=1 stored=0 FH=110580
07:20:23.262 > PANG:1: MQTT PUBACK
07:20:23.264 > PANG:2:  Data @ 0x3ffdb376 len=4 RL=2
07:20:23.660 > AARD:1: ----> TX 106 bytes
07:20:23.663 > AARD:1: <---- RX 3FFDC62A len=4 PSH=1 stored=0 FH=110580
07:20:23.668 > PANG:1: MQTT PUBACK
07:20:23.670 > PANG:2:  Data @ 0x3ffdc62a len=4 RL=2
07:20:23.673 > AARD:1: TCP onDisconnect
07:20:23.675 > AARD:1: ON DISCONNECT FH=110580 r=0
07:20:23.678 > PANG:1: TCP CHOPPED US! 0
07:20:28.046 > Publishing 110580 to heap
07:20:28.049 > PANG:1: NOTIFY e=8 inf=0
07:20:28.051 > Publishing 60479 to millis
07:20:28.053 > PANG:1: NOTIFY e=8 inf=0
07:20:28.055 > Heap: 110580
07:20:28.057 > PANG:1: NOTIFY e=8 inf=0
07:20:33.061 > Publishing 110580 to heap
07:20:33.064 > PANG:1: NOTIFY e=8 inf=0
07:20:33.067 > Publishing 65497 to millis
07:20:33.069 > PANG:1: NOTIFY e=8 inf=0
07:20:33.073 > Heap: 110580
07:20:33.073 > PANG:1: NOTIFY e=8 inf=0
07:20:38.057 > Publishing 110580 to heap
07:20:38.064 > PANG:1: NOTIFY e=8 inf=0
07:20:38.068 > Publishing 70498 to millis
07:20:38.070 > PANG:1: NOTIFY e=8 inf=0
07:20:38.072 > Heap: 110580
07:20:38.073 > PANG:1: NOTIFY e=8 inf=0
07:20:43.064 > Publishing 110580 to heap
07:20:43.067 > PANG:1: NOTIFY e=8 inf=0
07:20:43.069 > Publishing 75499 to millis
07:20:43.071 > PANG:1: NOTIFY e=8 inf=0
07:20:43.073 > Heap: 110580
07:20:43.074 > PANG:1: NOTIFY e=8 inf=0
07:20:43.678 > AARD:1: CONNECTING to 192.168.1.34:1883 secure=0 FH=110580
07:20:43.690 > AARD:1: Connected Max packet size 51194 TCP_MSS=1436 SND_BUF=5744 TCP_WND=5744
07:20:43.696 > AARD:1: ----> TX 51 bytes
07:20:44.137 > AARD:1: <---- RX 3FFDC62A len=4 PSH=1 stored=0 FH=110580
07:20:44.142 > PANG:1: MQTT CONNACK
07:20:44.144 > PANG:2:  Data @ 0x3ffdc62a len=4 RL=2
07:20:44.148 > PANG:1: CONNECTED FH=110580 MaxPL=53242 SESSION CLEAN
07:20:44.152 > AARD:1: ----> TX 12 bytes
07:20:44.219 > PANG:1: MQTT PUBLISH
07:20:44.222 > PANG:2:  Data @ 0x3ffdcea8 len=66 RL=64
07:20:44.552 > AARD:1: ----> TX 15 bytes
07:20:44.555 > AARD:1: <---- RX 3FFDC8F2 len=5 PSH=1 stored=0 FH=110580
07:20:44.560 > PANG:1: MQTT SUBACK
07:20:44.561 > PANG:2:  Data @ 0x3ffdc8f2 len=5 RL=3
07:20:44.565 > AARD:1: ----> TX 20 bytes
07:20:44.569 > AARD:1: <---- RX 3FFDB376 len=5 PSH=1 stored=0 FH=110580
07:20:44.574 > PANG:1: MQTT SUBACK
07:20:44.576 > PANG:2:  Data @ 0x3ffdb376 len=5 RL=3
07:20:44.582 > AARD:1: ----> TX 18 bytes
07:20:44.586 > AARD:1: <---- RX 3FFDA502 len=5 PSH=1 stored=0 FH=110580
07:20:44.590 > PANG:1: MQTT SUBACK
07:20:44.592 > PANG:2:  Data @ 0x3ffda502 len=5 RL=3
07:20:44.596 > AARD:1: ----> TX 18 bytes
07:20:44.598 > AARD:1: <---- RX 3FFDA266 len=5 PSH=1 stored=0 FH=110580
07:20:44.603 > PANG:1: MQTT SUBACK
07:20:44.604 > PANG:2:  Data @ 0x3ffda266 len=5 RL=3
07:20:44.607 > AARD:1: ----> TX 66 bytes
07:20:44.609 > AARD:1: <---- RX 3FFDC8F2 len=5 PSH=1 stored=0 FH=110580
07:20:44.615 > PANG:1: MQTT SUBACK
07:20:44.617 > PANG:2:  Data @ 0x3ffdc8f2 len=5 RL=3
07:20:48.064 > Publishing 110580 to heap
07:20:48.067 > PANG:1: MQTT PUBLISH
07:20:48.069 > PANG:2:  Data @ 0x3ffd3708 len=28 RL=26
07:20:48.072 > AARD:1: ----> TX 28 bytes
07:20:48.074 > Publishing 80503 to millis
07:20:48.077 > PANG:1: MQTT PUBLISH
07:20:48.079 > PANG:2:  Data @ 0x3ffdafd8 len=29 RL=27
07:20:48.082 > Heap: 110580
07:20:48.082 > PANG:1: MQTT PUBLISH
07:20:48.085 > PANG:2:  Data @ 0x3ffdb020 len=106 RL=104
07:20:48.089 > AARD:1: ----> TX 29 bytes
07:20:48.091 > AARD:1: <---- RX 3FFDA502 len=4 PSH=1 stored=0 FH=110580
07:20:48.096 > PANG:1: MQTT PUBACK
07:20:48.098 > PANG:2:  Data @ 0x3ffda502 len=4 RL=2
07:20:48.496 > AARD:1: ----> TX 106 bytes
07:20:48.500 > AARD:1: <---- RX 3FFDAF6E len=4 PSH=1 stored=0 FH=110580
07:20:48.504 > PANG:1: MQTT PUBACK
07:20:48.505 > PANG:2:  Data @ 0x3ffdaf6e len=4 RL=2
07:20:48.907 > AARD:1: TCP onDisconnect
07:20:48.909 > AARD:1: ON DISCONNECT FH=110580 r=0
07:20:48.912 > PANG:1: TCP CHOPPED US! 0
