07:13:37.237 > Registered to start:
07:13:37.237 >  ears
07:13:37.237 >  upnp
07:13:37.237 >  onof
07:13:37.237 >  tick
07:13:37.237 >  gpio
07:13:37.237 >  mqtt
07:13:37.237 >  cmd
07:13:37.237 >  wifi
07:13:37.237 >  wink
07:13:37.237 >  beat
07:13:37.237 > GPIOs defined:
07:13:37.237 >  02 S=0 C=4 NPL=1
07:13:37.237 > H4P_PinMachine::svcUp 1
07:13:37.237 > START PINS:  P02 S=LO P=1 L=1 C=BLACK V=1 O=1 A=0
07:13:37.237 > 
07:13:37.237 > Brownout detector was triggered
07:13:37.237 > 
07:13:37.237 > ets Jun  8 2016 00:22:57
07:13:37.237 > 
07:13:37.237 > rst:0xc (SW_CPU_RESET),boot:0x13 (SPI_FAST_FLASH_BOOT)
07:13:37.237 > configsip: 0, SPIWP:0xee
07:13:37.237 > clk_drv:0x00,q_drv:0x00,d_drv:0x00,cs0_drv:0x00,hd_drv:0x00,wp_drv:0x00
07:13:37.237 > mode:DIO, clock div:2
07:13:37.237 > load:0x3fff0030,len:1184
07:13:37.237 > load:0x40078000,len:13192
07:13:37.237 > load:0x40080400,len:3028
07:13:37.237 > entry 0x400805e4
07:13:37.237 > Registered to start:
07:13:37.237 >  ears
07:13:37.237 >  upnp
07:13:37.237 >  onof
07:13:37.237 >  tick
07:13:37.237 >  gpio
07:13:37.237 >  mqtt
07:13:37.237 >  cmd
07:13:37.237 >  wifi
07:13:37.237 >  wink
07:13:37.237 >  beat
07:13:37.237 > GPIOs defined:
07:13:37.237 >  02 S=0 C=4 NPL=1
07:13:37.237 > H4P_PinMachine::svcUp 1
07:13:37.237 > START PINS:  P02 S=LO P=1 L=0 C=BLACK V=0 O=1 A=0
07:13:37.237 > AARD:1: CONNECTING to 192.168.1.34:1883 secure=0 FH=110580
07:13:37.237 > AARD:1: Connected Max packet size 51194 TCP_MSS=1436 SND_BUF=5744 TCP_WND=5744
07:13:37.237 > AARD:1: ----> TX 51 bytes
07:13:37.237 > AARD:1: <---- RX 3FFDA476 len=4 PSH=1 stored=0 FH=110580
07:13:37.237 > PANG:1: MQTT CONNACK
07:13:37.237 > PANG:2:  Data @ 0x3ffda476 len=4 RL=2
07:13:37.237 > PANG:1: CONNECTED FH=110580 MaxPL=53242 SESSION CLEAN
07:13:37.237 > AARD:1: ----> TX 12 bytes
07:13:37.237 > PANG:1: MQTT PUBLISH
07:13:37.237 > PANG:2:  Data @ 0x3ffda3cc len=66 RL=64
07:13:37.237 > AARD:1: ----> TX 15 bytes
07:13:37.237 > AARD:1: <---- RX 3FFDA53E len=5 PSH=1 stored=0 FH=110580
07:13:37.237 > PANG:1: MQTT SUBACK
07:13:37.237 > PANG:2:  Data @ 0x3ffda53e len=5 RL=3
07:13:37.237 > AARD:1: ----> TX 20 bytes
07:13:37.237 > AARD:1: <---- RX 3FFDA53E len=5 PSH=1 stored=0 FH=110580
07:13:37.237 > PANG:1: MQTT SUBACK
07:13:37.237 > PANG:2:  Data @ 0x3ffda53e len=5 RL=3
07:13:37.237 > AARD:1: ----> TX 18 bytes
07:13:37.237 > AARD:1: <---- RX 3FFDB632 len=5 PSH=1 stored=0 FH=110580
07:13:37.237 > PANG:1: MQTT SUBACK
07:13:37.237 > PANG:2:  Data @ 0x3ffdb632 len=5 RL=3
07:13:37.237 > AARD:1: ----> TX 18 bytes
07:13:37.237 > AARD:1: <---- RX 3FFDA53E len=5 PSH=1 stored=0 FH=110580
07:13:37.237 > PANG:1: MQTT SUBACK
07:13:37.237 > PANG:2:  Data @ 0x3ffda53e len=5 RL=3
07:13:37.237 > AARD:1: ----> TX 66 bytes
07:13:37.237 > AARD:1: <---- RX 3FFDA53E len=5 PSH=1 stored=0 FH=110580
07:13:37.237 > PANG:1: MQTT SUBACK
07:13:37.237 > PANG:2:  Data @ 0x3ffda53e len=5 RL=3
07:13:39.589 > Publishing 110580 to heap
07:13:39.591 > PANG:1: MQTT PUBLISH
07:13:39.593 > PANG:2:  Data @ 0x3ffd4a28 len=28 RL=26
07:13:39.597 > AARD:1: ----> TX 28 bytes
07:13:39.599 > Publishing 0 to uptime
07:13:39.601 > PANG:1: MQTT PUBLISH
07:13:39.603 > PANG:2:  Data @ 0x3ffda180 len=25 RL=23
07:13:39.606 > Publishing Hello from uiinputs to hello
07:13:39.610 > AARD:1: ----> TX 25 bytes
07:13:39.612 > PANG:1: MQTT PUBLISH
07:13:39.614 > PANG:2:  Data @ 0x3ffd522c len=42 RL=40
07:13:39.617 > Publishing 5350 to millis
07:13:39.619 > AARD:1: <---- RX 3FFDA626 len=4 PSH=1 stored=0 FH=110580
07:13:39.624 > PANG:1: MQTT PUBACK
07:13:39.626 > PANG:2:  Data @ 0x3ffda626 len=4 RL=2
07:13:39.629 > PANG:1: MQTT PUBLISH
07:13:39.631 > PANG:2:  Data @ 0x3ffdb390 len=28 RL=26
07:13:39.635 > AARD:1: ----> TX 42 bytes
07:13:39.637 > Heap: 110580
07:13:39.638 > PANG:1: MQTT PUBLISH
07:13:39.640 > PANG:2:  Data @ 0x3ffda2bc len=106 RL=104
07:13:39.643 > AARD:1: <---- RX 3FFDA53E len=4 PSH=1 stored=0 FH=110580
07:13:39.648 > PANG:1: MQTT PUBLISH
07:13:39.650 > PANG:2:  Data @ 0x3ffd9d60 len=32 RL=30
07:13:39.654 > PANG:1: MQTT PUBACK
07:13:39.654 > PANG:2:  Data @ 0x3ffda53e len=4 RL=2
07:13:39.659 > PANG:1: MQTT PUBLISH
07:13:39.661 > PANG:2:  Data @ 0x3ffda338 len=38 RL=36
07:13:39.664 > AARD:1: ----> TX 28 bytes
07:13:39.666 > AARD:1: <---- RX 3FFDA62E len=4 PSH=1 stored=0 FH=110580
07:13:39.671 > PANG:1: MQTT PUBACK
07:13:39.673 > PANG:2:  Data @ 0x3ffda62e len=4 RL=2
07:13:39.676 > AARD:1: ----> TX 106 bytes
07:13:39.680 > AARD:1: <---- RX 3FFDAE4A len=4 PSH=1 stored=0 FH=110580
07:13:39.684 > PANG:1: MQTT PUBACK
07:13:39.685 > PANG:2:  Data @ 0x3ffdae4a len=4 RL=2
07:13:39.689 > AARD:1: ----> TX 32 bytes
07:13:39.691 > AARD:1: TCP onDisconnect
07:13:39.693 > AARD:1: ON DISCONNECT FH=110580 r=0
07:13:39.696 > PANG:1: TCP CHOPPED US! 0
07:13:44.584 > Publishing 110580 to heap
07:13:44.596 > PANG:1: NOTIFY e=8 inf=0
07:13:44.656 > Publishing 0 to uptime
07:13:44.658 > PANG:1: NOTIFY e=8 inf=0
07:13:44.660 > Publishing Hello from uiinputs to hello
07:13:44.663 > PANG:1: NOTIFY e=8 inf=0
07:13:44.665 > Publishing 10398 to millis
07:13:44.668 > PANG:1: NOTIFY e=8 inf=0
07:13:44.670 > Heap: 110580
07:13:44.671 > PANG:1: NOTIFY e=8 inf=0
07:13:44.673 > PANG:1: NOTIFY e=8 inf=0
07:13:44.676 > PANG:1: NOTIFY e=8 inf=0
07:13:49.593 > Publishing 110580 to heap
07:13:49.594 > PANG:1: NOTIFY e=8 inf=0
07:13:49.667 > Publishing 0 to uptime
07:13:49.669 > PANG:1: NOTIFY e=8 inf=0
07:13:49.671 > Publishing Hello from uiinputs to hello
07:13:49.675 > PANG:1: NOTIFY e=8 inf=0
07:13:49.677 > Publishing 15410 to millis
07:13:49.680 > PANG:1: NOTIFY e=8 inf=0
07:13:49.682 > Heap: 110580
07:13:49.683 > PANG:1: NOTIFY e=8 inf=0
07:13:49.685 > PANG:1: NOTIFY e=8 inf=0
07:13:49.688 > PANG:1: NOTIFY e=8 inf=0
07:13:54.584 > Publishing 110580 to heap
07:13:54.594 > PANG:1: NOTIFY e=8 inf=0
07:13:54.679 > Publishing 0 to uptime
07:13:54.682 > PANG:1: NOTIFY e=8 inf=0
07:13:54.684 > Publishing Hello from uiinputs to hello
07:13:54.687 > PANG:1: NOTIFY e=8 inf=0
07:13:54.690 > Publishing 20422 to millis
07:13:54.692 > PANG:1: NOTIFY e=8 inf=0
07:13:54.694 > Heap: 110580
07:13:54.694 > PANG:1: NOTIFY e=8 inf=0
07:13:54.696 > PANG:1: NOTIFY e=8 inf=0
07:13:54.699 > PANG:1: NOTIFY e=8 inf=0
07:13:59.584 > Publishing 110580 to heap
07:13:59.594 > PANG:1: NOTIFY e=8 inf=0
07:13:59.684 > AARD:1: CONNECTING to 192.168.1.34:1883 secure=0 FH=110580
07:13:59.696 > Publishing 0 to uptime
07:13:59.698 > PANG:1: NOTIFY e=8 inf=0
07:13:59.701 > Publishing Hello from uiinputs to hello
07:13:59.704 > PANG:1: NOTIFY e=8 inf=0
07:13:59.706 > Publishing 25438 to millis
07:13:59.709 > AARD:1: Connected Max packet size 51194 TCP_MSS=1436 SND_BUF=5744 TCP_WND=5744
07:13:59.715 > AARD:1: ----> TX 51 bytes
07:13:59.718 > PANG:1: NOTIFY e=8 inf=0
07:13:59.720 > AARD:1: <---- RX 3FFDA53E len=4 PSH=1 stored=0 FH=110580
07:13:59.725 > PANG:1: MQTT CONNACK
07:13:59.727 > PANG:2:  Data @ 0x3ffda53e len=4 RL=2
07:13:59.730 > AARD:1: ----> TX 4 bytes
07:13:59.732 > Heap: 110580
07:13:59.733 > PANG:1: MQTT PUBLISH
07:13:59.735 > PANG:2:  Data @ 0x3ffd51f8 len=106 RL=104
07:13:59.739 > PANG:1: CONNECTED FH=110580 MaxPL=53242 SESSION CLEAN
07:13:59.743 > PANG:1: MQTT PUBLISH
07:13:59.745 > PANG:2:  Data @ 0x3ffd5274 len=32 RL=30
07:13:59.748 > AARD:1: ----> TX 106 bytes
07:13:59.750 > PANG:1: MQTT PUBLISH
07:13:59.753 > PANG:2:  Data @ 0x3ffd53f8 len=38 RL=36
07:13:59.756 > AARD:1: <---- RX 3FFDA53E len=4 PSH=1 stored=0 FH=110580
07:13:59.761 > PANG:1: MQTT PUBCOMP
07:13:59.763 > PANG:2:  Data @ 0x3ffda53e len=4 RL=2
07:13:59.765 > AARD:1: ----> TX 4 bytes
07:13:59.769 > AARD:1: TCP onDisconnect
07:13:59.771 > AARD:1: ON DISCONNECT FH=110580 r=0
07:13:59.773 > PANG:1: TCP CHOPPED US! 0
07:13:59.775 > PANG:1: MQTT PUBLISH
07:13:59.778 > PANG:2:  Data @ 0x3ffdae78 len=66 RL=64
07:13:59.781 > AARD:1: ----> TX 66 bytes
07:14:04.594 > Publishing 110580 to heap
07:14:04.596 > PANG:1: NOTIFY e=8 inf=0
07:14:04.747 > Publishing 0 to uptime
07:14:04.749 > PANG:1: NOTIFY e=8 inf=0
07:14:04.751 > Publishing Hello from uiinputs to hello
07:14:04.755 > PANG:1: NOTIFY e=8 inf=0
07:14:04.758 > Publishing 30490 to millis
07:14:04.760 > PANG:1: NOTIFY e=8 inf=0
07:14:04.762 > Heap: 110580
07:14:04.763 > PANG:1: NOTIFY e=8 inf=0
07:14:04.765 > PANG:1: NOTIFY e=8 inf=0
07:14:04.768 > PANG:1: NOTIFY e=8 inf=0
07:14:09.594 > Publishing 110580 to heap
07:14:09.596 > PANG:1: NOTIFY e=8 inf=0
07:14:09.754 > Publishing 0 to uptime
07:14:09.760 > PANG:1: NOTIFY e=8 inf=0
07:14:09.763 > Publishing Hello from uiinputs to hello
07:14:09.768 > PANG:1: NOTIFY e=8 inf=0
07:14:09.770 > Publishing 35502 to millis
07:14:09.772 > PANG:1: NOTIFY e=8 inf=0
07:14:09.774 > Heap: 110580
07:14:09.775 > PANG:1: NOTIFY e=8 inf=0
07:14:09.778 > PANG:1: NOTIFY e=8 inf=0
07:14:09.780 > PANG:1: NOTIFY e=8 inf=0
07:14:14.594 > Publishing 110580 to heap
07:14:14.594 > PANG:1: NOTIFY e=8 inf=0
07:14:14.771 > Publishing 0 to uptime
07:14:14.773 > PANG:1: NOTIFY e=8 inf=0
07:14:14.775 > Publishing Hello from uiinputs to hello
07:14:14.779 > PANG:1: NOTIFY e=8 inf=0
07:14:14.781 > Publishing 40514 to millis
07:14:14.783 > PANG:1: NOTIFY e=8 inf=0
07:14:14.785 > Heap: 110580
07:14:14.786 > PANG:1: NOTIFY e=8 inf=0
07:14:14.788 > PANG:1: NOTIFY e=8 inf=0
07:14:14.791 > PANG:1: NOTIFY e=8 inf=0
