07:17:46.506 > Registered to start:
07:17:46.506 >  ears
07:17:46.506 >  upnp
07:17:46.506 >  onof
07:17:46.506 >  tick
07:17:46.506 >  gpio
07:17:46.506 >  mqtt
07:17:46.506 >  cmd
07:17:46.506 >  wifi
07:17:46.506 >  wink
07:17:46.506 >  beat
07:17:46.506 > GPIOs defined:
07:17:46.506 >  02 S=0 C=4 NPL=1
07:17:46.506 > H4P_PinMachine::svcUp 1
07:17:46.506 > START PINS:  P02 S=LO P=1 L=1 C=BLACK V=1 O=1 A=0
07:17:46.506 > 
07:17:46.506 > Brownout detector was triggered
07:17:46.506 > 
07:17:46.506 > ets Jun  8 2016 00:22:57
07:17:46.506 > 
07:17:46.506 > rst:0xc (SW_CPU_RESET),boot:0x13 (SPI_FAST_FLASH_BOOT)
07:17:46.506 > configsip: 0, SPIWP:0xee
07:17:46.506 > clk_drv:0x00,q_drv:0x00,d_drv:0x00,cs0_drv:0x00,hd_drv:0x00,wp_drv:0x00
07:17:46.506 > mode:DIO, clock div:2
07:17:46.506 > load:0x3fff0030,len:1184
07:17:46.506 > load:0x40078000,len:13192
07:17:46.506 > load:0x40080400,len:3028
07:17:46.506 > entry 0x400805e4
07:17:46.506 > Registered to start:
07:17:46.506 >  ears
07:17:46.506 >  upnp
07:17:46.506 >  onof
07:17:46.506 >  tick
07:17:46.506 >  gpio
07:17:46.506 >  mqtt
07:17:46.506 >  cmd
07:17:46.506 >  wifi
07:17:46.506 >  wink
07:17:46.506 >  beat
07:17:46.506 > GPIOs defined:
07:17:46.506 >  02 S=0 C=4 NPL=1
07:17:46.506 > H4P_PinMachine::svcUp 1
07:17:46.506 > START PINS:  P02 S=LO P=1 L=0 C=BLACK V=0 O=1 A=0
07:17:46.506 > AARD:1: CONNECTING to 192.168.1.34:1883 secure=0 FH=110580
07:17:46.506 > AARD:1: Connected Max packet size 51194 TCP_MSS=1436 SND_BUF=5744 TCP_WND=5744
07:17:46.506 > AARD:1: ----> TX 51 bytes
07:17:46.506 > AARD:1: <---- RX 3FFDADC6 len=4 PSH=1 stored=0 FH=110580
07:17:46.506 > PANG:1: MQTT CONNACK
07:17:46.506 > PANG:2:  Data @ 0x3ffdadc6 len=4 RL=2
07:17:46.506 > PANG:1: CONNECTED FH=110580 MaxPL=53242 SESSION CLEAN
07:17:46.506 > AARD:1: ----> TX 12 bytes
07:17:46.506 > PANG:1: MQTT PUBLISH
07:17:46.506 > PANG:2:  Data @ 0x3ffdac00 len=66 RL=64
07:17:46.506 > AARD:1: ----> TX 15 bytes
07:17:46.506 > AARD:1: <---- RX 3FFDADAA len=5 PSH=1 stored=0 FH=110580
07:17:46.506 > PANG:1: MQTT SUBACK
07:17:46.506 > PANG:2:  Data @ 0x3ffdadaa len=5 RL=3
07:17:46.506 > AARD:1: ----> TX 20 bytes
07:17:46.506 > AARD:1: <---- RX 3FFDAEDA len=5 PSH=1 stored=0 FH=110580
07:17:46.506 > PANG:1: MQTT SUBACK
07:17:46.506 > PANG:2:  Data @ 0x3ffdaeda len=5 RL=3
07:17:46.506 > AARD:1: ----> TX 18 bytes
07:17:46.506 > AARD:1: <---- RX 3FFDAD72 len=5 PSH=1 stored=0 FH=110580
07:17:46.506 > PANG:1: MQTT SUBACK
07:17:46.506 > PANG:2:  Data @ 0x3ffdad72 len=5 RL=3
07:17:46.506 > AARD:1: ----> TX 18 bytes
07:17:46.506 > AARD:1: <---- RX 3FFDA81E len=5 PSH=1 stored=0 FH=110580
07:17:46.506 > PANG:1: MQTT SUBACK
07:17:46.506 > PANG:2:  Data @ 0x3ffda81e len=5 RL=3
07:17:46.506 > AARD:1: ----> TX 66 bytes
07:17:46.506 > AARD:1: <---- RX 3FFDAD72 len=5 PSH=1 stored=0 FH=110580
07:17:46.506 > PANG:1: MQTT SUBACK
07:17:46.506 > PANG:2:  Data @ 0x3ffdad72 len=5 RL=3
07:17:48.887 > Publishing 110580 to heap
07:17:48.887 > PANG:1: MQTT PUBLISH
07:17:48.893 > PANG:2:  Data @ 0x3ffd52c0 len=28 RL=26
07:17:48.897 > AARD:1: ----> TX 28 bytes
07:17:48.900 > Publishing 5337 to millis
07:17:48.902 > PANG:1: MQTT PUBLISH
07:17:48.903 > PANG:2:  Data @ 0x3ffd9b34 len=28 RL=26
07:17:48.906 > Heap: 110580
07:17:48.907 > PANG:1: MQTT PUBLISH
07:17:48.909 > PANG:2:  Data @ 0x3ffd9bc8 len=38 RL=36
07:17:50.388 > AARD:1: ----> TX 28 bytes
07:17:50.397 > AARD:1: <---- RX 3FFDAD72 len=4 PSH=1 stored=0 FH=110580
07:17:50.401 > PANG:1: MQTT PUBACK
07:17:50.402 > PANG:2:  Data @ 0x3ffdad72 len=4 RL=2
07:17:50.407 > AARD:1: ----> TX 38 bytes
07:17:50.410 > AARD:1: <---- RX 3FFDAD72 len=4 PSH=1 stored=0 FH=110580
07:17:50.415 > PANG:1: MQTT PUBACK
07:17:50.416 > PANG:2:  Data @ 0x3ffdad72 len=4 RL=2
07:17:50.420 > AARD:1: TCP onDisconnect
07:17:50.421 > AARD:1: ON DISCONNECT FH=110580 r=0
07:17:50.425 > PANG:1: TCP CHOPPED US! 0
07:17:53.894 > Publishing 110580 to heap
07:17:53.896 > PANG:1: NOTIFY e=8 inf=0
07:17:53.908 > Publishing 10351 to millis
07:17:53.911 > PANG:1: NOTIFY e=8 inf=0
07:17:53.913 > Heap: 110580
07:17:53.913 > PANG:1: NOTIFY e=8 inf=0
