07:15:43.810 > Registered to start:
07:15:43.810 >  ears
07:15:43.810 >  upnp
07:15:43.810 >  onof
07:15:43.810 >  tick
07:15:43.810 >  gpio
07:15:43.810 >  mqtt
07:15:43.810 >  cmd
07:15:43.810 >  wifi
07:15:43.810 >  wink
07:15:43.810 >  beat
07:15:43.810 > GPIOs defined:
07:15:43.810 >  02 S=0 C=4 NPL=1
07:15:43.810 > H4P_PinMachine::svcUp 1
07:15:43.810 > START PINS:  P02 S=LO P=1 L=1 C=BLACK V=1 O=1 A=0
07:15:43.810 > 
07:15:43.810 > Brownout detector was triggered
07:15:43.810 > 
07:15:43.810 > ets Jun  8 2016 00:22:57
07:15:43.810 > 
07:15:43.810 > rst:0xc (SW_CPU_RESET),boot:0x13 (SPI_FAST_FLASH_BOOT)
07:15:43.810 > configsip: 0, SPIWP:0xee
07:15:43.810 > clk_drv:0x00,q_drv:0x00,d_drv:0x00,cs0_drv:0x00,hd_drv:0x00,wp_drv:0x00
07:15:43.810 > mode:DIO, clock div:2
07:15:43.810 > load:0x3fff0030,len:1184
07:15:43.810 > load:0x40078000,len:13192
07:15:43.810 > load:0x40080400,len:3028
07:15:43.810 > entry 0x400805e4
07:15:43.810 > Registered to start:
07:15:43.810 >  ears
07:15:43.810 >  upnp
07:15:43.810 >  onof
07:15:43.810 >  tick
07:15:43.810 >  gpio
07:15:43.810 >  mqtt
07:15:43.810 >  cmd
07:15:43.810 >  wifi
07:15:43.810 >  wink
07:15:43.810 >  beat
07:15:43.810 > GPIOs defined:
07:15:43.810 >  02 S=0 C=4 NPL=1
07:15:43.810 > H4P_PinMachine::svcUp 1
07:15:43.810 > START PINS:  P02 S=LO P=1 L=0 C=BLACK V=0 O=1 A=0
07:15:43.810 > AARD:1: CONNECTING to 192.168.1.34:1883 secure=0 FH=110580
07:15:43.810 > AARD:1: Connected Max packet size 51194 TCP_MSS=1436 SND_BUF=5744 TCP_WND=5744
07:15:43.810 > AARD:1: ----> TX 51 bytes
07:15:43.810 > AARD:1: <---- RX 3FFDA82E len=4 PSH=1 stored=0 FH=110580
07:15:43.810 > PANG:1: MQTT CONNACK
07:15:43.810 > PANG:2:  Data @ 0x3ffda82e len=4 RL=2
07:15:43.810 > PANG:1: CONNECTED FH=110580 MaxPL=53242 SESSION CLEAN
07:15:43.810 > AARD:1: ----> TX 12 bytes
07:15:43.810 > PANG:1: MQTT PUBLISH
07:15:43.810 > PANG:2:  Data @ 0x3ffdbf00 len=66 RL=64
07:15:43.810 > AARD:1: ----> TX 15 bytes
07:15:43.810 > AARD:1: <---- RX 3FFDDF86 len=5 PSH=1 stored=0 FH=110580
07:15:43.810 > PANG:1: MQTT SUBACK
07:15:43.810 > PANG:2:  Data @ 0x3ffddf86 len=5 RL=3
07:15:43.810 > AARD:1: ----> TX 20 bytes
07:15:43.810 > AARD:1: <---- RX 3FFDA32E len=5 PSH=1 stored=0 FH=110580
07:15:43.810 > PANG:1: MQTT SUBACK
07:15:43.810 > PANG:2:  Data @ 0x3ffda32e len=5 RL=3
07:15:43.810 > AARD:1: ----> TX 18 bytes
07:15:43.810 > AARD:1: <---- RX 3FFDC072 len=5 PSH=1 stored=0 FH=110580
07:15:43.810 > PANG:1: MQTT SUBACK
07:15:43.810 > PANG:2:  Data @ 0x3ffdc072 len=5 RL=3
07:15:43.810 > AARD:1: ----> TX 18 bytes
07:15:43.810 > AARD:1: <---- RX 3FFDC072 len=5 PSH=1 stored=0 FH=110580
07:15:43.810 > PANG:1: MQTT SUBACK
07:15:43.810 > PANG:2:  Data @ 0x3ffdc072 len=5 RL=3
07:15:43.810 > AARD:1: ----> TX 66 bytes
07:15:43.810 > AARD:1: <---- RX 3FFDA32E len=5 PSH=1 stored=0 FH=110580
07:15:43.810 > PANG:1: MQTT SUBACK
07:15:43.810 > PANG:2:  Data @ 0x3ffda32e len=5 RL=3
07:15:46.214 > Publishing 110580 to heap
07:15:46.245 > PANG:1: MQTT PUBLISH
07:15:46.249 > PANG:2:  Data @ 0x3ffda528 len=28 RL=26
07:15:46.253 > AARD:1: ----> TX 28 bytes
07:15:46.354 > Publishing 5506 to millis
07:15:46.355 > PANG:1: MQTT PUBLISH
07:15:46.359 > PANG:2:  Data @ 0x3ffd9e3c len=28 RL=26
07:15:46.362 > Heap: 110580
07:15:46.363 > PANG:1: MQTT PUBLISH
07:15:46.366 > PANG:2:  Data @ 0x3ffda9d8 len=32 RL=30
07:15:46.370 > PANG:1: MQTT PUBLISH
07:15:46.372 > PANG:2:  Data @ 0x3ffdbb78 len=38 RL=36
07:15:46.374 > AARD:1: ----> TX 28 bytes
07:15:46.376 > AARD:1: <---- RX 3FFDBCE6 len=4 PSH=1 stored=0 FH=110580
07:15:46.382 > PANG:1: MQTT PUBACK
07:15:46.383 > PANG:2:  Data @ 0x3ffdbce6 len=4 RL=2
07:15:46.387 > AARD:1: ----> TX 32 bytes
07:15:46.390 > AARD:1: <---- RX 3FFDB062 len=4 PSH=1 stored=0 FH=110580
07:15:46.396 > PANG:1: MQTT PUBACK
07:15:46.398 > PANG:2:  Data @ 0x3ffdb062 len=4 RL=2
07:15:46.794 > AARD:1: ----> TX 38 bytes
07:15:46.794 > AARD:1: TCP onDisconnect
07:15:46.801 > AARD:1: ON DISCONNECT FH=110580 r=0
07:15:46.804 > PANG:1: TCP CHOPPED US! 0
07:15:51.344 > Publishing 110580 to heap
07:15:51.354 > PANG:1: NOTIFY e=8 inf=0
07:15:51.370 > Publishing 10522 to millis
07:15:51.373 > PANG:1: NOTIFY e=8 inf=0
07:15:51.376 > Heap: 110580
07:15:51.377 > PANG:1: NOTIFY e=8 inf=0
07:15:51.379 > PANG:1: NOTIFY e=8 inf=0
07:15:56.350 > Publishing 110580 to heap
07:15:56.354 > PANG:1: NOTIFY e=8 inf=0
07:15:56.371 > Publishing 15523 to millis
07:15:56.374 > PANG:1: NOTIFY e=8 inf=0
07:15:56.376 > Heap: 110580
07:15:56.377 > PANG:1: NOTIFY e=8 inf=0
07:15:56.379 > PANG:1: NOTIFY e=8 inf=0
07:16:01.353 > Publishing 110580 to heap
07:16:01.354 > PANG:1: NOTIFY e=8 inf=0
07:16:01.372 > Publishing 20524 to millis
07:16:01.375 > PANG:1: NOTIFY e=8 inf=0
07:16:01.377 > Heap: 110580
07:16:01.378 > PANG:1: NOTIFY e=8 inf=0
07:16:01.380 > PANG:1: NOTIFY e=8 inf=0
07:16:06.344 > Publishing 110580 to heap
07:16:06.354 > PANG:1: NOTIFY e=8 inf=0
07:16:06.373 > Publishing 25525 to millis
07:16:06.376 > PANG:1: NOTIFY e=8 inf=0
07:16:06.378 > Heap: 110580
07:16:06.379 > PANG:1: NOTIFY e=8 inf=0
07:16:06.381 > PANG:1: NOTIFY e=8 inf=0
07:16:06.802 > AARD:1: CONNECTING to 192.168.1.34:1883 secure=0 FH=110580
07:16:06.812 > AARD:1: Connected Max packet size 51194 TCP_MSS=1436 SND_BUF=5744 TCP_WND=5744
07:16:06.820 > AARD:1: ----> TX 51 bytes
07:16:07.234 > AARD:1: <---- RX 3FFDB062 len=4 PSH=1 stored=0 FH=110580
07:16:07.234 > PANG:1: MQTT CONNACK
07:16:07.243 > PANG:2:  Data @ 0x3ffdb062 len=4 RL=2
07:16:07.246 > AARD:1: ----> TX 4 bytes
07:16:07.253 > PANG:1: CONNECTED FH=110580 MaxPL=53242 SESSION CLEAN
07:16:07.269 > PANG:1: MQTT PUBLISH
07:16:07.271 > PANG:2:  Data @ 0x3ffda344 len=66 RL=64
07:16:07.656 > AARD:1: ----> TX 4 bytes
07:16:07.660 > AARD:1: <---- RX 3FFDBB86 len=4 PSH=1 stored=0 FH=110580
07:16:07.665 > PANG:1: MQTT PUBCOMP
07:16:07.666 > PANG:2:  Data @ 0x3ffdbb86 len=4 RL=2
07:16:07.669 > AARD:1: ----> TX 12 bytes
07:16:07.672 > AARD:1: <---- RX 3FFD9D3E len=4 PSH=1 stored=0 FH=110580
07:16:07.677 > PANG:1: MQTT PUBCOMP
07:16:07.679 > PANG:2:  Data @ 0x3ffd9d3e len=4 RL=2
07:16:07.682 > AARD:1: ----> TX 15 bytes
07:16:07.684 > AARD:1: <---- RX 3FFDC096 len=5 PSH=1 stored=0 FH=110580
07:16:07.689 > PANG:1: MQTT SUBACK
07:16:07.691 > PANG:2:  Data @ 0x3ffdc096 len=5 RL=3
07:16:07.695 > AARD:1: ----> TX 20 bytes
07:16:07.697 > AARD:1: <---- RX 3FFD9D3E len=5 PSH=1 stored=0 FH=110580
07:16:07.702 > PANG:1: MQTT SUBACK
07:16:07.704 > PANG:2:  Data @ 0x3ffd9d3e len=5 RL=3
07:16:07.707 > AARD:1: ----> TX 18 bytes
07:16:07.710 > AARD:1: <---- RX 3FFD9D3E len=5 PSH=1 stored=0 FH=110580
07:16:07.714 > PANG:1: MQTT SUBACK
07:16:07.716 > PANG:2:  Data @ 0x3ffd9d3e len=5 RL=3
07:16:07.720 > AARD:1: ----> TX 18 bytes
07:16:07.722 > AARD:1: <---- RX 3FFD9E2E len=5 PSH=1 stored=0 FH=110580
07:16:07.727 > PANG:1: MQTT SUBACK
07:16:07.729 > PANG:2:  Data @ 0x3ffd9e2e len=5 RL=3
07:16:07.732 > AARD:1: ----> TX 66 bytes
07:16:07.734 > AARD:1: <---- RX 3FFDB062 len=5 PSH=1 stored=0 FH=110580
07:16:07.740 > PANG:1: MQTT SUBACK
07:16:07.742 > PANG:2:  Data @ 0x3ffdb062 len=5 RL=3
07:16:11.353 > Publishing 110580 to heap
07:16:11.356 > PANG:1: MQTT PUBLISH
07:16:11.358 > PANG:2:  Data @ 0x3ffbcb24 len=28 RL=26
07:16:11.360 > AARD:1: ----> TX 28 bytes
07:16:11.364 > AARD:1: <---- RX 3FFDA32E len=4 PSH=1 stored=0 FH=110580
07:16:11.365 > PANG:1: MQTT PUBACK
07:16:11.371 > PANG:2:  Data @ 0x3ffda32e len=4 RL=2
07:16:11.374 > Publishing 30526 to millis
07:16:11.377 > PANG:1: MQTT PUBLISH
07:16:11.379 > PANG:2:  Data @ 0x3ffdb19c len=29 RL=27
07:16:11.382 > AARD:1: ----> TX 29 bytes
07:16:11.383 > Heap: 110580
07:16:11.386 > PANG:1: MQTT PUBLISH
07:16:11.387 > PANG:2:  Data @ 0x3ffd4ae4 len=32 RL=30
07:16:11.391 > AARD:1: <---- RX 3FFDA32E len=4 PSH=1 stored=0 FH=110580
07:16:11.396 > PANG:1: MQTT PUBACK
07:16:11.398 > PANG:2:  Data @ 0x3ffda32e len=4 RL=2
07:16:11.401 > AARD:1: ----> TX 32 bytes
07:16:11.404 > PANG:1: MQTT PUBLISH
07:16:11.405 > PANG:2:  Data @ 0x3ffd9f78 len=38 RL=36
07:16:11.412 > AARD:1: ----> TX 38 bytes
07:16:11.415 > AARD:1: TCP onDisconnect
07:16:11.417 > AARD:1: ON DISCONNECT FH=110580 r=0
07:16:11.420 > PANG:1: TCP CHOPPED US! 0
07:16:16.354 > Publishing 110580 to heap
07:16:16.354 > PANG:1: NOTIFY e=8 inf=0
07:16:16.403 > Publishing 35555 to millis
07:16:16.406 > PANG:1: NOTIFY e=8 inf=0
07:16:16.408 > Heap: 110580
07:16:16.409 > PANG:1: NOTIFY e=8 inf=0
07:16:16.411 > PANG:1: NOTIFY e=8 inf=0
07:16:21.358 > Publishing 110580 to heap
07:16:21.361 > PANG:1: NOTIFY e=8 inf=0
07:16:21.404 > Publishing 40556 to millis
07:16:21.407 > PANG:1: NOTIFY e=8 inf=0
07:16:21.409 > Heap: 110580
07:16:21.410 > PANG:1: NOTIFY e=8 inf=0
07:16:21.412 > PANG:1: NOTIFY e=8 inf=0
07:16:26.358 > Publishing 110580 to heap
07:16:26.361 > PANG:1: NOTIFY e=8 inf=0
07:16:26.405 > Publishing 45557 to millis
07:16:26.408 > PANG:1: NOTIFY e=8 inf=0
07:16:26.410 > Heap: 110580
07:16:26.411 > PANG:1: NOTIFY e=8 inf=0
07:16:26.413 > PANG:1: NOTIFY e=8 inf=0
07:16:31.358 > Publishing 110580 to heap
07:16:31.361 > PANG:1: NOTIFY e=8 inf=0
07:16:31.406 > Publishing 50558 to millis
07:16:31.409 > PANG:1: NOTIFY e=8 inf=0
07:16:31.411 > Heap: 110580
07:16:31.412 > PANG:1: NOTIFY e=8 inf=0
07:16:31.414 > PANG:1: NOTIFY e=8 inf=0
07:16:31.418 > AARD:1: CONNECTING to 192.168.1.34:1883 secure=0 FH=110580
07:16:31.429 > AARD:1: Connected Max packet size 51194 TCP_MSS=1436 SND_BUF=5744 TCP_WND=5744
07:16:31.436 > AARD:1: ----> TX 51 bytes
07:16:31.439 > AARD:1: <---- RX 3FFDA32E len=4 PSH=1 stored=0 FH=110580
07:16:31.445 > PANG:1: MQTT CONNACK
07:16:31.447 > PANG:2:  Data @ 0x3ffda32e len=4 RL=2
07:16:31.450 > AARD:1: ----> TX 4 bytes
07:16:31.453 > PANG:1: CONNECTED FH=110580 MaxPL=53242 SESSION CLEAN
07:16:31.459 > PANG:1: MQTT PUBLISH
07:16:31.460 > PANG:2:  Data @ 0x3ffd4a40 len=66 RL=64
07:16:31.465 > AARD:1: ----> TX 4 bytes
07:16:31.467 > AARD:1: <---- RX 3FFD9D3E len=4 PSH=1 stored=0 FH=110580
07:16:31.471 > PANG:1: MQTT PUBCOMP
07:16:31.474 > PANG:2:  Data @ 0x3ffd9d3e len=4 RL=2
07:16:31.476 > AARD:1: ----> TX 12 bytes
07:16:31.480 > AARD:1: <---- RX 3FFD9E2E len=4 PSH=1 stored=0 FH=110580
07:16:31.485 > PANG:1: MQTT PUBCOMP
07:16:31.487 > PANG:2:  Data @ 0x3ffd9e2e len=4 RL=2
07:16:31.490 > AARD:1: ----> TX 15 bytes
07:16:31.493 > AARD:1: <---- RX 3FFB6EF6 len=5 PSH=1 stored=0 FH=110580
07:16:31.498 > PANG:1: MQTT SUBACK
07:16:31.499 > PANG:2:  Data @ 0x3ffb6ef6 len=5 RL=3
07:16:31.503 > AARD:1: ----> TX 20 bytes
07:16:31.504 > AARD:1: <---- RX 3FFB6EF6 len=5 PSH=1 stored=0 FH=110580
07:16:31.509 > PANG:1: MQTT SUBACK
07:16:31.511 > PANG:2:  Data @ 0x3ffb6ef6 len=5 RL=3
07:16:31.515 > AARD:1: ----> TX 18 bytes
07:16:31.517 > AARD:1: <---- RX 3FFDA32E len=5 PSH=1 stored=0 FH=110580
07:16:31.521 > PANG:1: MQTT SUBACK
07:16:31.523 > PANG:2:  Data @ 0x3ffda32e len=5 RL=3
07:16:31.527 > AARD:1: ----> TX 18 bytes
07:16:31.529 > AARD:1: <---- RX 3FFB6EAA len=5 PSH=1 stored=0 FH=110580
07:16:31.534 > PANG:1: MQTT SUBACK
07:16:31.535 > PANG:2:  Data @ 0x3ffb6eaa len=5 RL=3
07:16:31.539 > AARD:1: ----> TX 66 bytes
07:16:31.542 > AARD:1: <---- RX 3FFDA32E len=5 PSH=1 stored=0 FH=110580
07:16:31.546 > PANG:1: MQTT SUBACK
07:16:31.548 > PANG:2:  Data @ 0x3ffda32e len=5 RL=3
07:16:36.358 > Publishing 110580 to heap
07:16:36.361 > PANG:1: MQTT PUBLISH
07:16:36.363 > PANG:2:  Data @ 0x3ffbcb24 len=28 RL=26
07:16:36.366 > AARD:1: ----> TX 28 bytes
07:16:36.370 > AARD:1: <---- RX 3FFB6EAA len=4 PSH=1 stored=0 FH=110580
07:16:36.374 > PANG:1: MQTT PUBACK
07:16:36.376 > PANG:2:  Data @ 0x3ffb6eaa len=4 RL=2
07:16:36.407 > Publishing 55559 to millis
07:16:36.410 > PANG:1: MQTT PUBLISH
07:16:36.411 > PANG:2:  Data @ 0x3ffbcb48 len=29 RL=27
07:16:36.414 > AARD:1: ----> TX 29 bytes
07:16:36.418 > Heap: 110580
07:16:36.419 > PANG:1: MQTT PUBLISH
07:16:36.421 > PANG:2:  Data @ 0x3ffd9f78 len=32 RL=30
07:16:36.423 > PANG:1: MQTT PUBLISH
07:16:36.426 > PANG:2:  Data @ 0x3ffd4a40 len=38 RL=36
07:16:36.434 > AARD:1: ----> TX 32 bytes
07:16:36.438 > AARD:1: <---- RX 3FFB6EAA len=4 PSH=1 stored=0 FH=110580
07:16:36.443 > PANG:1: MQTT PUBACK
07:16:36.445 > PANG:2:  Data @ 0x3ffb6eaa len=4 RL=2
07:16:36.448 > AARD:1: ----> TX 38 bytes
07:16:36.451 > AARD:1: TCP onDisconnect
07:16:36.453 > AARD:1: ON DISCONNECT FH=110580 r=0
07:16:36.455 > PANG:1: TCP CHOPPED US! 0
07:16:41.363 > Publishing 110580 to heap
07:16:41.366 > PANG:1: NOTIFY e=8 inf=0
07:16:41.423 > Publishing 60575 to millis
07:16:41.426 > PANG:1: NOTIFY e=8 inf=0
07:16:41.428 > Heap: 110580
07:16:41.429 > PANG:1: NOTIFY e=8 inf=0
07:16:41.431 > PANG:1: NOTIFY e=8 inf=0
07:16:46.355 > Publishing 110580 to heap
07:16:46.364 > PANG:1: NOTIFY e=8 inf=0
07:16:46.424 > Publishing 65576 to millis
07:16:46.427 > PANG:1: NOTIFY e=8 inf=0
07:16:46.428 > Heap: 110580
07:16:46.429 > PANG:1: NOTIFY e=8 inf=0
07:16:46.431 > PANG:1: NOTIFY e=8 inf=0
07:16:51.354 > Publishing 110580 to heap
07:16:51.364 > PANG:1: NOTIFY e=8 inf=0
07:16:51.425 > Publishing 70577 to millis
07:16:51.428 > PANG:1: NOTIFY e=8 inf=0
07:16:51.429 > Heap: 110580
07:16:51.430 > PANG:1: NOTIFY e=8 inf=0
07:16:51.433 > PANG:1: NOTIFY e=8 inf=0
07:16:56.354 > Publishing 110580 to heap
07:16:56.364 > PANG:1: NOTIFY e=8 inf=0
07:16:56.425 > Publishing 75578 to millis
07:16:56.429 > PANG:1: NOTIFY e=8 inf=0
07:16:56.431 > Heap: 110580
07:16:56.432 > PANG:1: NOTIFY e=8 inf=0
07:16:56.435 > PANG:1: NOTIFY e=8 inf=0
07:16:56.450 > AARD:1: CONNECTING to 192.168.1.34:1883 secure=0 FH=110580
07:16:56.459 > AARD:1: Connected Max packet size 51194 TCP_MSS=1436 SND_BUF=5744 TCP_WND=5744
07:16:56.468 > AARD:1: ----> TX 51 bytes
07:16:56.484 > AARD:1: <---- RX 3FFD9F62 len=4 PSH=1 stored=0 FH=110580
07:16:56.490 > PANG:1: MQTT CONNACK
07:16:56.492 > PANG:2:  Data @ 0x3ffd9f62 len=4 RL=2
07:16:56.495 > AARD:1: ----> TX 4 bytes
07:16:56.498 > PANG:1: CONNECTED FH=110580 MaxPL=53242 SESSION CLEAN
07:16:56.504 > PANG:1: MQTT PUBLISH
07:16:56.506 > PANG:2:  Data @ 0x3ffd52b0 len=66 RL=64
07:16:56.519 > AARD:1: ----> TX 4 bytes
07:16:56.522 > AARD:1: <---- RX 3FFD9F62 len=4 PSH=1 stored=0 FH=110580
07:16:56.528 > PANG:1: MQTT PUBCOMP
07:16:56.530 > PANG:2:  Data @ 0x3ffd9f62 len=4 RL=2
07:16:56.533 > AARD:1: ----> TX 12 bytes
07:16:56.536 > AARD:1: <---- RX 3FFD9F62 len=4 PSH=1 stored=0 FH=110580
07:16:56.541 > PANG:1: MQTT PUBCOMP
07:16:56.542 > PANG:2:  Data @ 0x3ffd9f62 len=4 RL=2
07:16:56.546 > AARD:1: ----> TX 15 bytes
07:16:56.548 > AARD:1: <---- RX 3FFD9F62 len=5 PSH=1 stored=0 FH=110580
07:16:56.553 > PANG:1: MQTT SUBACK
07:16:56.554 > PANG:2:  Data @ 0x3ffd9f62 len=5 RL=3
07:16:56.557 > AARD:1: ----> TX 20 bytes
07:16:56.560 > AARD:1: <---- RX 3FFD9F62 len=5 PSH=1 stored=0 FH=110580
07:16:56.565 > PANG:1: MQTT SUBACK
07:16:56.567 > PANG:2:  Data @ 0x3ffd9f62 len=5 RL=3
07:16:56.570 > AARD:1: ----> TX 18 bytes
07:16:56.573 > AARD:1: <---- RX 3FFD9F62 len=5 PSH=1 stored=0 FH=110580
07:16:56.577 > PANG:1: MQTT SUBACK
07:16:56.579 > PANG:2:  Data @ 0x3ffd9f62 len=5 RL=3
07:16:56.583 > AARD:1: ----> TX 18 bytes
07:16:56.584 > AARD:1: <---- RX 3FFDA32E len=5 PSH=1 stored=0 FH=110580
07:16:56.589 > PANG:1: MQTT SUBACK
07:16:56.590 > PANG:2:  Data @ 0x3ffda32e len=5 RL=3
07:16:56.595 > AARD:1: ----> TX 66 bytes
07:16:56.597 > AARD:1: <---- RX 3FFD9F62 len=5 PSH=1 stored=0 FH=110580
07:16:56.602 > PANG:1: MQTT SUBACK
07:16:56.603 > PANG:2:  Data @ 0x3ffd9f62 len=5 RL=3
07:17:01.363 > Publishing 110580 to heap
07:17:01.366 > PANG:1: MQTT PUBLISH
07:17:01.367 > PANG:2:  Data @ 0x3ffb6e18 len=28 RL=26
07:17:01.371 > AARD:1: ----> TX 28 bytes
07:17:01.378 > AARD:1: <---- RX 3FFD9F62 len=4 PSH=1 stored=0 FH=110580
07:17:01.383 > PANG:1: MQTT PUBACK
07:17:01.384 > PANG:2:  Data @ 0x3ffd9f62 len=4 RL=2
07:17:01.427 > Publishing 80579 to millis
07:17:01.430 > PANG:1: MQTT PUBLISH
07:17:01.432 > PANG:2:  Data @ 0x3ffb6e1c len=29 RL=27
07:17:01.435 > AARD:1: ----> TX 29 bytes
07:17:01.437 > Heap: 110580
07:17:01.438 > PANG:1: MQTT PUBLISH
07:17:01.440 > PANG:2:  Data @ 0x3ffbcb24 len=32 RL=30
07:17:01.443 > PANG:1: MQTT PUBLISH
07:17:01.446 > AARD:1: ----> TX 32 bytes
07:17:01.448 > PANG:2:  Data @ 0x3ffbcb54 len=38 RL=36
07:17:01.452 > AARD:1: <---- RX 3FFD9F62 len=4 PSH=1 stored=0 FH=110580
07:17:01.456 > PANG:1: MQTT PUBACK
07:17:01.457 > PANG:2:  Data @ 0x3ffd9f62 len=4 RL=2
07:17:01.461 > AARD:1: ----> TX 38 bytes
07:17:01.463 > AARD:1: TCP onDisconnect
07:17:01.466 > AARD:1: ON DISCONNECT FH=110580 r=0
07:17:01.469 > PANG:1: TCP CHOPPED US! 0
07:17:06.368 > Publishing 110580 to heap
07:17:06.371 > PANG:1: NOTIFY e=8 inf=0
07:17:06.443 > Publishing 85596 to millis
07:17:06.446 > PANG:1: NOTIFY e=8 inf=0
07:17:06.448 > Heap: 110580
07:17:06.449 > PANG:1: NOTIFY e=8 inf=0
07:17:06.452 > PANG:1: NOTIFY e=8 inf=0
